0:0:0:0:0:0:0:1 - - [09/Feb/2022:00:17:40 +0100] "GET /groupageregional/liste HTTP/1.1" 200 23949
0:0:0:0:0:0:0:1 - - [09/Feb/2022:00:17:40 +0100] "GET /css/plugins/morris/morris.css HTTP/1.1" 404 28104
0:0:0:0:0:0:0:1 - - [09/Feb/2022:00:17:40 +0100] "GET /css/plugins/jvectormap/jquery-jvectormap-2.0.2.css HTTP/1.1" 404 28104
0:0:0:0:0:0:0:1 - - [09/Feb/2022:00:17:40 +0100] "GET /css/plugins/chartist/css/chartist.min.css HTTP/1.1" 404 28104
0:0:0:0:0:0:0:1 - - [09/Feb/2022:00:17:40 +0100] "GET /css/plugins/datatables/dataTables.bootstrap4.min.css HTTP/1.1" 404 28104
0:0:0:0:0:0:0:1 - - [09/Feb/2022:00:17:40 +0100] "GET /css/style.css HTTP/1.1" 200 86136
0:0:0:0:0:0:0:1 - - [09/Feb/2022:00:17:40 +0100] "GET /css/bootstrap.min.css HTTP/1.1" 200 155759
0:0:0:0:0:0:0:1 - - [09/Feb/2022:00:17:40 +0100] "GET /css/icons.css HTTP/1.1" 200 252644
0:0:0:0:0:0:0:1 - - [09/Feb/2022:00:17:40 +0100] "GET /js/jquery.min.js HTTP/1.1" 200 86927
0:0:0:0:0:0:0:1 - - [09/Feb/2022:00:17:40 +0100] "GET /js/bootstrap.bundle.min.js HTTP/1.1" 200 78635
0:0:0:0:0:0:0:1 - - [09/Feb/2022:00:17:40 +0100] "GET /js/waves.min.js HTTP/1.1" 200 6329
0:0:0:0:0:0:0:1 - - [09/Feb/2022:00:17:40 +0100] "GET /js/jquery.slimscroll.min.js HTTP/1.1" 200 4724
0:0:0:0:0:0:0:1 - - [09/Feb/2022:00:17:40 +0100] "GET /plugins/datatables/dataTables.bootstrap4.min.js HTTP/1.1" 200 2085
0:0:0:0:0:0:0:1 - - [09/Feb/2022:00:17:40 +0100] "GET /plugins/datatables/jquery.dataTables.min.js HTTP/1.1" 200 82411
0:0:0:0:0:0:0:1 - - [09/Feb/2022:00:17:40 +0100] "GET /plugins/datatables/dataTables.buttons.min.js HTTP/1.1" 200 18259
0:0:0:0:0:0:0:1 - - [09/Feb/2022:00:17:40 +0100] "GET /plugins/datatables/buttons.bootstrap4.min.js HTTP/1.1" 200 896
0:0:0:0:0:0:0:1 - - [09/Feb/2022:00:17:40 +0100] "GET /plugins/datatables/jszip.min.js HTTP/1.1" 200 102328
0:0:0:0:0:0:0:1 - - [09/Feb/2022:00:17:40 +0100] "GET /plugins/datatables/buttons.html5.min.js HTTP/1.1" 200 24009
0:0:0:0:0:0:0:1 - - [09/Feb/2022:00:17:40 +0100] "GET /plugins/datatables/buttons.print.min.js HTTP/1.1" 200 2087
0:0:0:0:0:0:0:1 - - [09/Feb/2022:00:17:40 +0100] "GET /plugins/datatables/buttons.colVis.min.js HTTP/1.1" 200 2763
0:0:0:0:0:0:0:1 - - [09/Feb/2022:00:17:40 +0100] "GET /plugins/datatables/pdfmake.min.js HTTP/1.1" 200 974460
0:0:0:0:0:0:0:1 - - [09/Feb/2022:00:17:40 +0100] "GET /plugins/datatables/vfs_fonts.js HTTP/1.1" 200 870289
0:0:0:0:0:0:0:1 - - [09/Feb/2022:00:17:40 +0100] "GET /plugins/datatables/responsive.bootstrap4.min.js HTTP/1.1" 200 1183
0:0:0:0:0:0:0:1 - - [09/Feb/2022:00:17:40 +0100] "GET /pages/jquery.table-datatable.js HTTP/1.1" 200 513
0:0:0:0:0:0:0:1 - - [09/Feb/2022:00:17:40 +0100] "GET /js/app.js HTTP/1.1" 200 3855
0:0:0:0:0:0:0:1 - - [09/Feb/2022:00:17:40 +0100] "GET /plugins/datatables/dataTables.responsive.min.js HTTP/1.1" 200 11056
0:0:0:0:0:0:0:1 - - [09/Feb/2022:00:17:40 +0100] "GET /images/logo-sm.png HTTP/1.1" 200 4992
0:0:0:0:0:0:0:1 - - [09/Feb/2022:00:17:40 +0100] "GET /images/logo.png HTTP/1.1" 200 4190
0:0:0:0:0:0:0:1 - - [09/Feb/2022:00:17:40 +0100] "GET /images/users/user-1.jpg HTTP/1.1" 200 2557
0:0:0:0:0:0:0:1 - - [09/Feb/2022:00:17:40 +0100] "GET /groupageregional/piechart HTTP/1.1" 200 25575
0:0:0:0:0:0:0:1 - - [09/Feb/2022:00:17:40 +0100] "GET /groupageregional/barchart HTTP/1.1" 200 42390
0:0:0:0:0:0:0:1 - - [09/Feb/2022:00:17:40 +0100] "GET /fonts/materialdesignicons-webfont.woff2?v=2.5.94 HTTP/1.1" 200 109248
0:0:0:0:0:0:0:1 - - [09/Feb/2022:00:17:40 +0100] "GET /fonts/dripicons-v2.woff HTTP/1.1" 200 26004
0:0:0:0:0:0:0:1 - - [09/Feb/2022:00:17:41 +0100] "GET /groupageregional/barchart2 HTTP/1.1" 200 42663
0:0:0:0:0:0:0:1 - - [09/Feb/2022:00:17:41 +0100] "GET /groupageregional/piechart2 HTTP/1.1" 200 25465
0:0:0:0:0:0:0:1 - - [09/Feb/2022:00:17:41 +0100] "GET /fonts/fa-solid-900.woff2 HTTP/1.1" 200 79072
0:0:0:0:0:0:0:1 - - [09/Feb/2022:00:17:45 +0100] "POST /groupageregional/liste HTTP/1.1" 200 24224
0:0:0:0:0:0:0:1 - - [09/Feb/2022:00:17:45 +0100] "GET /css/plugins/chartist/css/chartist.min.css HTTP/1.1" 404 28104
0:0:0:0:0:0:0:1 - - [09/Feb/2022:00:17:45 +0100] "GET /css/plugins/morris/morris.css HTTP/1.1" 404 28104
0:0:0:0:0:0:0:1 - - [09/Feb/2022:00:17:45 +0100] "GET /css/bootstrap.min.css HTTP/1.1" 200 155759
0:0:0:0:0:0:0:1 - - [09/Feb/2022:00:17:45 +0100] "GET /css/plugins/jvectormap/jquery-jvectormap-2.0.2.css HTTP/1.1" 404 28104
0:0:0:0:0:0:0:1 - - [09/Feb/2022:00:17:45 +0100] "GET /css/plugins/datatables/dataTables.bootstrap4.min.css HTTP/1.1" 404 28104
0:0:0:0:0:0:0:1 - - [09/Feb/2022:00:17:45 +0100] "GET /css/icons.css HTTP/1.1" 200 252644
0:0:0:0:0:0:0:1 - - [09/Feb/2022:00:17:45 +0100] "GET /css/style.css HTTP/1.1" 200 86136
0:0:0:0:0:0:0:1 - - [09/Feb/2022:00:17:45 +0100] "GET /js/jquery.min.js HTTP/1.1" 200 86927
0:0:0:0:0:0:0:1 - - [09/Feb/2022:00:17:45 +0100] "GET /js/waves.min.js HTTP/1.1" 200 6329
0:0:0:0:0:0:0:1 - - [09/Feb/2022:00:17:45 +0100] "GET /js/bootstrap.bundle.min.js HTTP/1.1" 200 78635
0:0:0:0:0:0:0:1 - - [09/Feb/2022:00:17:45 +0100] "GET /js/jquery.slimscroll.min.js HTTP/1.1" 200 4724
0:0:0:0:0:0:0:1 - - [09/Feb/2022:00:17:45 +0100] "GET /plugins/datatables/jquery.dataTables.min.js HTTP/1.1" 200 82411
0:0:0:0:0:0:0:1 - - [09/Feb/2022:00:17:45 +0100] "GET /plugins/datatables/dataTables.bootstrap4.min.js HTTP/1.1" 200 2085
0:0:0:0:0:0:0:1 - - [09/Feb/2022:00:17:45 +0100] "GET /plugins/datatables/dataTables.buttons.min.js HTTP/1.1" 200 18259
0:0:0:0:0:0:0:1 - - [09/Feb/2022:00:17:45 +0100] "GET /plugins/datatables/buttons.bootstrap4.min.js HTTP/1.1" 200 896
0:0:0:0:0:0:0:1 - - [09/Feb/2022:00:17:45 +0100] "GET /plugins/datatables/jszip.min.js HTTP/1.1" 200 102328
0:0:0:0:0:0:0:1 - - [09/Feb/2022:00:17:45 +0100] "GET /plugins/datatables/buttons.html5.min.js HTTP/1.1" 200 24009
0:0:0:0:0:0:0:1 - - [09/Feb/2022:00:17:45 +0100] "GET /plugins/datatables/vfs_fonts.js HTTP/1.1" 200 870289
0:0:0:0:0:0:0:1 - - [09/Feb/2022:00:17:45 +0100] "GET /plugins/datatables/buttons.print.min.js HTTP/1.1" 200 2087
0:0:0:0:0:0:0:1 - - [09/Feb/2022:00:17:45 +0100] "GET /plugins/datatables/pdfmake.min.js HTTP/1.1" 200 974460
0:0:0:0:0:0:0:1 - - [09/Feb/2022:00:17:45 +0100] "GET /plugins/datatables/buttons.colVis.min.js HTTP/1.1" 200 2763
0:0:0:0:0:0:0:1 - - [09/Feb/2022:00:17:45 +0100] "GET /plugins/datatables/dataTables.responsive.min.js HTTP/1.1" 200 11056
0:0:0:0:0:0:0:1 - - [09/Feb/2022:00:17:45 +0100] "GET /plugins/datatables/responsive.bootstrap4.min.js HTTP/1.1" 200 1183
0:0:0:0:0:0:0:1 - - [09/Feb/2022:00:17:45 +0100] "GET /js/app.js HTTP/1.1" 200 3855
0:0:0:0:0:0:0:1 - - [09/Feb/2022:00:17:45 +0100] "GET /pages/jquery.table-datatable.js HTTP/1.1" 200 513
0:0:0:0:0:0:0:1 - - [09/Feb/2022:00:17:45 +0100] "GET /images/logo-sm.png HTTP/1.1" 200 4992
0:0:0:0:0:0:0:1 - - [09/Feb/2022:00:17:45 +0100] "GET /images/users/user-1.jpg HTTP/1.1" 200 2557
0:0:0:0:0:0:0:1 - - [09/Feb/2022:00:17:45 +0100] "GET /images/logo.png HTTP/1.1" 200 4190
0:0:0:0:0:0:0:1 - - [09/Feb/2022:00:17:45 +0100] "GET /fonts/materialdesignicons-webfont.woff2?v=2.5.94 HTTP/1.1" 200 109248
0:0:0:0:0:0:0:1 - - [09/Feb/2022:00:17:45 +0100] "GET /fonts/dripicons-v2.woff HTTP/1.1" 200 26004
0:0:0:0:0:0:0:1 - - [09/Feb/2022:00:17:45 +0100] "GET /groupageregional/piechart2 HTTP/1.1" 200 36170
0:0:0:0:0:0:0:1 - - [09/Feb/2022:00:17:45 +0100] "GET /groupageregional/barchart HTTP/1.1" 200 47108
0:0:0:0:0:0:0:1 - - [09/Feb/2022:00:17:45 +0100] "GET /groupageregional/piechart HTTP/1.1" 200 36303
0:0:0:0:0:0:0:1 - - [09/Feb/2022:00:17:45 +0100] "GET /groupageregional/barchart2 HTTP/1.1" 200 41651
0:0:0:0:0:0:0:1 - - [09/Feb/2022:00:17:45 +0100] "GET /fonts/fa-solid-900.woff2 HTTP/1.1" 200 79072
0:0:0:0:0:0:0:1 - - [09/Feb/2022:00:18:00 +0100] "POST /groupageregional/liste HTTP/1.1" 200 26898
0:0:0:0:0:0:0:1 - - [09/Feb/2022:00:18:00 +0100] "GET /css/bootstrap.min.css HTTP/1.1" 200 155759
0:0:0:0:0:0:0:1 - - [09/Feb/2022:00:18:00 +0100] "GET /css/icons.css HTTP/1.1" 200 252644
0:0:0:0:0:0:0:1 - - [09/Feb/2022:00:18:00 +0100] "GET /css/plugins/morris/morris.css HTTP/1.1" 404 28104
0:0:0:0:0:0:0:1 - - [09/Feb/2022:00:18:00 +0100] "GET /css/plugins/chartist/css/chartist.min.css HTTP/1.1" 404 28104
0:0:0:0:0:0:0:1 - - [09/Feb/2022:00:18:00 +0100] "GET /css/plugins/jvectormap/jquery-jvectormap-2.0.2.css HTTP/1.1" 404 28104
0:0:0:0:0:0:0:1 - - [09/Feb/2022:00:18:00 +0100] "GET /css/plugins/datatables/dataTables.bootstrap4.min.css HTTP/1.1" 404 28104
0:0:0:0:0:0:0:1 - - [09/Feb/2022:00:18:00 +0100] "GET /css/style.css HTTP/1.1" 200 86136
0:0:0:0:0:0:0:1 - - [09/Feb/2022:00:18:00 +0100] "GET /js/waves.min.js HTTP/1.1" 200 6329
0:0:0:0:0:0:0:1 - - [09/Feb/2022:00:18:00 +0100] "GET /js/jquery.min.js HTTP/1.1" 200 86927
0:0:0:0:0:0:0:1 - - [09/Feb/2022:00:18:00 +0100] "GET /js/bootstrap.bundle.min.js HTTP/1.1" 200 78635
0:0:0:0:0:0:0:1 - - [09/Feb/2022:00:18:00 +0100] "GET /js/jquery.slimscroll.min.js HTTP/1.1" 200 4724
0:0:0:0:0:0:0:1 - - [09/Feb/2022:00:18:00 +0100] "GET /plugins/datatables/dataTables.bootstrap4.min.js HTTP/1.1" 200 2085
0:0:0:0:0:0:0:1 - - [09/Feb/2022:00:18:00 +0100] "GET /plugins/datatables/jquery.dataTables.min.js HTTP/1.1" 200 82411
0:0:0:0:0:0:0:1 - - [09/Feb/2022:00:18:00 +0100] "GET /plugins/datatables/jszip.min.js HTTP/1.1" 200 102328
0:0:0:0:0:0:0:1 - - [09/Feb/2022:00:18:00 +0100] "GET /plugins/datatables/buttons.bootstrap4.min.js HTTP/1.1" 200 896
0:0:0:0:0:0:0:1 - - [09/Feb/2022:00:18:00 +0100] "GET /plugins/datatables/dataTables.buttons.min.js HTTP/1.1" 200 18259
0:0:0:0:0:0:0:1 - - [09/Feb/2022:00:18:00 +0100] "GET /plugins/datatables/buttons.html5.min.js HTTP/1.1" 200 24009
0:0:0:0:0:0:0:1 - - [09/Feb/2022:00:18:00 +0100] "GET /plugins/datatables/pdfmake.min.js HTTP/1.1" 200 974460
0:0:0:0:0:0:0:1 - - [09/Feb/2022:00:18:00 +0100] "GET /plugins/datatables/vfs_fonts.js HTTP/1.1" 200 870289
0:0:0:0:0:0:0:1 - - [09/Feb/2022:00:18:00 +0100] "GET /plugins/datatables/buttons.print.min.js HTTP/1.1" 200 2087
0:0:0:0:0:0:0:1 - - [09/Feb/2022:00:18:00 +0100] "GET /plugins/datatables/buttons.colVis.min.js HTTP/1.1" 200 2763
0:0:0:0:0:0:0:1 - - [09/Feb/2022:00:18:00 +0100] "GET /plugins/datatables/responsive.bootstrap4.min.js HTTP/1.1" 200 1183
0:0:0:0:0:0:0:1 - - [09/Feb/2022:00:18:00 +0100] "GET /plugins/datatables/dataTables.responsive.min.js HTTP/1.1" 200 11056
0:0:0:0:0:0:0:1 - - [09/Feb/2022:00:18:00 +0100] "GET /pages/jquery.table-datatable.js HTTP/1.1" 200 513
0:0:0:0:0:0:0:1 - - [09/Feb/2022:00:18:00 +0100] "GET /js/app.js HTTP/1.1" 200 3855
0:0:0:0:0:0:0:1 - - [09/Feb/2022:00:18:00 +0100] "GET /images/logo-sm.png HTTP/1.1" 200 4992
0:0:0:0:0:0:0:1 - - [09/Feb/2022:00:18:00 +0100] "GET /images/logo.png HTTP/1.1" 200 4190
0:0:0:0:0:0:0:1 - - [09/Feb/2022:00:18:00 +0100] "GET /images/users/user-1.jpg HTTP/1.1" 200 2557
0:0:0:0:0:0:0:1 - - [09/Feb/2022:00:18:00 +0100] "GET /groupageregional/barchart HTTP/1.1" 200 56051
0:0:0:0:0:0:0:1 - - [09/Feb/2022:00:18:00 +0100] "GET /groupageregional/piechart2 HTTP/1.1" 200 61206
0:0:0:0:0:0:0:1 - - [09/Feb/2022:00:18:00 +0100] "GET /groupageregional/barchart2 HTTP/1.1" 200 56416
0:0:0:0:0:0:0:1 - - [09/Feb/2022:00:18:00 +0100] "GET /groupageregional/piechart HTTP/1.1" 200 59450
0:0:0:0:0:0:0:1 - - [09/Feb/2022:00:18:00 +0100] "GET /fonts/materialdesignicons-webfont.woff2?v=2.5.94 HTTP/1.1" 200 109248
0:0:0:0:0:0:0:1 - - [09/Feb/2022:00:18:00 +0100] "GET /fonts/dripicons-v2.woff HTTP/1.1" 200 26004
0:0:0:0:0:0:0:1 - - [09/Feb/2022:00:18:00 +0100] "GET /fonts/fa-solid-900.woff2 HTTP/1.1" 200 79072
0:0:0:0:0:0:0:1 - - [09/Feb/2022:00:18:06 +0100] "GET /statistiques/national HTTP/1.1" 404 306
0:0:0:0:0:0:0:1 - - [09/Feb/2022:00:18:09 +0100] "GET /statistiques/national HTTP/1.1" 404 306
0:0:0:0:0:0:0:1 - - [09/Feb/2022:00:18:12 +0100] "GET /css/bootstrap.min.css HTTP/1.1" 200 155759
0:0:0:0:0:0:0:1 - - [09/Feb/2022:00:18:12 +0100] "GET /css/plugins/morris/morris.css HTTP/1.1" 404 28104
0:0:0:0:0:0:0:1 - - [09/Feb/2022:00:18:12 +0100] "GET /css/plugins/chartist/css/chartist.min.css HTTP/1.1" 404 28104
0:0:0:0:0:0:0:1 - - [09/Feb/2022:00:18:12 +0100] "GET /css/plugins/datatables/dataTables.bootstrap4.min.css HTTP/1.1" 404 28104
0:0:0:0:0:0:0:1 - - [09/Feb/2022:00:18:12 +0100] "GET /css/plugins/jvectormap/jquery-jvectormap-2.0.2.css HTTP/1.1" 404 28104
0:0:0:0:0:0:0:1 - - [09/Feb/2022:00:18:12 +0100] "GET /css/icons.css HTTP/1.1" 200 252644
0:0:0:0:0:0:0:1 - - [09/Feb/2022:00:18:12 +0100] "GET /css/style.css HTTP/1.1" 200 86136
0:0:0:0:0:0:0:1 - - [09/Feb/2022:00:18:12 +0100] "GET /groupageregional/liste HTTP/1.1" 200 23949
0:0:0:0:0:0:0:1 - - [09/Feb/2022:00:18:12 +0100] "GET /images/users/user-1.jpg HTTP/1.1" 200 2557
0:0:0:0:0:0:0:1 - - [09/Feb/2022:00:18:12 +0100] "GET /images/logo.png HTTP/1.1" 200 4190
0:0:0:0:0:0:0:1 - - [09/Feb/2022:00:18:12 +0100] "GET /images/logo-sm.png HTTP/1.1" 200 4992
0:0:0:0:0:0:0:1 - - [09/Feb/2022:00:18:12 +0100] "GET /js/jquery.min.js HTTP/1.1" 200 86927
0:0:0:0:0:0:0:1 - - [09/Feb/2022:00:18:12 +0100] "GET /js/bootstrap.bundle.min.js HTTP/1.1" 200 78635
0:0:0:0:0:0:0:1 - - [09/Feb/2022:00:18:12 +0100] "GET /js/jquery.slimscroll.min.js HTTP/1.1" 200 4724
0:0:0:0:0:0:0:1 - - [09/Feb/2022:00:18:12 +0100] "GET /js/waves.min.js HTTP/1.1" 200 6329
0:0:0:0:0:0:0:1 - - [09/Feb/2022:00:18:12 +0100] "GET /plugins/datatables/dataTables.bootstrap4.min.js HTTP/1.1" 200 2085
0:0:0:0:0:0:0:1 - - [09/Feb/2022:00:18:12 +0100] "GET /plugins/datatables/jquery.dataTables.min.js HTTP/1.1" 200 82411
0:0:0:0:0:0:0:1 - - [09/Feb/2022:00:18:12 +0100] "GET /plugins/datatables/buttons.bootstrap4.min.js HTTP/1.1" 200 896
0:0:0:0:0:0:0:1 - - [09/Feb/2022:00:18:12 +0100] "GET /plugins/datatables/dataTables.buttons.min.js HTTP/1.1" 200 18259
0:0:0:0:0:0:0:1 - - [09/Feb/2022:00:18:12 +0100] "GET /plugins/datatables/jszip.min.js HTTP/1.1" 200 102328
0:0:0:0:0:0:0:1 - - [09/Feb/2022:00:18:12 +0100] "GET /plugins/datatables/vfs_fonts.js HTTP/1.1" 200 870289
0:0:0:0:0:0:0:1 - - [09/Feb/2022:00:18:12 +0100] "GET /plugins/datatables/buttons.print.min.js HTTP/1.1" 200 2087
0:0:0:0:0:0:0:1 - - [09/Feb/2022:00:18:12 +0100] "GET /plugins/datatables/buttons.colVis.min.js HTTP/1.1" 200 2763
0:0:0:0:0:0:0:1 - - [09/Feb/2022:00:18:12 +0100] "GET /plugins/datatables/dataTables.responsive.min.js HTTP/1.1" 200 11056
0:0:0:0:0:0:0:1 - - [09/Feb/2022:00:18:12 +0100] "GET /plugins/datatables/responsive.bootstrap4.min.js HTTP/1.1" 200 1183
0:0:0:0:0:0:0:1 - - [09/Feb/2022:00:18:12 +0100] "GET /pages/jquery.table-datatable.js HTTP/1.1" 200 513
0:0:0:0:0:0:0:1 - - [09/Feb/2022:00:18:12 +0100] "GET /js/app.js HTTP/1.1" 200 3855
0:0:0:0:0:0:0:1 - - [09/Feb/2022:00:18:12 +0100] "GET /plugins/datatables/pdfmake.min.js HTTP/1.1" 200 974460
0:0:0:0:0:0:0:1 - - [09/Feb/2022:00:18:12 +0100] "GET /plugins/datatables/buttons.html5.min.js HTTP/1.1" 200 24009
0:0:0:0:0:0:0:1 - - [09/Feb/2022:00:18:12 +0100] "GET /groupageregional/piechart HTTP/1.1" 200 25575
0:0:0:0:0:0:0:1 - - [09/Feb/2022:00:18:12 +0100] "GET /groupageregional/piechart2 HTTP/1.1" 200 25465
0:0:0:0:0:0:0:1 - - [09/Feb/2022:00:18:12 +0100] "GET /groupageregional/barchart2 HTTP/1.1" 200 42663
0:0:0:0:0:0:0:1 - - [09/Feb/2022:00:18:12 +0100] "GET /groupageregional/barchart HTTP/1.1" 200 42390
0:0:0:0:0:0:0:1 - - [09/Feb/2022:00:18:13 +0100] "GET /fonts/dripicons-v2.woff HTTP/1.1" 200 26004
0:0:0:0:0:0:0:1 - - [09/Feb/2022:00:18:13 +0100] "GET /fonts/fa-solid-900.woff2 HTTP/1.1" 200 79072
0:0:0:0:0:0:0:1 - - [09/Feb/2022:00:18:13 +0100] "GET /fonts/materialdesignicons-webfont.woff2?v=2.5.94 HTTP/1.1" 200 109248
0:0:0:0:0:0:0:1 - - [09/Feb/2022:00:18:19 +0100] "POST /groupageregional/liste HTTP/1.1" 200 23949
0:0:0:0:0:0:0:1 - - [09/Feb/2022:00:18:19 +0100] "GET /css/bootstrap.min.css HTTP/1.1" 200 155759
0:0:0:0:0:0:0:1 - - [09/Feb/2022:00:18:19 +0100] "GET /css/icons.css HTTP/1.1" 200 252644
0:0:0:0:0:0:0:1 - - [09/Feb/2022:00:18:19 +0100] "GET /css/plugins/jvectormap/jquery-jvectormap-2.0.2.css HTTP/1.1" 404 28104
0:0:0:0:0:0:0:1 - - [09/Feb/2022:00:18:19 +0100] "GET /css/plugins/chartist/css/chartist.min.css HTTP/1.1" 404 28104
0:0:0:0:0:0:0:1 - - [09/Feb/2022:00:18:19 +0100] "GET /css/plugins/morris/morris.css HTTP/1.1" 404 28104
0:0:0:0:0:0:0:1 - - [09/Feb/2022:00:18:19 +0100] "GET /js/jquery.min.js HTTP/1.1" 200 86927
0:0:0:0:0:0:0:1 - - [09/Feb/2022:00:18:19 +0100] "GET /css/plugins/datatables/dataTables.bootstrap4.min.css HTTP/1.1" 404 28104
0:0:0:0:0:0:0:1 - - [09/Feb/2022:00:18:19 +0100] "GET /css/style.css HTTP/1.1" 200 86136
0:0:0:0:0:0:0:1 - - [09/Feb/2022:00:18:19 +0100] "GET /js/jquery.slimscroll.min.js HTTP/1.1" 200 4724
0:0:0:0:0:0:0:1 - - [09/Feb/2022:00:18:19 +0100] "GET /js/waves.min.js HTTP/1.1" 200 6329
0:0:0:0:0:0:0:1 - - [09/Feb/2022:00:18:19 +0100] "GET /js/bootstrap.bundle.min.js HTTP/1.1" 200 78635
0:0:0:0:0:0:0:1 - - [09/Feb/2022:00:18:19 +0100] "GET /plugins/datatables/jquery.dataTables.min.js HTTP/1.1" 200 82411
0:0:0:0:0:0:0:1 - - [09/Feb/2022:00:18:19 +0100] "GET /plugins/datatables/dataTables.buttons.min.js HTTP/1.1" 200 18259
0:0:0:0:0:0:0:1 - - [09/Feb/2022:00:18:19 +0100] "GET /plugins/datatables/dataTables.bootstrap4.min.js HTTP/1.1" 200 2085
0:0:0:0:0:0:0:1 - - [09/Feb/2022:00:18:19 +0100] "GET /plugins/datatables/buttons.bootstrap4.min.js HTTP/1.1" 200 896
0:0:0:0:0:0:0:1 - - [09/Feb/2022:00:18:19 +0100] "GET /plugins/datatables/jszip.min.js HTTP/1.1" 200 102328
0:0:0:0:0:0:0:1 - - [09/Feb/2022:00:18:19 +0100] "GET /plugins/datatables/pdfmake.min.js HTTP/1.1" 200 974460
0:0:0:0:0:0:0:1 - - [09/Feb/2022:00:18:19 +0100] "GET /plugins/datatables/buttons.html5.min.js HTTP/1.1" 200 24009
0:0:0:0:0:0:0:1 - - [09/Feb/2022:00:18:19 +0100] "GET /plugins/datatables/buttons.print.min.js HTTP/1.1" 200 2087
0:0:0:0:0:0:0:1 - - [09/Feb/2022:00:18:19 +0100] "GET /plugins/datatables/vfs_fonts.js HTTP/1.1" 200 870289
0:0:0:0:0:0:0:1 - - [09/Feb/2022:00:18:19 +0100] "GET /plugins/datatables/buttons.colVis.min.js HTTP/1.1" 200 2763
0:0:0:0:0:0:0:1 - - [09/Feb/2022:00:18:19 +0100] "GET /plugins/datatables/dataTables.responsive.min.js HTTP/1.1" 200 11056
0:0:0:0:0:0:0:1 - - [09/Feb/2022:00:18:19 +0100] "GET /plugins/datatables/responsive.bootstrap4.min.js HTTP/1.1" 200 1183
0:0:0:0:0:0:0:1 - - [09/Feb/2022:00:18:19 +0100] "GET /pages/jquery.table-datatable.js HTTP/1.1" 200 513
0:0:0:0:0:0:0:1 - - [09/Feb/2022:00:18:19 +0100] "GET /js/app.js HTTP/1.1" 200 3855
0:0:0:0:0:0:0:1 - - [09/Feb/2022:00:18:19 +0100] "GET /images/logo-sm.png HTTP/1.1" 200 4992
0:0:0:0:0:0:0:1 - - [09/Feb/2022:00:18:19 +0100] "GET /images/logo.png HTTP/1.1" 200 4190
0:0:0:0:0:0:0:1 - - [09/Feb/2022:00:18:19 +0100] "GET /images/users/user-1.jpg HTTP/1.1" 200 2557
0:0:0:0:0:0:0:1 - - [09/Feb/2022:00:18:19 +0100] "GET /groupageregional/piechart HTTP/1.1" 200 25575
0:0:0:0:0:0:0:1 - - [09/Feb/2022:00:18:19 +0100] "GET /groupageregional/barchart2 HTTP/1.1" 200 42663
0:0:0:0:0:0:0:1 - - [09/Feb/2022:00:18:19 +0100] "GET /groupageregional/barchart HTTP/1.1" 200 42390
0:0:0:0:0:0:0:1 - - [09/Feb/2022:00:18:19 +0100] "GET /groupageregional/piechart2 HTTP/1.1" 200 25465
0:0:0:0:0:0:0:1 - - [09/Feb/2022:00:18:19 +0100] "GET /fonts/materialdesignicons-webfont.woff2?v=2.5.94 HTTP/1.1" 200 109248
0:0:0:0:0:0:0:1 - - [09/Feb/2022:00:18:19 +0100] "GET /fonts/dripicons-v2.woff HTTP/1.1" 200 26004
0:0:0:0:0:0:0:1 - - [09/Feb/2022:00:18:19 +0100] "GET /fonts/fa-solid-900.woff2 HTTP/1.1" 200 79072
0:0:0:0:0:0:0:1 - - [09/Feb/2022:00:18:22 +0100] "POST /groupageregional/liste HTTP/1.1" 200 24224
0:0:0:0:0:0:0:1 - - [09/Feb/2022:00:18:22 +0100] "GET /css/bootstrap.min.css HTTP/1.1" 200 155759
0:0:0:0:0:0:0:1 - - [09/Feb/2022:00:18:22 +0100] "GET /css/icons.css HTTP/1.1" 200 252644
0:0:0:0:0:0:0:1 - - [09/Feb/2022:00:18:22 +0100] "GET /css/plugins/morris/morris.css HTTP/1.1" 404 28104
0:0:0:0:0:0:0:1 - - [09/Feb/2022:00:18:22 +0100] "GET /css/plugins/jvectormap/jquery-jvectormap-2.0.2.css HTTP/1.1" 404 28104
0:0:0:0:0:0:0:1 - - [09/Feb/2022:00:18:22 +0100] "GET /css/plugins/datatables/dataTables.bootstrap4.min.css HTTP/1.1" 404 28104
0:0:0:0:0:0:0:1 - - [09/Feb/2022:00:18:22 +0100] "GET /css/plugins/chartist/css/chartist.min.css HTTP/1.1" 404 28104
0:0:0:0:0:0:0:1 - - [09/Feb/2022:00:18:22 +0100] "GET /css/style.css HTTP/1.1" 200 86136
0:0:0:0:0:0:0:1 - - [09/Feb/2022:00:18:22 +0100] "GET /js/jquery.slimscroll.min.js HTTP/1.1" 200 4724
0:0:0:0:0:0:0:1 - - [09/Feb/2022:00:18:22 +0100] "GET /js/bootstrap.bundle.min.js HTTP/1.1" 200 78635
0:0:0:0:0:0:0:1 - - [09/Feb/2022:00:18:22 +0100] "GET /js/jquery.min.js HTTP/1.1" 200 86927
0:0:0:0:0:0:0:1 - - [09/Feb/2022:00:18:22 +0100] "GET /js/waves.min.js HTTP/1.1" 200 6329
0:0:0:0:0:0:0:1 - - [09/Feb/2022:00:18:22 +0100] "GET /plugins/datatables/dataTables.bootstrap4.min.js HTTP/1.1" 200 2085
0:0:0:0:0:0:0:1 - - [09/Feb/2022:00:18:22 +0100] "GET /plugins/datatables/jquery.dataTables.min.js HTTP/1.1" 200 82411
0:0:0:0:0:0:0:1 - - [09/Feb/2022:00:18:22 +0100] "GET /plugins/datatables/dataTables.buttons.min.js HTTP/1.1" 200 18259
0:0:0:0:0:0:0:1 - - [09/Feb/2022:00:18:22 +0100] "GET /plugins/datatables/jszip.min.js HTTP/1.1" 200 102328
0:0:0:0:0:0:0:1 - - [09/Feb/2022:00:18:22 +0100] "GET /plugins/datatables/buttons.bootstrap4.min.js HTTP/1.1" 200 896
0:0:0:0:0:0:0:1 - - [09/Feb/2022:00:18:22 +0100] "GET /plugins/datatables/buttons.html5.min.js HTTP/1.1" 200 24009
0:0:0:0:0:0:0:1 - - [09/Feb/2022:00:18:22 +0100] "GET /plugins/datatables/pdfmake.min.js HTTP/1.1" 200 974460
0:0:0:0:0:0:0:1 - - [09/Feb/2022:00:18:22 +0100] "GET /plugins/datatables/vfs_fonts.js HTTP/1.1" 200 870289
0:0:0:0:0:0:0:1 - - [09/Feb/2022:00:18:22 +0100] "GET /plugins/datatables/buttons.print.min.js HTTP/1.1" 200 2087
0:0:0:0:0:0:0:1 - - [09/Feb/2022:00:18:22 +0100] "GET /plugins/datatables/buttons.colVis.min.js HTTP/1.1" 200 2763
0:0:0:0:0:0:0:1 - - [09/Feb/2022:00:18:22 +0100] "GET /plugins/datatables/dataTables.responsive.min.js HTTP/1.1" 200 11056
0:0:0:0:0:0:0:1 - - [09/Feb/2022:00:18:22 +0100] "GET /plugins/datatables/responsive.bootstrap4.min.js HTTP/1.1" 200 1183
0:0:0:0:0:0:0:1 - - [09/Feb/2022:00:18:22 +0100] "GET /pages/jquery.table-datatable.js HTTP/1.1" 200 513
0:0:0:0:0:0:0:1 - - [09/Feb/2022:00:18:22 +0100] "GET /js/app.js HTTP/1.1" 200 3855
0:0:0:0:0:0:0:1 - - [09/Feb/2022:00:18:22 +0100] "GET /images/logo-sm.png HTTP/1.1" 200 4992
0:0:0:0:0:0:0:1 - - [09/Feb/2022:00:18:22 +0100] "GET /images/logo.png HTTP/1.1" 200 4190
0:0:0:0:0:0:0:1 - - [09/Feb/2022:00:18:22 +0100] "GET /images/users/user-1.jpg HTTP/1.1" 200 2557
0:0:0:0:0:0:0:1 - - [09/Feb/2022:00:18:22 +0100] "GET /groupageregional/barchart HTTP/1.1" 200 47108
0:0:0:0:0:0:0:1 - - [09/Feb/2022:00:18:22 +0100] "GET /groupageregional/piechart HTTP/1.1" 200 36303
0:0:0:0:0:0:0:1 - - [09/Feb/2022:00:18:22 +0100] "GET /groupageregional/piechart2 HTTP/1.1" 200 36170
0:0:0:0:0:0:0:1 - - [09/Feb/2022:00:18:22 +0100] "GET /groupageregional/barchart2 HTTP/1.1" 200 41651
0:0:0:0:0:0:0:1 - - [09/Feb/2022:00:18:22 +0100] "GET /fonts/dripicons-v2.woff HTTP/1.1" 200 26004
0:0:0:0:0:0:0:1 - - [09/Feb/2022:00:18:22 +0100] "GET /fonts/materialdesignicons-webfont.woff2?v=2.5.94 HTTP/1.1" 200 109248
0:0:0:0:0:0:0:1 - - [09/Feb/2022:00:18:22 +0100] "GET /fonts/fa-solid-900.woff2 HTTP/1.1" 200 79072
0:0:0:0:0:0:0:1 - - [09/Feb/2022:00:35:24 +0100] "GET /dashboard HTTP/1.1" 200 46267
0:0:0:0:0:0:0:1 - - [09/Feb/2022:00:35:24 +0100] "GET /css/bootstrap.min.css HTTP/1.1" 200 155759
0:0:0:0:0:0:0:1 - - [09/Feb/2022:00:35:24 +0100] "GET /css/icons.css HTTP/1.1" 200 252644
0:0:0:0:0:0:0:1 - - [09/Feb/2022:00:35:24 +0100] "GET /css/plugins/morris/morris.css HTTP/1.1" 404 28104
0:0:0:0:0:0:0:1 - - [09/Feb/2022:00:35:24 +0100] "GET /css/plugins/jvectormap/jquery-jvectormap-2.0.2.css HTTP/1.1" 404 28104
0:0:0:0:0:0:0:1 - - [09/Feb/2022:00:35:24 +0100] "GET /css/style.css HTTP/1.1" 200 86136
0:0:0:0:0:0:0:1 - - [09/Feb/2022:00:35:24 +0100] "GET /css/plugins/chartist/css/chartist.min.css HTTP/1.1" 404 28104
0:0:0:0:0:0:0:1 - - [09/Feb/2022:00:35:24 +0100] "GET /css/plugins/datatables/dataTables.bootstrap4.min.css HTTP/1.1" 404 28104
0:0:0:0:0:0:0:1 - - [09/Feb/2022:00:35:24 +0100] "GET /js/bootstrap.bundle.min.js HTTP/1.1" 200 78635
0:0:0:0:0:0:0:1 - - [09/Feb/2022:00:35:24 +0100] "GET /js/jquery.min.js HTTP/1.1" 200 86927
0:0:0:0:0:0:0:1 - - [09/Feb/2022:00:35:24 +0100] "GET /js/waves.min.js HTTP/1.1" 200 6329
0:0:0:0:0:0:0:1 - - [09/Feb/2022:00:35:24 +0100] "GET /plugins/chartist/js/chartist.min.js HTTP/1.1" 200 40214
0:0:0:0:0:0:0:1 - - [09/Feb/2022:00:35:24 +0100] "GET /plugins/chartist/js/chartist-plugin-tooltip.min.js HTTP/1.1" 200 2571
0:0:0:0:0:0:0:1 - - [09/Feb/2022:00:35:24 +0100] "GET /js/jquery.slimscroll.min.js HTTP/1.1" 200 4724
0:0:0:0:0:0:0:1 - - [09/Feb/2022:00:35:24 +0100] "GET /plugins/morris/morris.min.js HTTP/1.1" 200 39119
0:0:0:0:0:0:0:1 - - [09/Feb/2022:00:35:24 +0100] "GET /plugins/raphael/raphael-min.js HTTP/1.1" 200 92651
0:0:0:0:0:0:0:1 - - [09/Feb/2022:00:35:24 +0100] "GET /plugins/peity-chart/jquery.peity.min.js HTTP/1.1" 200 3715
0:0:0:0:0:0:0:1 - - [09/Feb/2022:00:35:24 +0100] "GET /plugins/jvectormap/jquery-jvectormap-world-mill-en.js HTTP/1.1" 200 104252
0:0:0:0:0:0:0:1 - - [09/Feb/2022:00:35:24 +0100] "GET /plugins/datatables/dataTables.bootstrap4.min.js HTTP/1.1" 200 2085
0:0:0:0:0:0:0:1 - - [09/Feb/2022:00:35:24 +0100] "GET /plugins/datatables/jquery.dataTables.min.js HTTP/1.1" 200 82411
0:0:0:0:0:0:0:1 - - [09/Feb/2022:00:35:24 +0100] "GET /pages/jquery.dashboard2.init.js HTTP/1.1" 200 5185
0:0:0:0:0:0:0:1 - - [09/Feb/2022:00:35:24 +0100] "GET /plugins/jvectormap/jquery-jvectormap-2.0.2.min.js HTTP/1.1" 200 104822
0:0:0:0:0:0:0:1 - - [09/Feb/2022:00:35:24 +0100] "GET /js/app.js HTTP/1.1" 200 3855
0:0:0:0:0:0:0:1 - - [09/Feb/2022:00:35:24 +0100] "GET /images/logo.png HTTP/1.1" 200 4190
0:0:0:0:0:0:0:1 - - [09/Feb/2022:00:35:24 +0100] "GET /images/logo-sm.png HTTP/1.1" 200 4992
0:0:0:0:0:0:0:1 - - [09/Feb/2022:00:35:24 +0100] "GET /images/users/user-1.jpg HTTP/1.1" 200 2557
0:0:0:0:0:0:0:1 - - [09/Feb/2022:00:35:24 +0100] "GET /fonts/materialdesignicons-webfont.woff2?v=2.5.94 HTTP/1.1" 200 109248
0:0:0:0:0:0:0:1 - - [09/Feb/2022:00:35:24 +0100] "GET /fonts/dripicons-v2.woff HTTP/1.1" 200 26004
0:0:0:0:0:0:0:1 - - [09/Feb/2022:07:20:09 +0100] "GET /projettic/liste HTTP/1.1" 302 -
0:0:0:0:0:0:0:1 - - [09/Feb/2022:07:20:09 +0100] "GET /page-login HTTP/1.1" 200 6394
0:0:0:0:0:0:0:1 - - [09/Feb/2022:07:20:09 +0100] "GET /css/style.css HTTP/1.1" 200 86136
0:0:0:0:0:0:0:1 - - [09/Feb/2022:07:20:09 +0100] "GET /css/bootstrap.min.css HTTP/1.1" 200 155759
0:0:0:0:0:0:0:1 - - [09/Feb/2022:07:20:09 +0100] "GET /css/icons.css HTTP/1.1" 200 252644
0:0:0:0:0:0:0:1 - - [09/Feb/2022:07:20:09 +0100] "GET /images/logo-sm.png HTTP/1.1" 200 4992
0:0:0:0:0:0:0:1 - - [09/Feb/2022:07:20:09 +0100] "GET /js/jquery.slimscroll.min.js HTTP/1.1" 200 4724
0:0:0:0:0:0:0:1 - - [09/Feb/2022:07:20:09 +0100] "GET /js/waves.min.js HTTP/1.1" 200 6329
0:0:0:0:0:0:0:1 - - [09/Feb/2022:07:20:09 +0100] "GET /js/app.js HTTP/1.1" 200 3855
0:0:0:0:0:0:0:1 - - [09/Feb/2022:07:20:09 +0100] "GET /js/bootstrap.bundle.min.js HTTP/1.1" 200 78635
0:0:0:0:0:0:0:1 - - [09/Feb/2022:07:20:09 +0100] "GET /images/bg-1.jpg HTTP/1.1" 200 66234
0:0:0:0:0:0:0:1 - - [09/Feb/2022:07:20:09 +0100] "GET /js/jquery.min.js HTTP/1.1" 200 86927
0:0:0:0:0:0:0:1 - - [09/Feb/2022:07:20:09 +0100] "GET /fonts/fa-regular-400.woff2 HTTP/1.1" 200 14868
0:0:0:0:0:0:0:1 - - [09/Feb/2022:07:20:09 +0100] "GET /fonts/fa-solid-900.woff2 HTTP/1.1" 200 79072
0:0:0:0:0:0:0:1 - - [09/Feb/2022:07:20:09 +0100] "GET /fonts/materialdesignicons-webfont.woff2?v=2.5.94 HTTP/1.1" 200 109248
0:0:0:0:0:0:0:1 - - [09/Feb/2022:07:20:11 +0100] "POST /perform_login HTTP/1.1" 302 -
0:0:0:0:0:0:0:1 - - [09/Feb/2022:07:20:11 +0100] "GET /dashboard HTTP/1.1" 200 46267
0:0:0:0:0:0:0:1 - - [09/Feb/2022:07:20:11 +0100] "GET /css/bootstrap.min.css HTTP/1.1" 200 155759
0:0:0:0:0:0:0:1 - - [09/Feb/2022:07:20:11 +0100] "GET /css/icons.css HTTP/1.1" 200 252644
0:0:0:0:0:0:0:1 - - [09/Feb/2022:07:20:11 +0100] "GET /css/style.css HTTP/1.1" 200 86136
0:0:0:0:0:0:0:1 - - [09/Feb/2022:07:20:11 +0100] "GET /css/plugins/datatables/dataTables.bootstrap4.min.css HTTP/1.1" 404 28104
0:0:0:0:0:0:0:1 - - [09/Feb/2022:07:20:11 +0100] "GET /css/plugins/morris/morris.css HTTP/1.1" 404 28104
0:0:0:0:0:0:0:1 - - [09/Feb/2022:07:20:11 +0100] "GET /css/plugins/jvectormap/jquery-jvectormap-2.0.2.css HTTP/1.1" 404 28104
0:0:0:0:0:0:0:1 - - [09/Feb/2022:07:20:11 +0100] "GET /css/plugins/chartist/css/chartist.min.css HTTP/1.1" 404 28104
0:0:0:0:0:0:0:1 - - [09/Feb/2022:07:20:11 +0100] "GET /js/jquery.min.js HTTP/1.1" 200 86927
0:0:0:0:0:0:0:1 - - [09/Feb/2022:07:20:11 +0100] "GET /js/waves.min.js HTTP/1.1" 200 6329
0:0:0:0:0:0:0:1 - - [09/Feb/2022:07:20:11 +0100] "GET /js/jquery.slimscroll.min.js HTTP/1.1" 200 4724
0:0:0:0:0:0:0:1 - - [09/Feb/2022:07:20:12 +0100] "GET /js/bootstrap.bundle.min.js HTTP/1.1" 200 78635
0:0:0:0:0:0:0:1 - - [09/Feb/2022:07:20:12 +0100] "GET /plugins/chartist/js/chartist-plugin-tooltip.min.js HTTP/1.1" 200 2571
0:0:0:0:0:0:0:1 - - [09/Feb/2022:07:20:12 +0100] "GET /plugins/peity-chart/jquery.peity.min.js HTTP/1.1" 200 3715
0:0:0:0:0:0:0:1 - - [09/Feb/2022:07:20:12 +0100] "GET /plugins/morris/morris.min.js HTTP/1.1" 200 39119
0:0:0:0:0:0:0:1 - - [09/Feb/2022:07:20:12 +0100] "GET /plugins/chartist/js/chartist.min.js HTTP/1.1" 200 40214
0:0:0:0:0:0:0:1 - - [09/Feb/2022:07:20:12 +0100] "GET /plugins/jvectormap/jquery-jvectormap-world-mill-en.js HTTP/1.1" 200 104252
0:0:0:0:0:0:0:1 - - [09/Feb/2022:07:20:12 +0100] "GET /js/app.js HTTP/1.1" 200 3855
0:0:0:0:0:0:0:1 - - [09/Feb/2022:07:20:12 +0100] "GET /plugins/jvectormap/jquery-jvectormap-2.0.2.min.js HTTP/1.1" 200 104822
0:0:0:0:0:0:0:1 - - [09/Feb/2022:07:20:12 +0100] "GET /pages/jquery.dashboard2.init.js HTTP/1.1" 200 5185
0:0:0:0:0:0:0:1 - - [09/Feb/2022:07:20:12 +0100] "GET /images/users/user-1.jpg HTTP/1.1" 200 2557
0:0:0:0:0:0:0:1 - - [09/Feb/2022:07:20:12 +0100] "GET /images/logo.png HTTP/1.1" 200 4190
0:0:0:0:0:0:0:1 - - [09/Feb/2022:07:20:12 +0100] "GET /plugins/datatables/dataTables.bootstrap4.min.js HTTP/1.1" 200 2085
0:0:0:0:0:0:0:1 - - [09/Feb/2022:07:20:12 +0100] "GET /images/logo-sm.png HTTP/1.1" 200 4992
0:0:0:0:0:0:0:1 - - [09/Feb/2022:07:20:12 +0100] "GET /plugins/raphael/raphael-min.js HTTP/1.1" 200 92651
0:0:0:0:0:0:0:1 - - [09/Feb/2022:07:20:12 +0100] "GET /plugins/datatables/jquery.dataTables.min.js HTTP/1.1" 200 82411
0:0:0:0:0:0:0:1 - - [09/Feb/2022:07:20:12 +0100] "GET /fonts/materialdesignicons-webfont.woff2?v=2.5.94 HTTP/1.1" 200 109248
0:0:0:0:0:0:0:1 - - [09/Feb/2022:07:20:12 +0100] "GET /fonts/dripicons-v2.woff HTTP/1.1" 200 26004
0:0:0:0:0:0:0:1 - - [09/Feb/2022:07:20:15 +0100] "GET /css/bootstrap.min.css HTTP/1.1" 200 155759
0:0:0:0:0:0:0:1 - - [09/Feb/2022:07:20:15 +0100] "GET /css/plugins/morris/morris.css HTTP/1.1" 404 28104
0:0:0:0:0:0:0:1 - - [09/Feb/2022:07:20:15 +0100] "GET /css/plugins/jvectormap/jquery-jvectormap-2.0.2.css HTTP/1.1" 404 28104
0:0:0:0:0:0:0:1 - - [09/Feb/2022:07:20:15 +0100] "GET /css/plugins/chartist/css/chartist.min.css HTTP/1.1" 404 28104
0:0:0:0:0:0:0:1 - - [09/Feb/2022:07:20:15 +0100] "GET /css/plugins/datatables/dataTables.bootstrap4.min.css HTTP/1.1" 404 28104
0:0:0:0:0:0:0:1 - - [09/Feb/2022:07:20:15 +0100] "GET /css/icons.css HTTP/1.1" 200 252644
0:0:0:0:0:0:0:1 - - [09/Feb/2022:07:20:15 +0100] "GET /css/style.css HTTP/1.1" 200 86136
0:0:0:0:0:0:0:1 - - [09/Feb/2022:07:20:15 +0100] "GET /images/logo.png HTTP/1.1" 200 4190
0:0:0:0:0:0:0:1 - - [09/Feb/2022:07:20:15 +0100] "GET /images/logo-sm.png HTTP/1.1" 200 4992
0:0:0:0:0:0:0:1 - - [09/Feb/2022:07:20:15 +0100] "GET /images/users/user-1.jpg HTTP/1.1" 200 2557
0:0:0:0:0:0:0:1 - - [09/Feb/2022:07:20:15 +0100] "GET /groupagesectoriel/liste HTTP/1.1" 200 24120
0:0:0:0:0:0:0:1 - - [09/Feb/2022:07:20:15 +0100] "GET /fonts/materialdesignicons-webfont.woff2?v=2.5.94 HTTP/1.1" 200 109248
0:0:0:0:0:0:0:1 - - [09/Feb/2022:07:20:15 +0100] "GET /js/jquery.min.js HTTP/1.1" 200 86927
0:0:0:0:0:0:0:1 - - [09/Feb/2022:07:20:15 +0100] "GET /js/bootstrap.bundle.min.js HTTP/1.1" 200 78635
0:0:0:0:0:0:0:1 - - [09/Feb/2022:07:20:15 +0100] "GET /js/waves.min.js HTTP/1.1" 200 6329
0:0:0:0:0:0:0:1 - - [09/Feb/2022:07:20:15 +0100] "GET /js/jquery.slimscroll.min.js HTTP/1.1" 200 4724
0:0:0:0:0:0:0:1 - - [09/Feb/2022:07:20:15 +0100] "GET /plugins/datatables/jquery.dataTables.min.js HTTP/1.1" 200 82411
0:0:0:0:0:0:0:1 - - [09/Feb/2022:07:20:15 +0100] "GET /plugins/datatables/dataTables.bootstrap4.min.js HTTP/1.1" 200 2085
0:0:0:0:0:0:0:1 - - [09/Feb/2022:07:20:15 +0100] "GET /plugins/datatables/buttons.bootstrap4.min.js HTTP/1.1" 200 896
0:0:0:0:0:0:0:1 - - [09/Feb/2022:07:20:16 +0100] "GET /plugins/datatables/dataTables.buttons.min.js HTTP/1.1" 200 18259
0:0:0:0:0:0:0:1 - - [09/Feb/2022:07:20:16 +0100] "GET /groupagesectoriel/piechart2 HTTP/1.1" 200 38964
0:0:0:0:0:0:0:1 - - [09/Feb/2022:07:20:16 +0100] "GET /groupagesectoriel/piechart HTTP/1.1" 200 40078
0:0:0:0:0:0:0:1 - - [09/Feb/2022:07:20:16 +0100] "GET /groupagesectoriel/barchart HTTP/1.1" 200 49527
0:0:0:0:0:0:0:1 - - [09/Feb/2022:07:20:16 +0100] "GET /groupagesectoriel/barchart2 HTTP/1.1" 200 49203
0:0:0:0:0:0:0:1 - - [09/Feb/2022:07:20:16 +0100] "GET /plugins/datatables/buttons.html5.min.js HTTP/1.1" 200 24009
0:0:0:0:0:0:0:1 - - [09/Feb/2022:07:20:16 +0100] "GET /plugins/datatables/buttons.print.min.js HTTP/1.1" 200 2087
0:0:0:0:0:0:0:1 - - [09/Feb/2022:07:20:16 +0100] "GET /plugins/datatables/vfs_fonts.js HTTP/1.1" 200 870289
0:0:0:0:0:0:0:1 - - [09/Feb/2022:07:20:16 +0100] "GET /plugins/datatables/buttons.colVis.min.js HTTP/1.1" 200 2763
0:0:0:0:0:0:0:1 - - [09/Feb/2022:07:20:16 +0100] "GET /js/app.js HTTP/1.1" 200 3855
0:0:0:0:0:0:0:1 - - [09/Feb/2022:07:20:16 +0100] "GET /fonts/fa-solid-900.woff2 HTTP/1.1" 200 79072
0:0:0:0:0:0:0:1 - - [09/Feb/2022:07:20:16 +0100] "GET /plugins/datatables/responsive.bootstrap4.min.js HTTP/1.1" 200 1183
0:0:0:0:0:0:0:1 - - [09/Feb/2022:07:20:16 +0100] "GET /plugins/datatables/jszip.min.js HTTP/1.1" 200 102328
0:0:0:0:0:0:0:1 - - [09/Feb/2022:07:20:16 +0100] "GET /pages/jquery.table-datatable.js HTTP/1.1" 200 513
0:0:0:0:0:0:0:1 - - [09/Feb/2022:07:20:16 +0100] "GET /fonts/dripicons-v2.woff HTTP/1.1" 200 26004
0:0:0:0:0:0:0:1 - - [09/Feb/2022:07:20:16 +0100] "GET /plugins/datatables/dataTables.responsive.min.js HTTP/1.1" 200 11056
0:0:0:0:0:0:0:1 - - [09/Feb/2022:07:20:16 +0100] "GET /plugins/datatables/pdfmake.min.js HTTP/1.1" 200 974460
0:0:0:0:0:0:0:1 - - [09/Feb/2022:07:20:33 +0100] "GET /dashboard HTTP/1.1" 200 46267
0:0:0:0:0:0:0:1 - - [09/Feb/2022:07:20:33 +0100] "GET /css/bootstrap.min.css HTTP/1.1" 200 155759
0:0:0:0:0:0:0:1 - - [09/Feb/2022:07:20:33 +0100] "GET /css/icons.css HTTP/1.1" 200 252644
0:0:0:0:0:0:0:1 - - [09/Feb/2022:07:20:33 +0100] "GET /css/plugins/morris/morris.css HTTP/1.1" 404 28104
0:0:0:0:0:0:0:1 - - [09/Feb/2022:07:20:33 +0100] "GET /css/style.css HTTP/1.1" 200 86136
0:0:0:0:0:0:0:1 - - [09/Feb/2022:07:20:33 +0100] "GET /css/plugins/chartist/css/chartist.min.css HTTP/1.1" 404 28104
0:0:0:0:0:0:0:1 - - [09/Feb/2022:07:20:33 +0100] "GET /css/plugins/jvectormap/jquery-jvectormap-2.0.2.css HTTP/1.1" 404 28104
0:0:0:0:0:0:0:1 - - [09/Feb/2022:07:20:33 +0100] "GET /css/plugins/datatables/dataTables.bootstrap4.min.css HTTP/1.1" 404 28104
0:0:0:0:0:0:0:1 - - [09/Feb/2022:07:20:33 +0100] "GET /js/waves.min.js HTTP/1.1" 200 6329
0:0:0:0:0:0:0:1 - - [09/Feb/2022:07:20:33 +0100] "GET /js/bootstrap.bundle.min.js HTTP/1.1" 200 78635
0:0:0:0:0:0:0:1 - - [09/Feb/2022:07:20:33 +0100] "GET /js/jquery.slimscroll.min.js HTTP/1.1" 200 4724
0:0:0:0:0:0:0:1 - - [09/Feb/2022:07:20:33 +0100] "GET /js/jquery.min.js HTTP/1.1" 200 86927
0:0:0:0:0:0:0:1 - - [09/Feb/2022:07:20:33 +0100] "GET /plugins/chartist/js/chartist.min.js HTTP/1.1" 200 40214
0:0:0:0:0:0:0:1 - - [09/Feb/2022:07:20:33 +0100] "GET /plugins/chartist/js/chartist-plugin-tooltip.min.js HTTP/1.1" 200 2571
0:0:0:0:0:0:0:1 - - [09/Feb/2022:07:20:33 +0100] "GET /plugins/peity-chart/jquery.peity.min.js HTTP/1.1" 200 3715
0:0:0:0:0:0:0:1 - - [09/Feb/2022:07:20:33 +0100] "GET /plugins/morris/morris.min.js HTTP/1.1" 200 39119
0:0:0:0:0:0:0:1 - - [09/Feb/2022:07:20:33 +0100] "GET /plugins/raphael/raphael-min.js HTTP/1.1" 200 92651
0:0:0:0:0:0:0:1 - - [09/Feb/2022:07:20:33 +0100] "GET /plugins/datatables/jquery.dataTables.min.js HTTP/1.1" 200 82411
0:0:0:0:0:0:0:1 - - [09/Feb/2022:07:20:33 +0100] "GET /plugins/jvectormap/jquery-jvectormap-2.0.2.min.js HTTP/1.1" 200 104822
0:0:0:0:0:0:0:1 - - [09/Feb/2022:07:20:33 +0100] "GET /plugins/jvectormap/jquery-jvectormap-world-mill-en.js HTTP/1.1" 200 104252
0:0:0:0:0:0:0:1 - - [09/Feb/2022:07:20:33 +0100] "GET /plugins/datatables/dataTables.bootstrap4.min.js HTTP/1.1" 200 2085
0:0:0:0:0:0:0:1 - - [09/Feb/2022:07:20:33 +0100] "GET /pages/jquery.dashboard2.init.js HTTP/1.1" 200 5185
0:0:0:0:0:0:0:1 - - [09/Feb/2022:07:20:33 +0100] "GET /js/app.js HTTP/1.1" 200 3855
0:0:0:0:0:0:0:1 - - [09/Feb/2022:07:20:33 +0100] "GET /images/logo.png HTTP/1.1" 200 4190
0:0:0:0:0:0:0:1 - - [09/Feb/2022:07:20:33 +0100] "GET /images/logo-sm.png HTTP/1.1" 200 4992
0:0:0:0:0:0:0:1 - - [09/Feb/2022:07:20:33 +0100] "GET /images/users/user-1.jpg HTTP/1.1" 200 2557
0:0:0:0:0:0:0:1 - - [09/Feb/2022:07:20:33 +0100] "GET /fonts/materialdesignicons-webfont.woff2?v=2.5.94 HTTP/1.1" 200 109248
0:0:0:0:0:0:0:1 - - [09/Feb/2022:07:20:33 +0100] "GET /fonts/dripicons-v2.woff HTTP/1.1" 200 26004
0:0:0:0:0:0:0:1 - - [09/Feb/2022:07:20:55 +0100] "GET /groupagecategoriel/liste HTTP/1.1" 200 23804
0:0:0:0:0:0:0:1 - - [09/Feb/2022:07:20:55 +0100] "GET /css/bootstrap.min.css HTTP/1.1" 200 155759
0:0:0:0:0:0:0:1 - - [09/Feb/2022:07:20:55 +0100] "GET /css/icons.css HTTP/1.1" 200 252644
0:0:0:0:0:0:0:1 - - [09/Feb/2022:07:20:55 +0100] "GET /css/plugins/chartist/css/chartist.min.css HTTP/1.1" 404 28104
0:0:0:0:0:0:0:1 - - [09/Feb/2022:07:20:55 +0100] "GET /css/plugins/jvectormap/jquery-jvectormap-2.0.2.css HTTP/1.1" 404 28104
0:0:0:0:0:0:0:1 - - [09/Feb/2022:07:20:55 +0100] "GET /css/plugins/datatables/dataTables.bootstrap4.min.css HTTP/1.1" 404 28104
0:0:0:0:0:0:0:1 - - [09/Feb/2022:07:20:55 +0100] "GET /css/style.css HTTP/1.1" 200 86136
0:0:0:0:0:0:0:1 - - [09/Feb/2022:07:20:55 +0100] "GET /css/plugins/morris/morris.css HTTP/1.1" 404 28104
0:0:0:0:0:0:0:1 - - [09/Feb/2022:07:20:55 +0100] "GET /js/jquery.slimscroll.min.js HTTP/1.1" 200 4724
0:0:0:0:0:0:0:1 - - [09/Feb/2022:07:20:55 +0100] "GET /plugins/datatables/dataTables.bootstrap4.min.js HTTP/1.1" 200 2085
0:0:0:0:0:0:0:1 - - [09/Feb/2022:07:20:55 +0100] "GET /js/waves.min.js HTTP/1.1" 200 6329
0:0:0:0:0:0:0:1 - - [09/Feb/2022:07:20:55 +0100] "GET /js/bootstrap.bundle.min.js HTTP/1.1" 200 78635
0:0:0:0:0:0:0:1 - - [09/Feb/2022:07:20:55 +0100] "GET /js/jquery.min.js HTTP/1.1" 200 86927
0:0:0:0:0:0:0:1 - - [09/Feb/2022:07:20:55 +0100] "GET /plugins/datatables/jquery.dataTables.min.js HTTP/1.1" 200 82411
0:0:0:0:0:0:0:1 - - [09/Feb/2022:07:20:55 +0100] "GET /plugins/datatables/dataTables.buttons.min.js HTTP/1.1" 200 18259
0:0:0:0:0:0:0:1 - - [09/Feb/2022:07:20:55 +0100] "GET /plugins/datatables/jszip.min.js HTTP/1.1" 200 102328
0:0:0:0:0:0:0:1 - - [09/Feb/2022:07:20:55 +0100] "GET /plugins/datatables/buttons.bootstrap4.min.js HTTP/1.1" 200 896
0:0:0:0:0:0:0:1 - - [09/Feb/2022:07:20:55 +0100] "GET /plugins/datatables/pdfmake.min.js HTTP/1.1" 200 974460
0:0:0:0:0:0:0:1 - - [09/Feb/2022:07:20:55 +0100] "GET /plugins/datatables/buttons.html5.min.js HTTP/1.1" 200 24009
0:0:0:0:0:0:0:1 - - [09/Feb/2022:07:20:55 +0100] "GET /plugins/datatables/vfs_fonts.js HTTP/1.1" 200 870289
0:0:0:0:0:0:0:1 - - [09/Feb/2022:07:20:55 +0100] "GET /plugins/datatables/buttons.print.min.js HTTP/1.1" 200 2087
0:0:0:0:0:0:0:1 - - [09/Feb/2022:07:20:55 +0100] "GET /plugins/datatables/buttons.colVis.min.js HTTP/1.1" 200 2763
0:0:0:0:0:0:0:1 - - [09/Feb/2022:07:20:55 +0100] "GET /plugins/datatables/dataTables.responsive.min.js HTTP/1.1" 200 11056
0:0:0:0:0:0:0:1 - - [09/Feb/2022:07:20:55 +0100] "GET /pages/jquery.table-datatable.js HTTP/1.1" 200 513
0:0:0:0:0:0:0:1 - - [09/Feb/2022:07:20:55 +0100] "GET /plugins/datatables/responsive.bootstrap4.min.js HTTP/1.1" 200 1183
0:0:0:0:0:0:0:1 - - [09/Feb/2022:07:20:55 +0100] "GET /js/app.js HTTP/1.1" 200 3855
0:0:0:0:0:0:0:1 - - [09/Feb/2022:07:20:55 +0100] "GET /images/logo-sm.png HTTP/1.1" 200 4992
0:0:0:0:0:0:0:1 - - [09/Feb/2022:07:20:55 +0100] "GET /images/users/user-1.jpg HTTP/1.1" 200 2557
0:0:0:0:0:0:0:1 - - [09/Feb/2022:07:20:55 +0100] "GET /images/logo.png HTTP/1.1" 200 4190
0:0:0:0:0:0:0:1 - - [09/Feb/2022:07:20:55 +0100] "GET /groupagecategoriel/barchart HTTP/1.1" 200 49291
0:0:0:0:0:0:0:1 - - [09/Feb/2022:07:20:55 +0100] "GET /groupagecategoriel/piechart2 HTTP/1.1" 200 38751
0:0:0:0:0:0:0:1 - - [09/Feb/2022:07:20:55 +0100] "GET /groupagecategoriel/piechart HTTP/1.1" 200 39892
0:0:0:0:0:0:0:1 - - [09/Feb/2022:07:20:55 +0100] "GET /groupagecategoriel/barchart2 HTTP/1.1" 200 43624
0:0:0:0:0:0:0:1 - - [09/Feb/2022:07:20:55 +0100] "GET /fonts/fa-solid-900.woff2 HTTP/1.1" 200 79072
0:0:0:0:0:0:0:1 - - [09/Feb/2022:07:20:55 +0100] "GET /fonts/dripicons-v2.woff HTTP/1.1" 200 26004
0:0:0:0:0:0:0:1 - - [09/Feb/2022:07:20:55 +0100] "GET /fonts/materialdesignicons-webfont.woff2?v=2.5.94 HTTP/1.1" 200 109248
0:0:0:0:0:0:0:1 - - [09/Feb/2022:07:21:03 +0100] "GET /projettic/liste HTTP/1.1" 200 25805
0:0:0:0:0:0:0:1 - - [09/Feb/2022:07:21:03 +0100] "GET /css/icons.css HTTP/1.1" 200 252644
0:0:0:0:0:0:0:1 - - [09/Feb/2022:07:21:03 +0100] "GET /css/plugins/jvectormap/jquery-jvectormap-2.0.2.css HTTP/1.1" 404 28104
0:0:0:0:0:0:0:1 - - [09/Feb/2022:07:21:03 +0100] "GET /css/plugins/datatables/dataTables.bootstrap4.min.css HTTP/1.1" 404 28104
0:0:0:0:0:0:0:1 - - [09/Feb/2022:07:21:03 +0100] "GET /css/plugins/morris/morris.css HTTP/1.1" 404 28104
0:0:0:0:0:0:0:1 - - [09/Feb/2022:07:21:03 +0100] "GET /css/style.css HTTP/1.1" 200 86136
0:0:0:0:0:0:0:1 - - [09/Feb/2022:07:21:03 +0100] "GET /css/bootstrap.min.css HTTP/1.1" 200 155759
0:0:0:0:0:0:0:1 - - [09/Feb/2022:07:21:03 +0100] "GET /css/plugins/chartist/css/chartist.min.css HTTP/1.1" 404 28104
0:0:0:0:0:0:0:1 - - [09/Feb/2022:07:21:03 +0100] "GET /js/jquery.min.js HTTP/1.1" 200 86927
0:0:0:0:0:0:0:1 - - [09/Feb/2022:07:21:03 +0100] "GET /js/waves.min.js HTTP/1.1" 200 6329
0:0:0:0:0:0:0:1 - - [09/Feb/2022:07:21:03 +0100] "GET /js/bootstrap.bundle.min.js HTTP/1.1" 200 78635
0:0:0:0:0:0:0:1 - - [09/Feb/2022:07:21:03 +0100] "GET /plugins/datatables/dataTables.bootstrap4.min.js HTTP/1.1" 200 2085
0:0:0:0:0:0:0:1 - - [09/Feb/2022:07:21:03 +0100] "GET /plugins/datatables/jquery.dataTables.min.js HTTP/1.1" 200 82411
0:0:0:0:0:0:0:1 - - [09/Feb/2022:07:21:03 +0100] "GET /plugins/datatables/dataTables.buttons.min.js HTTP/1.1" 200 18259
0:0:0:0:0:0:0:1 - - [09/Feb/2022:07:21:03 +0100] "GET /plugins/datatables/buttons.bootstrap4.min.js HTTP/1.1" 200 896
0:0:0:0:0:0:0:1 - - [09/Feb/2022:07:21:03 +0100] "GET /js/jquery.slimscroll.min.js HTTP/1.1" 200 4724
0:0:0:0:0:0:0:1 - - [09/Feb/2022:07:21:03 +0100] "GET /plugins/datatables/jszip.min.js HTTP/1.1" 200 102328
0:0:0:0:0:0:0:1 - - [09/Feb/2022:07:21:03 +0100] "GET /plugins/datatables/pdfmake.min.js HTTP/1.1" 200 974460
0:0:0:0:0:0:0:1 - - [09/Feb/2022:07:21:03 +0100] "GET /plugins/datatables/buttons.html5.min.js HTTP/1.1" 200 24009
0:0:0:0:0:0:0:1 - - [09/Feb/2022:07:21:03 +0100] "GET /plugins/datatables/vfs_fonts.js HTTP/1.1" 200 870289
0:0:0:0:0:0:0:1 - - [09/Feb/2022:07:21:03 +0100] "GET /plugins/datatables/buttons.print.min.js HTTP/1.1" 200 2087
0:0:0:0:0:0:0:1 - - [09/Feb/2022:07:21:03 +0100] "GET /plugins/datatables/dataTables.responsive.min.js HTTP/1.1" 200 11056
0:0:0:0:0:0:0:1 - - [09/Feb/2022:07:21:03 +0100] "GET /plugins/datatables/buttons.colVis.min.js HTTP/1.1" 200 2763
0:0:0:0:0:0:0:1 - - [09/Feb/2022:07:21:03 +0100] "GET /plugins/datatables/responsive.bootstrap4.min.js HTTP/1.1" 200 1183
0:0:0:0:0:0:0:1 - - [09/Feb/2022:07:21:03 +0100] "GET /js/app.js HTTP/1.1" 200 3855
0:0:0:0:0:0:0:1 - - [09/Feb/2022:07:21:03 +0100] "GET /pages/jquery.table-datatable.js HTTP/1.1" 200 513
0:0:0:0:0:0:0:1 - - [09/Feb/2022:07:21:03 +0100] "GET /images/users/user-1.jpg HTTP/1.1" 200 2557
0:0:0:0:0:0:0:1 - - [09/Feb/2022:07:21:03 +0100] "GET /images/logo.png HTTP/1.1" 200 4190
0:0:0:0:0:0:0:1 - - [09/Feb/2022:07:21:03 +0100] "GET /images/logo-sm.png HTTP/1.1" 200 4992
0:0:0:0:0:0:0:1 - - [09/Feb/2022:07:21:03 +0100] "GET /fonts/fa-solid-900.woff2 HTTP/1.1" 200 79072
0:0:0:0:0:0:0:1 - - [09/Feb/2022:07:21:03 +0100] "GET /fonts/dripicons-v2.woff HTTP/1.1" 200 26004
0:0:0:0:0:0:0:1 - - [09/Feb/2022:07:21:03 +0100] "GET /fonts/materialdesignicons-webfont.woff2?v=2.5.94 HTTP/1.1" 200 109248
0:0:0:0:0:0:0:1 - - [09/Feb/2022:07:21:03 +0100] "GET /fonts/themify.woff?-fvbane HTTP/1.1" 200 56108
0:0:0:0:0:0:0:1 - - [09/Feb/2022:07:32:47 +0100] "GET /secteuractivite/liste HTTP/1.1" 200 27420
0:0:0:0:0:0:0:1 - - [09/Feb/2022:07:32:47 +0100] "GET /css/bootstrap.min.css HTTP/1.1" 200 155759
0:0:0:0:0:0:0:1 - - [09/Feb/2022:07:32:47 +0100] "GET /css/icons.css HTTP/1.1" 200 252644
0:0:0:0:0:0:0:1 - - [09/Feb/2022:07:32:47 +0100] "GET /css/plugins/morris/morris.css HTTP/1.1" 404 28104
0:0:0:0:0:0:0:1 - - [09/Feb/2022:07:32:47 +0100] "GET /css/plugins/chartist/css/chartist.min.css HTTP/1.1" 404 28104
0:0:0:0:0:0:0:1 - - [09/Feb/2022:07:32:47 +0100] "GET /css/plugins/jvectormap/jquery-jvectormap-2.0.2.css HTTP/1.1" 404 28104
0:0:0:0:0:0:0:1 - - [09/Feb/2022:07:32:47 +0100] "GET /css/plugins/datatables/dataTables.bootstrap4.min.css HTTP/1.1" 404 28104
0:0:0:0:0:0:0:1 - - [09/Feb/2022:07:32:47 +0100] "GET /css/style.css HTTP/1.1" 200 86136
0:0:0:0:0:0:0:1 - - [09/Feb/2022:07:32:47 +0100] "GET /js/jquery.slimscroll.min.js HTTP/1.1" 200 4724
0:0:0:0:0:0:0:1 - - [09/Feb/2022:07:32:47 +0100] "GET /js/waves.min.js HTTP/1.1" 200 6329
0:0:0:0:0:0:0:1 - - [09/Feb/2022:07:32:47 +0100] "GET /js/jquery.min.js HTTP/1.1" 200 86927
0:0:0:0:0:0:0:1 - - [09/Feb/2022:07:32:47 +0100] "GET /plugins/datatables/dataTables.bootstrap4.min.js HTTP/1.1" 200 2085
0:0:0:0:0:0:0:1 - - [09/Feb/2022:07:32:47 +0100] "GET /plugins/datatables/jquery.dataTables.min.js HTTP/1.1" 200 82411
0:0:0:0:0:0:0:1 - - [09/Feb/2022:07:32:47 +0100] "GET /js/bootstrap.bundle.min.js HTTP/1.1" 200 78635
0:0:0:0:0:0:0:1 - - [09/Feb/2022:07:32:47 +0100] "GET /plugins/datatables/dataTables.buttons.min.js HTTP/1.1" 200 18259
0:0:0:0:0:0:0:1 - - [09/Feb/2022:07:32:47 +0100] "GET /plugins/datatables/buttons.bootstrap4.min.js HTTP/1.1" 200 896
0:0:0:0:0:0:0:1 - - [09/Feb/2022:07:32:47 +0100] "GET /plugins/datatables/jszip.min.js HTTP/1.1" 200 102328
0:0:0:0:0:0:0:1 - - [09/Feb/2022:07:32:47 +0100] "GET /plugins/datatables/pdfmake.min.js HTTP/1.1" 200 974460
0:0:0:0:0:0:0:1 - - [09/Feb/2022:07:32:47 +0100] "GET /plugins/datatables/buttons.html5.min.js HTTP/1.1" 200 24009
0:0:0:0:0:0:0:1 - - [09/Feb/2022:07:32:47 +0100] "GET /plugins/datatables/vfs_fonts.js HTTP/1.1" 200 870289
0:0:0:0:0:0:0:1 - - [09/Feb/2022:07:32:47 +0100] "GET /plugins/datatables/buttons.print.min.js HTTP/1.1" 200 2087
0:0:0:0:0:0:0:1 - - [09/Feb/2022:07:32:47 +0100] "GET /plugins/datatables/buttons.colVis.min.js HTTP/1.1" 200 2763
0:0:0:0:0:0:0:1 - - [09/Feb/2022:07:32:47 +0100] "GET /plugins/datatables/dataTables.responsive.min.js HTTP/1.1" 200 11056
0:0:0:0:0:0:0:1 - - [09/Feb/2022:07:32:47 +0100] "GET /js/app.js HTTP/1.1" 200 3855
0:0:0:0:0:0:0:1 - - [09/Feb/2022:07:32:47 +0100] "GET /plugins/datatables/responsive.bootstrap4.min.js HTTP/1.1" 200 1183
0:0:0:0:0:0:0:1 - - [09/Feb/2022:07:32:47 +0100] "GET /pages/jquery.table-datatable.js HTTP/1.1" 200 513
0:0:0:0:0:0:0:1 - - [09/Feb/2022:07:32:47 +0100] "GET /images/logo.png HTTP/1.1" 200 4190
0:0:0:0:0:0:0:1 - - [09/Feb/2022:07:32:47 +0100] "GET /images/logo-sm.png HTTP/1.1" 200 4992
0:0:0:0:0:0:0:1 - - [09/Feb/2022:07:32:47 +0100] "GET /images/users/user-1.jpg HTTP/1.1" 200 2557
0:0:0:0:0:0:0:1 - - [09/Feb/2022:07:32:47 +0100] "GET /fonts/dripicons-v2.woff HTTP/1.1" 200 26004
0:0:0:0:0:0:0:1 - - [09/Feb/2022:07:32:47 +0100] "GET /fonts/materialdesignicons-webfont.woff2?v=2.5.94 HTTP/1.1" 200 109248
0:0:0:0:0:0:0:1 - - [09/Feb/2022:07:32:47 +0100] "GET /fonts/themify.woff?-fvbane HTTP/1.1" 200 56108
0:0:0:0:0:0:0:1 - - [09/Feb/2022:07:33:03 +0100] "GET /projet/liste HTTP/1.1" 200 25624
0:0:0:0:0:0:0:1 - - [09/Feb/2022:07:33:03 +0100] "GET /css/bootstrap.min.css HTTP/1.1" 200 155759
0:0:0:0:0:0:0:1 - - [09/Feb/2022:07:33:03 +0100] "GET /css/icons.css HTTP/1.1" 200 252644
0:0:0:0:0:0:0:1 - - [09/Feb/2022:07:33:03 +0100] "GET /css/plugins/chartist/css/chartist.min.css HTTP/1.1" 404 28104
0:0:0:0:0:0:0:1 - - [09/Feb/2022:07:33:03 +0100] "GET /css/plugins/jvectormap/jquery-jvectormap-2.0.2.css HTTP/1.1" 404 28104
0:0:0:0:0:0:0:1 - - [09/Feb/2022:07:33:03 +0100] "GET /css/plugins/morris/morris.css HTTP/1.1" 404 28104
0:0:0:0:0:0:0:1 - - [09/Feb/2022:07:33:03 +0100] "GET /css/plugins/datatables/dataTables.bootstrap4.min.css HTTP/1.1" 404 28104
0:0:0:0:0:0:0:1 - - [09/Feb/2022:07:33:03 +0100] "GET /css/style.css HTTP/1.1" 200 86136
0:0:0:0:0:0:0:1 - - [09/Feb/2022:07:33:03 +0100] "GET /js/waves.min.js HTTP/1.1" 200 6329
0:0:0:0:0:0:0:1 - - [09/Feb/2022:07:33:03 +0100] "GET /js/jquery.slimscroll.min.js HTTP/1.1" 200 4724
0:0:0:0:0:0:0:1 - - [09/Feb/2022:07:33:03 +0100] "GET /js/bootstrap.bundle.min.js HTTP/1.1" 200 78635
0:0:0:0:0:0:0:1 - - [09/Feb/2022:07:33:03 +0100] "GET /plugins/datatables/dataTables.bootstrap4.min.js HTTP/1.1" 200 2085
0:0:0:0:0:0:0:1 - - [09/Feb/2022:07:33:03 +0100] "GET /js/jquery.min.js HTTP/1.1" 200 86927
0:0:0:0:0:0:0:1 - - [09/Feb/2022:07:33:03 +0100] "GET /plugins/datatables/jquery.dataTables.min.js HTTP/1.1" 200 82411
0:0:0:0:0:0:0:1 - - [09/Feb/2022:07:33:03 +0100] "GET /plugins/datatables/buttons.bootstrap4.min.js HTTP/1.1" 200 896
0:0:0:0:0:0:0:1 - - [09/Feb/2022:07:33:03 +0100] "GET /plugins/datatables/dataTables.buttons.min.js HTTP/1.1" 200 18259
0:0:0:0:0:0:0:1 - - [09/Feb/2022:07:33:03 +0100] "GET /plugins/datatables/buttons.html5.min.js HTTP/1.1" 200 24009
0:0:0:0:0:0:0:1 - - [09/Feb/2022:07:33:03 +0100] "GET /plugins/datatables/jszip.min.js HTTP/1.1" 200 102328
0:0:0:0:0:0:0:1 - - [09/Feb/2022:07:33:03 +0100] "GET /plugins/datatables/vfs_fonts.js HTTP/1.1" 200 870289
0:0:0:0:0:0:0:1 - - [09/Feb/2022:07:33:03 +0100] "GET /plugins/datatables/pdfmake.min.js HTTP/1.1" 200 974460
0:0:0:0:0:0:0:1 - - [09/Feb/2022:07:33:03 +0100] "GET /plugins/datatables/buttons.print.min.js HTTP/1.1" 200 2087
0:0:0:0:0:0:0:1 - - [09/Feb/2022:07:33:03 +0100] "GET /plugins/datatables/buttons.colVis.min.js HTTP/1.1" 200 2763
0:0:0:0:0:0:0:1 - - [09/Feb/2022:07:33:03 +0100] "GET /plugins/datatables/dataTables.responsive.min.js HTTP/1.1" 200 11056
0:0:0:0:0:0:0:1 - - [09/Feb/2022:07:33:03 +0100] "GET /plugins/datatables/responsive.bootstrap4.min.js HTTP/1.1" 200 1183
0:0:0:0:0:0:0:1 - - [09/Feb/2022:07:33:03 +0100] "GET /pages/jquery.table-datatable.js HTTP/1.1" 200 513
0:0:0:0:0:0:0:1 - - [09/Feb/2022:07:33:03 +0100] "GET /js/app.js HTTP/1.1" 200 3855
0:0:0:0:0:0:0:1 - - [09/Feb/2022:07:33:03 +0100] "GET /images/users/user-1.jpg HTTP/1.1" 200 2557
0:0:0:0:0:0:0:1 - - [09/Feb/2022:07:33:03 +0100] "GET /images/logo.png HTTP/1.1" 200 4190
0:0:0:0:0:0:0:1 - - [09/Feb/2022:07:33:03 +0100] "GET /images/logo-sm.png HTTP/1.1" 200 4992
0:0:0:0:0:0:0:1 - - [09/Feb/2022:07:33:03 +0100] "GET /fonts/dripicons-v2.woff HTTP/1.1" 200 26004
0:0:0:0:0:0:0:1 - - [09/Feb/2022:07:33:03 +0100] "GET /fonts/materialdesignicons-webfont.woff2?v=2.5.94 HTTP/1.1" 200 109248
0:0:0:0:0:0:0:1 - - [09/Feb/2022:07:33:03 +0100] "GET /fonts/fa-solid-900.woff2 HTTP/1.1" 200 79072
0:0:0:0:0:0:0:1 - - [09/Feb/2022:07:33:03 +0100] "GET /fonts/themify.woff?-fvbane HTTP/1.1" 200 56108
0:0:0:0:0:0:0:1 - - [09/Feb/2022:07:33:09 +0100] "GET /cne/telechargement HTTP/1.1" 500 9911
0:0:0:0:0:0:0:1 - - [09/Feb/2022:07:33:12 +0100] "GET /projet/liste HTTP/1.1" 200 25624
0:0:0:0:0:0:0:1 - - [09/Feb/2022:07:33:12 +0100] "GET /css/icons.css HTTP/1.1" 200 252644
0:0:0:0:0:0:0:1 - - [09/Feb/2022:07:33:12 +0100] "GET /css/plugins/chartist/css/chartist.min.css HTTP/1.1" 404 28104
0:0:0:0:0:0:0:1 - - [09/Feb/2022:07:33:12 +0100] "GET /css/bootstrap.min.css HTTP/1.1" 200 155759
0:0:0:0:0:0:0:1 - - [09/Feb/2022:07:33:12 +0100] "GET /css/plugins/jvectormap/jquery-jvectormap-2.0.2.css HTTP/1.1" 404 28104
0:0:0:0:0:0:0:1 - - [09/Feb/2022:07:33:12 +0100] "GET /css/style.css HTTP/1.1" 200 86136
0:0:0:0:0:0:0:1 - - [09/Feb/2022:07:33:12 +0100] "GET /css/plugins/datatables/dataTables.bootstrap4.min.css HTTP/1.1" 404 28104
0:0:0:0:0:0:0:1 - - [09/Feb/2022:07:33:12 +0100] "GET /css/plugins/morris/morris.css HTTP/1.1" 404 28104
0:0:0:0:0:0:0:1 - - [09/Feb/2022:07:33:12 +0100] "GET /js/jquery.min.js HTTP/1.1" 200 86927
0:0:0:0:0:0:0:1 - - [09/Feb/2022:07:33:12 +0100] "GET /js/bootstrap.bundle.min.js HTTP/1.1" 200 78635
0:0:0:0:0:0:0:1 - - [09/Feb/2022:07:33:12 +0100] "GET /js/jquery.slimscroll.min.js HTTP/1.1" 200 4724
0:0:0:0:0:0:0:1 - - [09/Feb/2022:07:33:12 +0100] "GET /js/waves.min.js HTTP/1.1" 200 6329
0:0:0:0:0:0:0:1 - - [09/Feb/2022:07:33:12 +0100] "GET /plugins/datatables/dataTables.bootstrap4.min.js HTTP/1.1" 200 2085
0:0:0:0:0:0:0:1 - - [09/Feb/2022:07:33:12 +0100] "GET /plugins/datatables/jquery.dataTables.min.js HTTP/1.1" 200 82411
0:0:0:0:0:0:0:1 - - [09/Feb/2022:07:33:12 +0100] "GET /plugins/datatables/dataTables.buttons.min.js HTTP/1.1" 200 18259
0:0:0:0:0:0:0:1 - - [09/Feb/2022:07:33:12 +0100] "GET /plugins/datatables/buttons.bootstrap4.min.js HTTP/1.1" 200 896
0:0:0:0:0:0:0:1 - - [09/Feb/2022:07:33:12 +0100] "GET /plugins/datatables/jszip.min.js HTTP/1.1" 200 102328
0:0:0:0:0:0:0:1 - - [09/Feb/2022:07:33:12 +0100] "GET /plugins/datatables/buttons.colVis.min.js HTTP/1.1" 200 2763
0:0:0:0:0:0:0:1 - - [09/Feb/2022:07:33:12 +0100] "GET /plugins/datatables/buttons.print.min.js HTTP/1.1" 200 2087
0:0:0:0:0:0:0:1 - - [09/Feb/2022:07:33:12 +0100] "GET /plugins/datatables/pdfmake.min.js HTTP/1.1" 200 974460
0:0:0:0:0:0:0:1 - - [09/Feb/2022:07:33:12 +0100] "GET /plugins/datatables/vfs_fonts.js HTTP/1.1" 200 870289
0:0:0:0:0:0:0:1 - - [09/Feb/2022:07:33:12 +0100] "GET /plugins/datatables/buttons.html5.min.js HTTP/1.1" 200 24009
0:0:0:0:0:0:0:1 - - [09/Feb/2022:07:33:12 +0100] "GET /plugins/datatables/dataTables.responsive.min.js HTTP/1.1" 200 11056
0:0:0:0:0:0:0:1 - - [09/Feb/2022:07:33:12 +0100] "GET /js/app.js HTTP/1.1" 200 3855
0:0:0:0:0:0:0:1 - - [09/Feb/2022:07:33:12 +0100] "GET /plugins/datatables/responsive.bootstrap4.min.js HTTP/1.1" 200 1183
0:0:0:0:0:0:0:1 - - [09/Feb/2022:07:33:12 +0100] "GET /pages/jquery.table-datatable.js HTTP/1.1" 200 513
0:0:0:0:0:0:0:1 - - [09/Feb/2022:07:33:15 +0100] "GET /cne/liste HTTP/1.1" 200 25606
0:0:0:0:0:0:0:1 - - [09/Feb/2022:07:33:15 +0100] "GET /css/bootstrap.min.css HTTP/1.1" 200 155759
0:0:0:0:0:0:0:1 - - [09/Feb/2022:07:33:15 +0100] "GET /css/icons.css HTTP/1.1" 200 252644
0:0:0:0:0:0:0:1 - - [09/Feb/2022:07:33:15 +0100] "GET /css/plugins/datatables/dataTables.bootstrap4.min.css HTTP/1.1" 404 28104
0:0:0:0:0:0:0:1 - - [09/Feb/2022:07:33:15 +0100] "GET /css/plugins/morris/morris.css HTTP/1.1" 404 28104
0:0:0:0:0:0:0:1 - - [09/Feb/2022:07:33:15 +0100] "GET /css/plugins/chartist/css/chartist.min.css HTTP/1.1" 404 28104
0:0:0:0:0:0:0:1 - - [09/Feb/2022:07:33:15 +0100] "GET /css/plugins/jvectormap/jquery-jvectormap-2.0.2.css HTTP/1.1" 404 28104
0:0:0:0:0:0:0:1 - - [09/Feb/2022:07:33:15 +0100] "GET /css/style.css HTTP/1.1" 200 86136
0:0:0:0:0:0:0:1 - - [09/Feb/2022:07:33:15 +0100] "GET /js/waves.min.js HTTP/1.1" 200 6329
0:0:0:0:0:0:0:1 - - [09/Feb/2022:07:33:15 +0100] "GET /js/jquery.min.js HTTP/1.1" 200 86927
0:0:0:0:0:0:0:1 - - [09/Feb/2022:07:33:15 +0100] "GET /js/bootstrap.bundle.min.js HTTP/1.1" 200 78635
0:0:0:0:0:0:0:1 - - [09/Feb/2022:07:33:15 +0100] "GET /js/jquery.slimscroll.min.js HTTP/1.1" 200 4724
0:0:0:0:0:0:0:1 - - [09/Feb/2022:07:33:15 +0100] "GET /plugins/datatables/jquery.dataTables.min.js HTTP/1.1" 200 82411
0:0:0:0:0:0:0:1 - - [09/Feb/2022:07:33:15 +0100] "GET /plugins/datatables/dataTables.bootstrap4.min.js HTTP/1.1" 200 2085
0:0:0:0:0:0:0:1 - - [09/Feb/2022:07:33:15 +0100] "GET /plugins/datatables/dataTables.buttons.min.js HTTP/1.1" 200 18259
0:0:0:0:0:0:0:1 - - [09/Feb/2022:07:33:15 +0100] "GET /plugins/datatables/buttons.html5.min.js HTTP/1.1" 200 24009
0:0:0:0:0:0:0:1 - - [09/Feb/2022:07:33:15 +0100] "GET /plugins/datatables/buttons.bootstrap4.min.js HTTP/1.1" 200 896
0:0:0:0:0:0:0:1 - - [09/Feb/2022:07:33:15 +0100] "GET /plugins/datatables/jszip.min.js HTTP/1.1" 200 102328
0:0:0:0:0:0:0:1 - - [09/Feb/2022:07:33:15 +0100] "GET /plugins/datatables/pdfmake.min.js HTTP/1.1" 200 974460
0:0:0:0:0:0:0:1 - - [09/Feb/2022:07:33:15 +0100] "GET /plugins/datatables/vfs_fonts.js HTTP/1.1" 200 870289
0:0:0:0:0:0:0:1 - - [09/Feb/2022:07:33:15 +0100] "GET /plugins/datatables/buttons.print.min.js HTTP/1.1" 200 2087
0:0:0:0:0:0:0:1 - - [09/Feb/2022:07:33:15 +0100] "GET /plugins/datatables/dataTables.responsive.min.js HTTP/1.1" 200 11056
0:0:0:0:0:0:0:1 - - [09/Feb/2022:07:33:15 +0100] "GET /pages/jquery.table-datatable.js HTTP/1.1" 200 513
0:0:0:0:0:0:0:1 - - [09/Feb/2022:07:33:15 +0100] "GET /plugins/datatables/buttons.colVis.min.js HTTP/1.1" 200 2763
0:0:0:0:0:0:0:1 - - [09/Feb/2022:07:33:15 +0100] "GET /js/app.js HTTP/1.1" 200 3855
0:0:0:0:0:0:0:1 - - [09/Feb/2022:07:33:15 +0100] "GET /plugins/datatables/responsive.bootstrap4.min.js HTTP/1.1" 200 1183
0:0:0:0:0:0:0:1 - - [09/Feb/2022:07:33:15 +0100] "GET /images/logo-sm.png HTTP/1.1" 200 4992
0:0:0:0:0:0:0:1 - - [09/Feb/2022:07:33:15 +0100] "GET /images/users/user-1.jpg HTTP/1.1" 200 2557
0:0:0:0:0:0:0:1 - - [09/Feb/2022:07:33:15 +0100] "GET /images/logo.png HTTP/1.1" 200 4190
0:0:0:0:0:0:0:1 - - [09/Feb/2022:07:33:15 +0100] "GET /fonts/dripicons-v2.woff HTTP/1.1" 200 26004
0:0:0:0:0:0:0:1 - - [09/Feb/2022:07:33:15 +0100] "GET /fonts/materialdesignicons-webfont.woff2?v=2.5.94 HTTP/1.1" 200 109248
0:0:0:0:0:0:0:1 - - [09/Feb/2022:07:33:15 +0100] "GET /fonts/fa-solid-900.woff2 HTTP/1.1" 200 79072
0:0:0:0:0:0:0:1 - - [09/Feb/2022:07:33:15 +0100] "GET /fonts/themify.woff?-fvbane HTTP/1.1" 200 56108
0:0:0:0:0:0:0:1 - - [09/Feb/2022:07:33:24 +0100] "GET /cne/liste HTTP/1.1" 200 25606
0:0:0:0:0:0:0:1 - - [09/Feb/2022:07:33:24 +0100] "GET /css/bootstrap.min.css HTTP/1.1" 200 155759
0:0:0:0:0:0:0:1 - - [09/Feb/2022:07:33:24 +0100] "GET /css/plugins/morris/morris.css HTTP/1.1" 404 28104
0:0:0:0:0:0:0:1 - - [09/Feb/2022:07:33:24 +0100] "GET /css/plugins/jvectormap/jquery-jvectormap-2.0.2.css HTTP/1.1" 404 28104
0:0:0:0:0:0:0:1 - - [09/Feb/2022:07:33:24 +0100] "GET /css/icons.css HTTP/1.1" 200 252644
0:0:0:0:0:0:0:1 - - [09/Feb/2022:07:33:24 +0100] "GET /css/plugins/chartist/css/chartist.min.css HTTP/1.1" 404 28104
0:0:0:0:0:0:0:1 - - [09/Feb/2022:07:33:24 +0100] "GET /css/plugins/datatables/dataTables.bootstrap4.min.css HTTP/1.1" 404 28104
0:0:0:0:0:0:0:1 - - [09/Feb/2022:07:33:24 +0100] "GET /css/style.css HTTP/1.1" 200 86136
0:0:0:0:0:0:0:1 - - [09/Feb/2022:07:33:24 +0100] "GET /js/jquery.min.js HTTP/1.1" 200 86927
0:0:0:0:0:0:0:1 - - [09/Feb/2022:07:33:24 +0100] "GET /js/bootstrap.bundle.min.js HTTP/1.1" 200 78635
0:0:0:0:0:0:0:1 - - [09/Feb/2022:07:33:24 +0100] "GET /plugins/datatables/dataTables.bootstrap4.min.js HTTP/1.1" 200 2085
0:0:0:0:0:0:0:1 - - [09/Feb/2022:07:33:24 +0100] "GET /js/jquery.slimscroll.min.js HTTP/1.1" 200 4724
0:0:0:0:0:0:0:1 - - [09/Feb/2022:07:33:24 +0100] "GET /plugins/datatables/jquery.dataTables.min.js HTTP/1.1" 200 82411
0:0:0:0:0:0:0:1 - - [09/Feb/2022:07:33:24 +0100] "GET /js/waves.min.js HTTP/1.1" 200 6329
0:0:0:0:0:0:0:1 - - [09/Feb/2022:07:33:24 +0100] "GET /plugins/datatables/dataTables.buttons.min.js HTTP/1.1" 200 18259
0:0:0:0:0:0:0:1 - - [09/Feb/2022:07:33:24 +0100] "GET /plugins/datatables/buttons.bootstrap4.min.js HTTP/1.1" 200 896
0:0:0:0:0:0:0:1 - - [09/Feb/2022:07:33:24 +0100] "GET /plugins/datatables/jszip.min.js HTTP/1.1" 200 102328
0:0:0:0:0:0:0:1 - - [09/Feb/2022:07:33:24 +0100] "GET /plugins/datatables/buttons.html5.min.js HTTP/1.1" 200 24009
0:0:0:0:0:0:0:1 - - [09/Feb/2022:07:33:24 +0100] "GET /plugins/datatables/buttons.print.min.js HTTP/1.1" 200 2087
0:0:0:0:0:0:0:1 - - [09/Feb/2022:07:33:24 +0100] "GET /plugins/datatables/vfs_fonts.js HTTP/1.1" 200 870289
0:0:0:0:0:0:0:1 - - [09/Feb/2022:07:33:24 +0100] "GET /plugins/datatables/pdfmake.min.js HTTP/1.1" 200 974460
0:0:0:0:0:0:0:1 - - [09/Feb/2022:07:33:24 +0100] "GET /plugins/datatables/buttons.colVis.min.js HTTP/1.1" 200 2763
0:0:0:0:0:0:0:1 - - [09/Feb/2022:07:33:24 +0100] "GET /plugins/datatables/dataTables.responsive.min.js HTTP/1.1" 200 11056
0:0:0:0:0:0:0:1 - - [09/Feb/2022:07:33:24 +0100] "GET /plugins/datatables/responsive.bootstrap4.min.js HTTP/1.1" 200 1183
0:0:0:0:0:0:0:1 - - [09/Feb/2022:07:33:24 +0100] "GET /pages/jquery.table-datatable.js HTTP/1.1" 200 513
0:0:0:0:0:0:0:1 - - [09/Feb/2022:07:33:24 +0100] "GET /images/logo-sm.png HTTP/1.1" 200 4992
0:0:0:0:0:0:0:1 - - [09/Feb/2022:07:33:24 +0100] "GET /images/logo.png HTTP/1.1" 200 4190
0:0:0:0:0:0:0:1 - - [09/Feb/2022:07:33:24 +0100] "GET /js/app.js HTTP/1.1" 200 3855
0:0:0:0:0:0:0:1 - - [09/Feb/2022:07:33:24 +0100] "GET /images/users/user-1.jpg HTTP/1.1" 200 2557
0:0:0:0:0:0:0:1 - - [09/Feb/2022:07:33:24 +0100] "GET /fonts/fa-solid-900.woff2 HTTP/1.1" 200 79072
0:0:0:0:0:0:0:1 - - [09/Feb/2022:07:33:24 +0100] "GET /fonts/dripicons-v2.woff HTTP/1.1" 200 26004
0:0:0:0:0:0:0:1 - - [09/Feb/2022:07:33:24 +0100] "GET /fonts/materialdesignicons-webfont.woff2?v=2.5.94 HTTP/1.1" 200 109248
0:0:0:0:0:0:0:1 - - [09/Feb/2022:07:33:24 +0100] "GET /fonts/themify.woff?-fvbane HTTP/1.1" 200 56108
0:0:0:0:0:0:0:1 - - [09/Feb/2022:07:33:34 +0100] "GET /cne/liste HTTP/1.1" 200 25606
0:0:0:0:0:0:0:1 - - [09/Feb/2022:07:33:34 +0100] "GET /css/plugins/morris/morris.css HTTP/1.1" 404 28104
0:0:0:0:0:0:0:1 - - [09/Feb/2022:07:33:34 +0100] "GET /css/plugins/jvectormap/jquery-jvectormap-2.0.2.css HTTP/1.1" 404 28104
0:0:0:0:0:0:0:1 - - [09/Feb/2022:07:33:34 +0100] "GET /css/bootstrap.min.css HTTP/1.1" 200 155759
0:0:0:0:0:0:0:1 - - [09/Feb/2022:07:33:34 +0100] "GET /css/style.css HTTP/1.1" 200 86136
0:0:0:0:0:0:0:1 - - [09/Feb/2022:07:33:34 +0100] "GET /css/icons.css HTTP/1.1" 200 252644
0:0:0:0:0:0:0:1 - - [09/Feb/2022:07:33:34 +0100] "GET /css/plugins/chartist/css/chartist.min.css HTTP/1.1" 404 28104
0:0:0:0:0:0:0:1 - - [09/Feb/2022:07:33:34 +0100] "GET /js/jquery.min.js HTTP/1.1" 200 86927
0:0:0:0:0:0:0:1 - - [09/Feb/2022:07:33:34 +0100] "GET /css/plugins/datatables/dataTables.bootstrap4.min.css HTTP/1.1" 404 28104
0:0:0:0:0:0:0:1 - - [09/Feb/2022:07:33:34 +0100] "GET /js/bootstrap.bundle.min.js HTTP/1.1" 200 78635
0:0:0:0:0:0:0:1 - - [09/Feb/2022:07:33:34 +0100] "GET /js/waves.min.js HTTP/1.1" 200 6329
0:0:0:0:0:0:0:1 - - [09/Feb/2022:07:33:34 +0100] "GET /plugins/datatables/dataTables.bootstrap4.min.js HTTP/1.1" 200 2085
0:0:0:0:0:0:0:1 - - [09/Feb/2022:07:33:34 +0100] "GET /plugins/datatables/jquery.dataTables.min.js HTTP/1.1" 200 82411
0:0:0:0:0:0:0:1 - - [09/Feb/2022:07:33:34 +0100] "GET /js/jquery.slimscroll.min.js HTTP/1.1" 200 4724
0:0:0:0:0:0:0:1 - - [09/Feb/2022:07:33:34 +0100] "GET /plugins/datatables/dataTables.buttons.min.js HTTP/1.1" 200 18259
0:0:0:0:0:0:0:1 - - [09/Feb/2022:07:33:34 +0100] "GET /plugins/datatables/buttons.bootstrap4.min.js HTTP/1.1" 200 896
0:0:0:0:0:0:0:1 - - [09/Feb/2022:07:33:34 +0100] "GET /plugins/datatables/jszip.min.js HTTP/1.1" 200 102328
0:0:0:0:0:0:0:1 - - [09/Feb/2022:07:33:34 +0100] "GET /plugins/datatables/buttons.html5.min.js HTTP/1.1" 200 24009
0:0:0:0:0:0:0:1 - - [09/Feb/2022:07:33:34 +0100] "GET /plugins/datatables/buttons.print.min.js HTTP/1.1" 200 2087
0:0:0:0:0:0:0:1 - - [09/Feb/2022:07:33:34 +0100] "GET /plugins/datatables/pdfmake.min.js HTTP/1.1" 200 974460
0:0:0:0:0:0:0:1 - - [09/Feb/2022:07:33:34 +0100] "GET /plugins/datatables/vfs_fonts.js HTTP/1.1" 200 870289
0:0:0:0:0:0:0:1 - - [09/Feb/2022:07:33:34 +0100] "GET /plugins/datatables/buttons.colVis.min.js HTTP/1.1" 200 2763
0:0:0:0:0:0:0:1 - - [09/Feb/2022:07:33:34 +0100] "GET /plugins/datatables/dataTables.responsive.min.js HTTP/1.1" 200 11056
0:0:0:0:0:0:0:1 - - [09/Feb/2022:07:33:34 +0100] "GET /plugins/datatables/responsive.bootstrap4.min.js HTTP/1.1" 200 1183
0:0:0:0:0:0:0:1 - - [09/Feb/2022:07:33:34 +0100] "GET /pages/jquery.table-datatable.js HTTP/1.1" 200 513
0:0:0:0:0:0:0:1 - - [09/Feb/2022:07:33:34 +0100] "GET /js/app.js HTTP/1.1" 200 3855
0:0:0:0:0:0:0:1 - - [09/Feb/2022:07:33:34 +0100] "GET /images/logo-sm.png HTTP/1.1" 200 4992
0:0:0:0:0:0:0:1 - - [09/Feb/2022:07:33:34 +0100] "GET /images/logo.png HTTP/1.1" 200 4190
0:0:0:0:0:0:0:1 - - [09/Feb/2022:07:33:34 +0100] "GET /images/users/user-1.jpg HTTP/1.1" 200 2557
0:0:0:0:0:0:0:1 - - [09/Feb/2022:07:33:34 +0100] "GET /fonts/materialdesignicons-webfont.woff2?v=2.5.94 HTTP/1.1" 200 109248
0:0:0:0:0:0:0:1 - - [09/Feb/2022:07:33:34 +0100] "GET /fonts/dripicons-v2.woff HTTP/1.1" 200 26004
0:0:0:0:0:0:0:1 - - [09/Feb/2022:07:33:34 +0100] "GET /fonts/fa-solid-900.woff2 HTTP/1.1" 200 79072
0:0:0:0:0:0:0:1 - - [09/Feb/2022:07:33:34 +0100] "GET /fonts/themify.woff?-fvbane HTTP/1.1" 200 56108
0:0:0:0:0:0:0:1 - - [09/Feb/2022:07:33:37 +0100] "GET /projettic/liste HTTP/1.1" 200 25805
0:0:0:0:0:0:0:1 - - [09/Feb/2022:07:33:37 +0100] "GET /css/icons.css HTTP/1.1" 200 252644
0:0:0:0:0:0:0:1 - - [09/Feb/2022:07:33:37 +0100] "GET /css/bootstrap.min.css HTTP/1.1" 200 155759
0:0:0:0:0:0:0:1 - - [09/Feb/2022:07:33:37 +0100] "GET /css/plugins/morris/morris.css HTTP/1.1" 404 28104
0:0:0:0:0:0:0:1 - - [09/Feb/2022:07:33:37 +0100] "GET /css/plugins/datatables/dataTables.bootstrap4.min.css HTTP/1.1" 404 28104
0:0:0:0:0:0:0:1 - - [09/Feb/2022:07:33:37 +0100] "GET /css/plugins/jvectormap/jquery-jvectormap-2.0.2.css HTTP/1.1" 404 28104
0:0:0:0:0:0:0:1 - - [09/Feb/2022:07:33:37 +0100] "GET /css/style.css HTTP/1.1" 200 86136
0:0:0:0:0:0:0:1 - - [09/Feb/2022:07:33:37 +0100] "GET /css/plugins/chartist/css/chartist.min.css HTTP/1.1" 404 28104
0:0:0:0:0:0:0:1 - - [09/Feb/2022:07:33:37 +0100] "GET /js/bootstrap.bundle.min.js HTTP/1.1" 200 78635
0:0:0:0:0:0:0:1 - - [09/Feb/2022:07:33:37 +0100] "GET /js/jquery.min.js HTTP/1.1" 200 86927
0:0:0:0:0:0:0:1 - - [09/Feb/2022:07:33:37 +0100] "GET /js/waves.min.js HTTP/1.1" 200 6329
0:0:0:0:0:0:0:1 - - [09/Feb/2022:07:33:37 +0100] "GET /js/jquery.slimscroll.min.js HTTP/1.1" 200 4724
0:0:0:0:0:0:0:1 - - [09/Feb/2022:07:33:37 +0100] "GET /plugins/datatables/jquery.dataTables.min.js HTTP/1.1" 200 82411
0:0:0:0:0:0:0:1 - - [09/Feb/2022:07:33:37 +0100] "GET /plugins/datatables/dataTables.bootstrap4.min.js HTTP/1.1" 200 2085
0:0:0:0:0:0:0:1 - - [09/Feb/2022:07:33:37 +0100] "GET /plugins/datatables/dataTables.buttons.min.js HTTP/1.1" 200 18259
0:0:0:0:0:0:0:1 - - [09/Feb/2022:07:33:37 +0100] "GET /plugins/datatables/buttons.bootstrap4.min.js HTTP/1.1" 200 896
0:0:0:0:0:0:0:1 - - [09/Feb/2022:07:33:37 +0100] "GET /plugins/datatables/jszip.min.js HTTP/1.1" 200 102328
0:0:0:0:0:0:0:1 - - [09/Feb/2022:07:33:37 +0100] "GET /plugins/datatables/buttons.html5.min.js HTTP/1.1" 200 24009
0:0:0:0:0:0:0:1 - - [09/Feb/2022:07:33:37 +0100] "GET /plugins/datatables/buttons.print.min.js HTTP/1.1" 200 2087
0:0:0:0:0:0:0:1 - - [09/Feb/2022:07:33:37 +0100] "GET /plugins/datatables/pdfmake.min.js HTTP/1.1" 200 974460
0:0:0:0:0:0:0:1 - - [09/Feb/2022:07:33:37 +0100] "GET /plugins/datatables/buttons.colVis.min.js HTTP/1.1" 200 2763
0:0:0:0:0:0:0:1 - - [09/Feb/2022:07:33:37 +0100] "GET /plugins/datatables/vfs_fonts.js HTTP/1.1" 200 870289
0:0:0:0:0:0:0:1 - - [09/Feb/2022:07:33:37 +0100] "GET /plugins/datatables/dataTables.responsive.min.js HTTP/1.1" 200 11056
0:0:0:0:0:0:0:1 - - [09/Feb/2022:07:33:37 +0100] "GET /plugins/datatables/responsive.bootstrap4.min.js HTTP/1.1" 200 1183
0:0:0:0:0:0:0:1 - - [09/Feb/2022:07:33:37 +0100] "GET /pages/jquery.table-datatable.js HTTP/1.1" 200 513
0:0:0:0:0:0:0:1 - - [09/Feb/2022:07:33:37 +0100] "GET /js/app.js HTTP/1.1" 200 3855
0:0:0:0:0:0:0:1 - - [09/Feb/2022:07:33:37 +0100] "GET /images/logo.png HTTP/1.1" 200 4190
0:0:0:0:0:0:0:1 - - [09/Feb/2022:07:33:37 +0100] "GET /images/logo-sm.png HTTP/1.1" 200 4992
0:0:0:0:0:0:0:1 - - [09/Feb/2022:07:33:37 +0100] "GET /images/users/user-1.jpg HTTP/1.1" 200 2557
0:0:0:0:0:0:0:1 - - [09/Feb/2022:07:33:37 +0100] "GET /fonts/dripicons-v2.woff HTTP/1.1" 200 26004
0:0:0:0:0:0:0:1 - - [09/Feb/2022:07:33:37 +0100] "GET /fonts/materialdesignicons-webfont.woff2?v=2.5.94 HTTP/1.1" 200 109248
0:0:0:0:0:0:0:1 - - [09/Feb/2022:07:33:37 +0100] "GET /fonts/fa-solid-900.woff2 HTTP/1.1" 200 79072
0:0:0:0:0:0:0:1 - - [09/Feb/2022:07:33:37 +0100] "GET /fonts/themify.woff?-fvbane HTTP/1.1" 200 56108
0:0:0:0:0:0:0:1 - - [09/Feb/2022:07:33:46 +0100] "GET /projettic/liste HTTP/1.1" 200 25805
0:0:0:0:0:0:0:1 - - [09/Feb/2022:07:33:46 +0100] "GET /css/bootstrap.min.css HTTP/1.1" 200 155759
0:0:0:0:0:0:0:1 - - [09/Feb/2022:07:33:46 +0100] "GET /css/icons.css HTTP/1.1" 200 252644
0:0:0:0:0:0:0:1 - - [09/Feb/2022:07:33:46 +0100] "GET /css/plugins/morris/morris.css HTTP/1.1" 404 28104
0:0:0:0:0:0:0:1 - - [09/Feb/2022:07:33:46 +0100] "GET /css/plugins/datatables/dataTables.bootstrap4.min.css HTTP/1.1" 404 28104
0:0:0:0:0:0:0:1 - - [09/Feb/2022:07:33:46 +0100] "GET /css/style.css HTTP/1.1" 200 86136
0:0:0:0:0:0:0:1 - - [09/Feb/2022:07:33:46 +0100] "GET /css/plugins/jvectormap/jquery-jvectormap-2.0.2.css HTTP/1.1" 404 28104
0:0:0:0:0:0:0:1 - - [09/Feb/2022:07:33:46 +0100] "GET /css/plugins/chartist/css/chartist.min.css HTTP/1.1" 404 28104
0:0:0:0:0:0:0:1 - - [09/Feb/2022:07:33:46 +0100] "GET /js/jquery.min.js HTTP/1.1" 200 86927
0:0:0:0:0:0:0:1 - - [09/Feb/2022:07:33:46 +0100] "GET /js/bootstrap.bundle.min.js HTTP/1.1" 200 78635
0:0:0:0:0:0:0:1 - - [09/Feb/2022:07:33:46 +0100] "GET /js/waves.min.js HTTP/1.1" 200 6329
0:0:0:0:0:0:0:1 - - [09/Feb/2022:07:33:46 +0100] "GET /js/jquery.slimscroll.min.js HTTP/1.1" 200 4724
0:0:0:0:0:0:0:1 - - [09/Feb/2022:07:33:46 +0100] "GET /plugins/datatables/jquery.dataTables.min.js HTTP/1.1" 200 82411
0:0:0:0:0:0:0:1 - - [09/Feb/2022:07:33:46 +0100] "GET /plugins/datatables/dataTables.bootstrap4.min.js HTTP/1.1" 200 2085
0:0:0:0:0:0:0:1 - - [09/Feb/2022:07:33:46 +0100] "GET /plugins/datatables/dataTables.buttons.min.js HTTP/1.1" 200 18259
0:0:0:0:0:0:0:1 - - [09/Feb/2022:07:33:46 +0100] "GET /plugins/datatables/buttons.bootstrap4.min.js HTTP/1.1" 200 896
0:0:0:0:0:0:0:1 - - [09/Feb/2022:07:33:46 +0100] "GET /plugins/datatables/jszip.min.js HTTP/1.1" 200 102328
0:0:0:0:0:0:0:1 - - [09/Feb/2022:07:33:46 +0100] "GET /plugins/datatables/buttons.html5.min.js HTTP/1.1" 200 24009
0:0:0:0:0:0:0:1 - - [09/Feb/2022:07:33:46 +0100] "GET /plugins/datatables/vfs_fonts.js HTTP/1.1" 200 870289
0:0:0:0:0:0:0:1 - - [09/Feb/2022:07:33:46 +0100] "GET /plugins/datatables/pdfmake.min.js HTTP/1.1" 200 974460
0:0:0:0:0:0:0:1 - - [09/Feb/2022:07:33:46 +0100] "GET /plugins/datatables/buttons.print.min.js HTTP/1.1" 200 2087
0:0:0:0:0:0:0:1 - - [09/Feb/2022:07:33:46 +0100] "GET /plugins/datatables/buttons.colVis.min.js HTTP/1.1" 200 2763
0:0:0:0:0:0:0:1 - - [09/Feb/2022:07:33:46 +0100] "GET /plugins/datatables/dataTables.responsive.min.js HTTP/1.1" 200 11056
0:0:0:0:0:0:0:1 - - [09/Feb/2022:07:33:46 +0100] "GET /plugins/datatables/responsive.bootstrap4.min.js HTTP/1.1" 200 1183
0:0:0:0:0:0:0:1 - - [09/Feb/2022:07:33:46 +0100] "GET /js/app.js HTTP/1.1" 200 3855
0:0:0:0:0:0:0:1 - - [09/Feb/2022:07:33:46 +0100] "GET /pages/jquery.table-datatable.js HTTP/1.1" 200 513
0:0:0:0:0:0:0:1 - - [09/Feb/2022:07:33:46 +0100] "GET /images/logo-sm.png HTTP/1.1" 200 4992
0:0:0:0:0:0:0:1 - - [09/Feb/2022:07:33:46 +0100] "GET /images/logo.png HTTP/1.1" 200 4190
0:0:0:0:0:0:0:1 - - [09/Feb/2022:07:33:46 +0100] "GET /images/users/user-1.jpg HTTP/1.1" 200 2557
0:0:0:0:0:0:0:1 - - [09/Feb/2022:07:33:46 +0100] "GET /fonts/dripicons-v2.woff HTTP/1.1" 200 26004
0:0:0:0:0:0:0:1 - - [09/Feb/2022:07:33:46 +0100] "GET /fonts/materialdesignicons-webfont.woff2?v=2.5.94 HTTP/1.1" 200 109248
0:0:0:0:0:0:0:1 - - [09/Feb/2022:07:33:46 +0100] "GET /fonts/fa-solid-900.woff2 HTTP/1.1" 200 79072
0:0:0:0:0:0:0:1 - - [09/Feb/2022:07:33:46 +0100] "GET /fonts/themify.woff?-fvbane HTTP/1.1" 200 56108
0:0:0:0:0:0:0:1 - - [09/Feb/2022:07:34:12 +0100] "GET /groupageparmo/liste HTTP/1.1" 200 24163
0:0:0:0:0:0:0:1 - - [09/Feb/2022:07:34:13 +0100] "GET /css/bootstrap.min.css HTTP/1.1" 200 155759
0:0:0:0:0:0:0:1 - - [09/Feb/2022:07:34:13 +0100] "GET /css/plugins/morris/morris.css HTTP/1.1" 404 28104
0:0:0:0:0:0:0:1 - - [09/Feb/2022:07:34:13 +0100] "GET /css/plugins/chartist/css/chartist.min.css HTTP/1.1" 404 28104
0:0:0:0:0:0:0:1 - - [09/Feb/2022:07:34:13 +0100] "GET /css/plugins/datatables/dataTables.bootstrap4.min.css HTTP/1.1" 404 28104
0:0:0:0:0:0:0:1 - - [09/Feb/2022:07:34:13 +0100] "GET /css/icons.css HTTP/1.1" 200 252644
0:0:0:0:0:0:0:1 - - [09/Feb/2022:07:34:13 +0100] "GET /css/plugins/jvectormap/jquery-jvectormap-2.0.2.css HTTP/1.1" 404 28104
0:0:0:0:0:0:0:1 - - [09/Feb/2022:07:34:13 +0100] "GET /css/style.css HTTP/1.1" 200 86136
0:0:0:0:0:0:0:1 - - [09/Feb/2022:07:34:13 +0100] "GET /js/waves.min.js HTTP/1.1" 200 6329
0:0:0:0:0:0:0:1 - - [09/Feb/2022:07:34:13 +0100] "GET /js/jquery.min.js HTTP/1.1" 200 86927
0:0:0:0:0:0:0:1 - - [09/Feb/2022:07:34:13 +0100] "GET /js/jquery.slimscroll.min.js HTTP/1.1" 200 4724
0:0:0:0:0:0:0:1 - - [09/Feb/2022:07:34:13 +0100] "GET /plugins/datatables/jquery.dataTables.min.js HTTP/1.1" 200 82411
0:0:0:0:0:0:0:1 - - [09/Feb/2022:07:34:13 +0100] "GET /plugins/datatables/dataTables.bootstrap4.min.js HTTP/1.1" 200 2085
0:0:0:0:0:0:0:1 - - [09/Feb/2022:07:34:13 +0100] "GET /js/bootstrap.bundle.min.js HTTP/1.1" 200 78635
0:0:0:0:0:0:0:1 - - [09/Feb/2022:07:34:13 +0100] "GET /plugins/datatables/buttons.bootstrap4.min.js HTTP/1.1" 200 896
0:0:0:0:0:0:0:1 - - [09/Feb/2022:07:34:13 +0100] "GET /plugins/datatables/dataTables.buttons.min.js HTTP/1.1" 200 18259
0:0:0:0:0:0:0:1 - - [09/Feb/2022:07:34:13 +0100] "GET /plugins/datatables/jszip.min.js HTTP/1.1" 200 102328
0:0:0:0:0:0:0:1 - - [09/Feb/2022:07:34:13 +0100] "GET /plugins/datatables/buttons.html5.min.js HTTP/1.1" 200 24009
0:0:0:0:0:0:0:1 - - [09/Feb/2022:07:34:13 +0100] "GET /plugins/datatables/vfs_fonts.js HTTP/1.1" 200 870289
0:0:0:0:0:0:0:1 - - [09/Feb/2022:07:34:13 +0100] "GET /plugins/datatables/pdfmake.min.js HTTP/1.1" 200 974460
0:0:0:0:0:0:0:1 - - [09/Feb/2022:07:34:13 +0100] "GET /plugins/datatables/buttons.print.min.js HTTP/1.1" 200 2087
0:0:0:0:0:0:0:1 - - [09/Feb/2022:07:34:13 +0100] "GET /plugins/datatables/dataTables.responsive.min.js HTTP/1.1" 200 11056
0:0:0:0:0:0:0:1 - - [09/Feb/2022:07:34:13 +0100] "GET /plugins/datatables/buttons.colVis.min.js HTTP/1.1" 200 2763
0:0:0:0:0:0:0:1 - - [09/Feb/2022:07:34:13 +0100] "GET /plugins/datatables/responsive.bootstrap4.min.js HTTP/1.1" 200 1183
0:0:0:0:0:0:0:1 - - [09/Feb/2022:07:34:13 +0100] "GET /pages/jquery.table-datatable.js HTTP/1.1" 200 513
0:0:0:0:0:0:0:1 - - [09/Feb/2022:07:34:13 +0100] "GET /js/app.js HTTP/1.1" 200 3855
0:0:0:0:0:0:0:1 - - [09/Feb/2022:07:34:13 +0100] "GET /images/logo-sm.png HTTP/1.1" 200 4992
0:0:0:0:0:0:0:1 - - [09/Feb/2022:07:34:13 +0100] "GET /images/users/user-1.jpg HTTP/1.1" 200 2557
0:0:0:0:0:0:0:1 - - [09/Feb/2022:07:34:13 +0100] "GET /images/logo.png HTTP/1.1" 200 4190
0:0:0:0:0:0:0:1 - - [09/Feb/2022:07:34:13 +0100] "GET /groupageparmo/piechart HTTP/1.1" 200 52292
0:0:0:0:0:0:0:1 - - [09/Feb/2022:07:34:13 +0100] "GET /groupageparmo/piechart2 HTTP/1.1" 200 51597
0:0:0:0:0:0:0:1 - - [09/Feb/2022:07:34:13 +0100] "GET /groupageparmo/barchart2 HTTP/1.1" 200 54536
0:0:0:0:0:0:0:1 - - [09/Feb/2022:07:34:13 +0100] "GET /groupageparmo/barchart HTTP/1.1" 200 55065
0:0:0:0:0:0:0:1 - - [09/Feb/2022:07:34:13 +0100] "GET /fonts/dripicons-v2.woff HTTP/1.1" 200 26004
0:0:0:0:0:0:0:1 - - [09/Feb/2022:07:34:13 +0100] "GET /fonts/materialdesignicons-webfont.woff2?v=2.5.94 HTTP/1.1" 200 109248
0:0:0:0:0:0:0:1 - - [09/Feb/2022:07:34:13 +0100] "GET /fonts/fa-solid-900.woff2 HTTP/1.1" 200 79072
0:0:0:0:0:0:0:1 - - [09/Feb/2022:07:34:30 +0100] "POST /groupageparmo/liste HTTP/1.1" 200 25291
0:0:0:0:0:0:0:1 - - [09/Feb/2022:07:34:30 +0100] "GET /css/bootstrap.min.css HTTP/1.1" 200 155759
0:0:0:0:0:0:0:1 - - [09/Feb/2022:07:34:30 +0100] "GET /css/icons.css HTTP/1.1" 200 252644
0:0:0:0:0:0:0:1 - - [09/Feb/2022:07:34:30 +0100] "GET /css/style.css HTTP/1.1" 200 86136
0:0:0:0:0:0:0:1 - - [09/Feb/2022:07:34:30 +0100] "GET /css/plugins/jvectormap/jquery-jvectormap-2.0.2.css HTTP/1.1" 404 28104
0:0:0:0:0:0:0:1 - - [09/Feb/2022:07:34:30 +0100] "GET /css/plugins/morris/morris.css HTTP/1.1" 404 28104
0:0:0:0:0:0:0:1 - - [09/Feb/2022:07:34:30 +0100] "GET /css/plugins/datatables/dataTables.bootstrap4.min.css HTTP/1.1" 404 28104
0:0:0:0:0:0:0:1 - - [09/Feb/2022:07:34:30 +0100] "GET /css/plugins/chartist/css/chartist.min.css HTTP/1.1" 404 28104
0:0:0:0:0:0:0:1 - - [09/Feb/2022:07:34:30 +0100] "GET /js/waves.min.js HTTP/1.1" 200 6329
0:0:0:0:0:0:0:1 - - [09/Feb/2022:07:34:30 +0100] "GET /js/jquery.slimscroll.min.js HTTP/1.1" 200 4724
0:0:0:0:0:0:0:1 - - [09/Feb/2022:07:34:30 +0100] "GET /js/jquery.min.js HTTP/1.1" 200 86927
0:0:0:0:0:0:0:1 - - [09/Feb/2022:07:34:30 +0100] "GET /plugins/datatables/dataTables.bootstrap4.min.js HTTP/1.1" 200 2085
0:0:0:0:0:0:0:1 - - [09/Feb/2022:07:34:30 +0100] "GET /js/bootstrap.bundle.min.js HTTP/1.1" 200 78635
0:0:0:0:0:0:0:1 - - [09/Feb/2022:07:34:30 +0100] "GET /plugins/datatables/jquery.dataTables.min.js HTTP/1.1" 200 82411
0:0:0:0:0:0:0:1 - - [09/Feb/2022:07:34:30 +0100] "GET /plugins/datatables/dataTables.buttons.min.js HTTP/1.1" 200 18259
0:0:0:0:0:0:0:1 - - [09/Feb/2022:07:34:30 +0100] "GET /plugins/datatables/buttons.bootstrap4.min.js HTTP/1.1" 200 896
0:0:0:0:0:0:0:1 - - [09/Feb/2022:07:34:30 +0100] "GET /plugins/datatables/jszip.min.js HTTP/1.1" 200 102328
0:0:0:0:0:0:0:1 - - [09/Feb/2022:07:34:30 +0100] "GET /plugins/datatables/buttons.html5.min.js HTTP/1.1" 200 24009
0:0:0:0:0:0:0:1 - - [09/Feb/2022:07:34:30 +0100] "GET /plugins/datatables/vfs_fonts.js HTTP/1.1" 200 870289
0:0:0:0:0:0:0:1 - - [09/Feb/2022:07:34:30 +0100] "GET /plugins/datatables/buttons.print.min.js HTTP/1.1" 200 2087
0:0:0:0:0:0:0:1 - - [09/Feb/2022:07:34:30 +0100] "GET /plugins/datatables/buttons.colVis.min.js HTTP/1.1" 200 2763
0:0:0:0:0:0:0:1 - - [09/Feb/2022:07:34:30 +0100] "GET /plugins/datatables/dataTables.responsive.min.js HTTP/1.1" 200 11056
0:0:0:0:0:0:0:1 - - [09/Feb/2022:07:34:30 +0100] "GET /pages/jquery.table-datatable.js HTTP/1.1" 200 513
0:0:0:0:0:0:0:1 - - [09/Feb/2022:07:34:30 +0100] "GET /plugins/datatables/responsive.bootstrap4.min.js HTTP/1.1" 200 1183
0:0:0:0:0:0:0:1 - - [09/Feb/2022:07:34:30 +0100] "GET /js/app.js HTTP/1.1" 200 3855
0:0:0:0:0:0:0:1 - - [09/Feb/2022:07:34:30 +0100] "GET /images/logo-sm.png HTTP/1.1" 200 4992
0:0:0:0:0:0:0:1 - - [09/Feb/2022:07:34:30 +0100] "GET /images/logo.png HTTP/1.1" 200 4190
0:0:0:0:0:0:0:1 - - [09/Feb/2022:07:34:30 +0100] "GET /images/users/user-1.jpg HTTP/1.1" 200 2557
0:0:0:0:0:0:0:1 - - [09/Feb/2022:07:34:30 +0100] "GET /plugins/datatables/pdfmake.min.js HTTP/1.1" 200 974460
0:0:0:0:0:0:0:1 - - [09/Feb/2022:07:34:30 +0100] "GET /fonts/dripicons-v2.woff HTTP/1.1" 200 26004
0:0:0:0:0:0:0:1 - - [09/Feb/2022:07:34:30 +0100] "GET /fonts/materialdesignicons-webfont.woff2?v=2.5.94 HTTP/1.1" 200 109248
0:0:0:0:0:0:0:1 - - [09/Feb/2022:07:34:30 +0100] "GET /groupageparmo/barchart HTTP/1.1" 200 65741
0:0:0:0:0:0:0:1 - - [09/Feb/2022:07:34:30 +0100] "GET /fonts/fa-solid-900.woff2 HTTP/1.1" 200 79072
0:0:0:0:0:0:0:1 - - [09/Feb/2022:07:34:30 +0100] "GET /groupageparmo/piechart HTTP/1.1" 200 86941
0:0:0:0:0:0:0:1 - - [09/Feb/2022:07:34:30 +0100] "GET /groupageparmo/barchart2 HTTP/1.1" 200 66932
0:0:0:0:0:0:0:1 - - [09/Feb/2022:07:34:30 +0100] "GET /groupageparmo/piechart2 HTTP/1.1" 200 85967
0:0:0:0:0:0:0:1 - - [09/Feb/2022:07:35:38 +0100] "GET /projettic/liste HTTP/1.1" 200 25805
0:0:0:0:0:0:0:1 - - [09/Feb/2022:07:35:38 +0100] "GET /css/icons.css HTTP/1.1" 200 252644
0:0:0:0:0:0:0:1 - - [09/Feb/2022:07:35:38 +0100] "GET /css/plugins/chartist/css/chartist.min.css HTTP/1.1" 404 28104
0:0:0:0:0:0:0:1 - - [09/Feb/2022:07:35:38 +0100] "GET /css/bootstrap.min.css HTTP/1.1" 200 155759
0:0:0:0:0:0:0:1 - - [09/Feb/2022:07:35:38 +0100] "GET /css/style.css HTTP/1.1" 200 86136
0:0:0:0:0:0:0:1 - - [09/Feb/2022:07:35:38 +0100] "GET /css/plugins/jvectormap/jquery-jvectormap-2.0.2.css HTTP/1.1" 404 28104
0:0:0:0:0:0:0:1 - - [09/Feb/2022:07:35:38 +0100] "GET /css/plugins/datatables/dataTables.bootstrap4.min.css HTTP/1.1" 404 28104
0:0:0:0:0:0:0:1 - - [09/Feb/2022:07:35:38 +0100] "GET /css/plugins/morris/morris.css HTTP/1.1" 404 28104
0:0:0:0:0:0:0:1 - - [09/Feb/2022:07:35:38 +0100] "GET /js/jquery.min.js HTTP/1.1" 200 86927
0:0:0:0:0:0:0:1 - - [09/Feb/2022:07:35:38 +0100] "GET /js/bootstrap.bundle.min.js HTTP/1.1" 200 78635
0:0:0:0:0:0:0:1 - - [09/Feb/2022:07:35:38 +0100] "GET /plugins/datatables/dataTables.bootstrap4.min.js HTTP/1.1" 200 2085
0:0:0:0:0:0:0:1 - - [09/Feb/2022:07:35:38 +0100] "GET /js/waves.min.js HTTP/1.1" 200 6329
0:0:0:0:0:0:0:1 - - [09/Feb/2022:07:35:38 +0100] "GET /plugins/datatables/jquery.dataTables.min.js HTTP/1.1" 200 82411
0:0:0:0:0:0:0:1 - - [09/Feb/2022:07:35:38 +0100] "GET /js/jquery.slimscroll.min.js HTTP/1.1" 200 4724
0:0:0:0:0:0:0:1 - - [09/Feb/2022:07:35:38 +0100] "GET /plugins/datatables/buttons.bootstrap4.min.js HTTP/1.1" 200 896
0:0:0:0:0:0:0:1 - - [09/Feb/2022:07:35:38 +0100] "GET /plugins/datatables/dataTables.buttons.min.js HTTP/1.1" 200 18259
0:0:0:0:0:0:0:1 - - [09/Feb/2022:07:35:38 +0100] "GET /plugins/datatables/jszip.min.js HTTP/1.1" 200 102328
0:0:0:0:0:0:0:1 - - [09/Feb/2022:07:35:38 +0100] "GET /plugins/datatables/buttons.print.min.js HTTP/1.1" 200 2087
0:0:0:0:0:0:0:1 - - [09/Feb/2022:07:35:38 +0100] "GET /plugins/datatables/buttons.colVis.min.js HTTP/1.1" 200 2763
0:0:0:0:0:0:0:1 - - [09/Feb/2022:07:35:38 +0100] "GET /plugins/datatables/buttons.html5.min.js HTTP/1.1" 200 24009
0:0:0:0:0:0:0:1 - - [09/Feb/2022:07:35:38 +0100] "GET /plugins/datatables/vfs_fonts.js HTTP/1.1" 200 870289
0:0:0:0:0:0:0:1 - - [09/Feb/2022:07:35:38 +0100] "GET /plugins/datatables/pdfmake.min.js HTTP/1.1" 200 974460
0:0:0:0:0:0:0:1 - - [09/Feb/2022:07:35:38 +0100] "GET /plugins/datatables/dataTables.responsive.min.js HTTP/1.1" 200 11056
0:0:0:0:0:0:0:1 - - [09/Feb/2022:07:35:38 +0100] "GET /plugins/datatables/responsive.bootstrap4.min.js HTTP/1.1" 200 1183
0:0:0:0:0:0:0:1 - - [09/Feb/2022:07:35:38 +0100] "GET /pages/jquery.table-datatable.js HTTP/1.1" 200 513
0:0:0:0:0:0:0:1 - - [09/Feb/2022:07:35:38 +0100] "GET /js/app.js HTTP/1.1" 200 3855
0:0:0:0:0:0:0:1 - - [09/Feb/2022:07:35:38 +0100] "GET /images/logo-sm.png HTTP/1.1" 200 4992
0:0:0:0:0:0:0:1 - - [09/Feb/2022:07:35:38 +0100] "GET /images/logo.png HTTP/1.1" 200 4190
0:0:0:0:0:0:0:1 - - [09/Feb/2022:07:35:38 +0100] "GET /images/users/user-1.jpg HTTP/1.1" 200 2557
0:0:0:0:0:0:0:1 - - [09/Feb/2022:07:35:38 +0100] "GET /fonts/dripicons-v2.woff HTTP/1.1" 200 26004
0:0:0:0:0:0:0:1 - - [09/Feb/2022:07:35:38 +0100] "GET /fonts/materialdesignicons-webfont.woff2?v=2.5.94 HTTP/1.1" 200 109248
0:0:0:0:0:0:0:1 - - [09/Feb/2022:07:35:38 +0100] "GET /fonts/fa-solid-900.woff2 HTTP/1.1" 200 79072
0:0:0:0:0:0:0:1 - - [09/Feb/2022:07:35:38 +0100] "GET /fonts/themify.woff?-fvbane HTTP/1.1" 200 56108
