0:0:0:0:0:0:0:1 - - [15/Jan/2022:02:07:01 +0100] "GET / HTTP/1.1" 200 6394
0:0:0:0:0:0:0:1 - - [15/Jan/2022:02:07:01 +0100] "GET /js/waves.min.js HTTP/1.1" 200 6329
0:0:0:0:0:0:0:1 - - [15/Jan/2022:02:07:01 +0100] "GET /css/style.css HTTP/1.1" 200 86136
0:0:0:0:0:0:0:1 - - [15/Jan/2022:02:07:01 +0100] "GET /js/jquery.min.js HTTP/1.1" 200 86927
0:0:0:0:0:0:0:1 - - [15/Jan/2022:02:07:01 +0100] "GET /js/bootstrap.bundle.min.js HTTP/1.1" 200 78635
0:0:0:0:0:0:0:1 - - [15/Jan/2022:02:07:01 +0100] "GET /css/icons.css HTTP/1.1" 200 252644
0:0:0:0:0:0:0:1 - - [15/Jan/2022:02:07:01 +0100] "GET /css/bootstrap.min.css HTTP/1.1" 200 155759
0:0:0:0:0:0:0:1 - - [15/Jan/2022:02:07:01 +0100] "GET /js/app.js HTTP/1.1" 200 3855
0:0:0:0:0:0:0:1 - - [15/Jan/2022:02:07:01 +0100] "GET /images/logo-sm.png HTTP/1.1" 200 4992
0:0:0:0:0:0:0:1 - - [15/Jan/2022:02:07:01 +0100] "GET /js/jquery.slimscroll.min.js HTTP/1.1" 200 4724
0:0:0:0:0:0:0:1 - - [15/Jan/2022:02:07:02 +0100] "GET /images/bg-1.jpg HTTP/1.1" 200 66234
0:0:0:0:0:0:0:1 - - [15/Jan/2022:02:07:02 +0100] "GET /fonts/fa-regular-400.woff2 HTTP/1.1" 200 14868
0:0:0:0:0:0:0:1 - - [15/Jan/2022:02:07:02 +0100] "GET /fonts/fa-solid-900.woff2 HTTP/1.1" 200 79072
0:0:0:0:0:0:0:1 - - [15/Jan/2022:02:07:02 +0100] "GET /fonts/materialdesignicons-webfont.woff2?v=2.5.94 HTTP/1.1" 200 109248
0:0:0:0:0:0:0:1 - - [15/Jan/2022:07:19:40 +0100] "GET / HTTP/1.1" 200 6394
0:0:0:0:0:0:0:1 - - [15/Jan/2022:07:19:40 +0100] "GET /css/style.css HTTP/1.1" 200 86136
0:0:0:0:0:0:0:1 - - [15/Jan/2022:07:19:40 +0100] "GET /css/bootstrap.min.css HTTP/1.1" 200 155759
0:0:0:0:0:0:0:1 - - [15/Jan/2022:07:19:40 +0100] "GET /css/icons.css HTTP/1.1" 200 252644
0:0:0:0:0:0:0:1 - - [15/Jan/2022:07:19:40 +0100] "GET /js/waves.min.js HTTP/1.1" 200 6329
0:0:0:0:0:0:0:1 - - [15/Jan/2022:07:19:40 +0100] "GET /js/jquery.slimscroll.min.js HTTP/1.1" 200 4724
0:0:0:0:0:0:0:1 - - [15/Jan/2022:07:19:40 +0100] "GET /js/jquery.min.js HTTP/1.1" 200 86927
0:0:0:0:0:0:0:1 - - [15/Jan/2022:07:19:40 +0100] "GET /images/logo-sm.png HTTP/1.1" 200 4992
0:0:0:0:0:0:0:1 - - [15/Jan/2022:07:19:40 +0100] "GET /js/app.js HTTP/1.1" 200 3855
0:0:0:0:0:0:0:1 - - [15/Jan/2022:07:19:40 +0100] "GET /js/bootstrap.bundle.min.js HTTP/1.1" 200 78635
0:0:0:0:0:0:0:1 - - [15/Jan/2022:07:19:40 +0100] "GET /images/bg-1.jpg HTTP/1.1" 200 66234
0:0:0:0:0:0:0:1 - - [15/Jan/2022:07:19:40 +0100] "GET /fonts/fa-regular-400.woff2 HTTP/1.1" 200 14868
0:0:0:0:0:0:0:1 - - [15/Jan/2022:07:19:40 +0100] "GET /fonts/materialdesignicons-webfont.woff2?v=2.5.94 HTTP/1.1" 200 109248
0:0:0:0:0:0:0:1 - - [15/Jan/2022:07:19:40 +0100] "GET /fonts/fa-solid-900.woff2 HTTP/1.1" 200 79072
0:0:0:0:0:0:0:1 - - [15/Jan/2022:07:19:40 +0100] "GET /images/favicon.ico HTTP/1.1" 200 122593
0:0:0:0:0:0:0:1 - - [15/Jan/2022:07:19:47 +0100] "POST /perform_login HTTP/1.1" 302 -
0:0:0:0:0:0:0:1 - - [15/Jan/2022:07:19:47 +0100] "GET /page-login HTTP/1.1" 200 6394
0:0:0:0:0:0:0:1 - - [15/Jan/2022:07:19:47 +0100] "GET /css/bootstrap.min.css HTTP/1.1" 200 155759
0:0:0:0:0:0:0:1 - - [15/Jan/2022:07:19:47 +0100] "GET /css/style.css HTTP/1.1" 200 86136
0:0:0:0:0:0:0:1 - - [15/Jan/2022:07:19:47 +0100] "GET /css/icons.css HTTP/1.1" 200 252644
0:0:0:0:0:0:0:1 - - [15/Jan/2022:07:19:47 +0100] "GET /js/waves.min.js HTTP/1.1" 200 6329
0:0:0:0:0:0:0:1 - - [15/Jan/2022:07:19:47 +0100] "GET /js/bootstrap.bundle.min.js HTTP/1.1" 200 78635
0:0:0:0:0:0:0:1 - - [15/Jan/2022:07:19:47 +0100] "GET /js/jquery.min.js HTTP/1.1" 200 86927
0:0:0:0:0:0:0:1 - - [15/Jan/2022:07:19:47 +0100] "GET /js/jquery.slimscroll.min.js HTTP/1.1" 200 4724
0:0:0:0:0:0:0:1 - - [15/Jan/2022:07:19:47 +0100] "GET /js/app.js HTTP/1.1" 200 3855
0:0:0:0:0:0:0:1 - - [15/Jan/2022:07:19:47 +0100] "GET /images/logo-sm.png HTTP/1.1" 200 4992
0:0:0:0:0:0:0:1 - - [15/Jan/2022:07:19:47 +0100] "GET /images/bg-1.jpg HTTP/1.1" 200 66234
0:0:0:0:0:0:0:1 - - [15/Jan/2022:07:19:47 +0100] "GET /fonts/fa-regular-400.woff2 HTTP/1.1" 200 14868
0:0:0:0:0:0:0:1 - - [15/Jan/2022:07:19:47 +0100] "GET /fonts/fa-solid-900.woff2 HTTP/1.1" 200 79072
0:0:0:0:0:0:0:1 - - [15/Jan/2022:07:19:47 +0100] "GET /fonts/materialdesignicons-webfont.woff2?v=2.5.94 HTTP/1.1" 200 109248
0:0:0:0:0:0:0:1 - - [15/Jan/2022:19:40:44 +0100] "GET / HTTP/1.1" 302 -
0:0:0:0:0:0:0:1 - - [15/Jan/2022:19:40:45 +0100] "GET /page-login HTTP/1.1" 200 6394
0:0:0:0:0:0:0:1 - - [15/Jan/2022:19:40:45 +0100] "GET /css/bootstrap.min.css HTTP/1.1" 200 155759
0:0:0:0:0:0:0:1 - - [15/Jan/2022:19:40:45 +0100] "GET /css/icons.css HTTP/1.1" 200 252644
0:0:0:0:0:0:0:1 - - [15/Jan/2022:19:40:45 +0100] "GET /css/style.css HTTP/1.1" 200 86136
0:0:0:0:0:0:0:1 - - [15/Jan/2022:19:40:45 +0100] "GET /images/logo-sm.png HTTP/1.1" 200 4992
0:0:0:0:0:0:0:1 - - [15/Jan/2022:19:40:45 +0100] "GET /js/waves.min.js HTTP/1.1" 200 6329
0:0:0:0:0:0:0:1 - - [15/Jan/2022:19:40:45 +0100] "GET /js/jquery.slimscroll.min.js HTTP/1.1" 200 4724
0:0:0:0:0:0:0:1 - - [15/Jan/2022:19:40:45 +0100] "GET /js/app.js HTTP/1.1" 200 3855
0:0:0:0:0:0:0:1 - - [15/Jan/2022:19:40:45 +0100] "GET /js/bootstrap.bundle.min.js HTTP/1.1" 200 78635
0:0:0:0:0:0:0:1 - - [15/Jan/2022:19:40:45 +0100] "GET /js/jquery.min.js HTTP/1.1" 200 86927
0:0:0:0:0:0:0:1 - - [15/Jan/2022:19:40:45 +0100] "GET /images/bg-1.jpg HTTP/1.1" 200 66234
0:0:0:0:0:0:0:1 - - [15/Jan/2022:19:40:45 +0100] "GET /fonts/fa-regular-400.woff2 HTTP/1.1" 200 14868
0:0:0:0:0:0:0:1 - - [15/Jan/2022:19:40:45 +0100] "GET /fonts/fa-solid-900.woff2 HTTP/1.1" 200 79072
0:0:0:0:0:0:0:1 - - [15/Jan/2022:19:40:45 +0100] "GET /fonts/materialdesignicons-webfont.woff2?v=2.5.94 HTTP/1.1" 200 109248
0:0:0:0:0:0:0:1 - - [15/Jan/2022:19:40:52 +0100] "POST /perform_login HTTP/1.1" 302 -
0:0:0:0:0:0:0:1 - - [15/Jan/2022:19:40:52 +0100] "GET /page-login HTTP/1.1" 200 6394
0:0:0:0:0:0:0:1 - - [15/Jan/2022:19:40:52 +0100] "GET /css/style.css HTTP/1.1" 200 86136
0:0:0:0:0:0:0:1 - - [15/Jan/2022:19:40:52 +0100] "GET /css/icons.css HTTP/1.1" 200 252644
0:0:0:0:0:0:0:1 - - [15/Jan/2022:19:40:52 +0100] "GET /js/jquery.min.js HTTP/1.1" 200 86927
0:0:0:0:0:0:0:1 - - [15/Jan/2022:19:40:52 +0100] "GET /js/jquery.slimscroll.min.js HTTP/1.1" 200 4724
0:0:0:0:0:0:0:1 - - [15/Jan/2022:19:40:52 +0100] "GET /css/bootstrap.min.css HTTP/1.1" 200 155759
0:0:0:0:0:0:0:1 - - [15/Jan/2022:19:40:52 +0100] "GET /js/waves.min.js HTTP/1.1" 200 6329
0:0:0:0:0:0:0:1 - - [15/Jan/2022:19:40:52 +0100] "GET /js/bootstrap.bundle.min.js HTTP/1.1" 200 78635
0:0:0:0:0:0:0:1 - - [15/Jan/2022:19:40:52 +0100] "GET /js/app.js HTTP/1.1" 200 3855
0:0:0:0:0:0:0:1 - - [15/Jan/2022:19:40:52 +0100] "GET /images/logo-sm.png HTTP/1.1" 200 4992
0:0:0:0:0:0:0:1 - - [15/Jan/2022:19:40:52 +0100] "GET /images/bg-1.jpg HTTP/1.1" 200 66234
0:0:0:0:0:0:0:1 - - [15/Jan/2022:19:40:52 +0100] "GET /fonts/fa-regular-400.woff2 HTTP/1.1" 200 14868
0:0:0:0:0:0:0:1 - - [15/Jan/2022:19:40:52 +0100] "GET /fonts/materialdesignicons-webfont.woff2?v=2.5.94 HTTP/1.1" 200 109248
0:0:0:0:0:0:0:1 - - [15/Jan/2022:19:40:52 +0100] "GET /fonts/fa-solid-900.woff2 HTTP/1.1" 200 79072
0:0:0:0:0:0:0:1 - - [15/Jan/2022:19:40:54 +0100] "POST /perform_login HTTP/1.1" 302 -
0:0:0:0:0:0:0:1 - - [15/Jan/2022:19:40:54 +0100] "GET /page-login HTTP/1.1" 200 6394
0:0:0:0:0:0:0:1 - - [15/Jan/2022:19:40:54 +0100] "GET /css/style.css HTTP/1.1" 200 86136
0:0:0:0:0:0:0:1 - - [15/Jan/2022:19:40:54 +0100] "GET /css/icons.css HTTP/1.1" 200 252644
0:0:0:0:0:0:0:1 - - [15/Jan/2022:19:40:54 +0100] "GET /css/bootstrap.min.css HTTP/1.1" 200 155759
0:0:0:0:0:0:0:1 - - [15/Jan/2022:19:40:54 +0100] "GET /js/jquery.min.js HTTP/1.1" 200 86927
0:0:0:0:0:0:0:1 - - [15/Jan/2022:19:40:54 +0100] "GET /js/waves.min.js HTTP/1.1" 200 6329
0:0:0:0:0:0:0:1 - - [15/Jan/2022:19:40:54 +0100] "GET /js/jquery.slimscroll.min.js HTTP/1.1" 200 4724
0:0:0:0:0:0:0:1 - - [15/Jan/2022:19:40:54 +0100] "GET /js/app.js HTTP/1.1" 200 3855
0:0:0:0:0:0:0:1 - - [15/Jan/2022:19:40:54 +0100] "GET /images/logo-sm.png HTTP/1.1" 200 4992
0:0:0:0:0:0:0:1 - - [15/Jan/2022:19:40:54 +0100] "GET /js/bootstrap.bundle.min.js HTTP/1.1" 200 78635
0:0:0:0:0:0:0:1 - - [15/Jan/2022:19:40:54 +0100] "GET /images/bg-1.jpg HTTP/1.1" 200 66234
0:0:0:0:0:0:0:1 - - [15/Jan/2022:19:40:54 +0100] "GET /fonts/materialdesignicons-webfont.woff2?v=2.5.94 HTTP/1.1" 200 109248
0:0:0:0:0:0:0:1 - - [15/Jan/2022:19:40:54 +0100] "GET /fonts/fa-solid-900.woff2 HTTP/1.1" 200 79072
0:0:0:0:0:0:0:1 - - [15/Jan/2022:19:40:54 +0100] "GET /fonts/fa-regular-400.woff2 HTTP/1.1" 200 14868
0:0:0:0:0:0:0:1 - - [15/Jan/2022:19:41:53 +0100] "POST /perform_login HTTP/1.1" 302 -
0:0:0:0:0:0:0:1 - - [15/Jan/2022:19:41:55 +0100] "GET /dashboard HTTP/1.1" 500 8792
0:0:0:0:0:0:0:1 - - [15/Jan/2022:19:41:55 +0100] "GET /favicon.ico HTTP/1.1" 404 28104
0:0:0:0:0:0:0:1 - - [15/Jan/2022:19:52:34 +0100] "GET / HTTP/1.1" 200 6394
0:0:0:0:0:0:0:1 - - [15/Jan/2022:19:52:34 +0100] "GET /css/style.css HTTP/1.1" 200 86136
0:0:0:0:0:0:0:1 - - [15/Jan/2022:19:52:34 +0100] "GET /css/bootstrap.min.css HTTP/1.1" 200 155759
0:0:0:0:0:0:0:1 - - [15/Jan/2022:19:52:34 +0100] "GET /css/icons.css HTTP/1.1" 200 252644
0:0:0:0:0:0:0:1 - - [15/Jan/2022:19:52:34 +0100] "GET /js/bootstrap.bundle.min.js HTTP/1.1" 200 78635
0:0:0:0:0:0:0:1 - - [15/Jan/2022:19:52:34 +0100] "GET /js/waves.min.js HTTP/1.1" 200 6329
0:0:0:0:0:0:0:1 - - [15/Jan/2022:19:52:34 +0100] "GET /js/jquery.slimscroll.min.js HTTP/1.1" 200 4724
0:0:0:0:0:0:0:1 - - [15/Jan/2022:19:52:34 +0100] "GET /js/app.js HTTP/1.1" 200 3855
0:0:0:0:0:0:0:1 - - [15/Jan/2022:19:52:34 +0100] "GET /js/jquery.min.js HTTP/1.1" 200 86927
0:0:0:0:0:0:0:1 - - [15/Jan/2022:19:52:34 +0100] "GET /images/logo-sm.png HTTP/1.1" 200 4992
0:0:0:0:0:0:0:1 - - [15/Jan/2022:19:52:34 +0100] "GET /images/bg-1.jpg HTTP/1.1" 200 66234
0:0:0:0:0:0:0:1 - - [15/Jan/2022:19:52:34 +0100] "GET /fonts/fa-regular-400.woff2 HTTP/1.1" 200 14868
0:0:0:0:0:0:0:1 - - [15/Jan/2022:19:52:34 +0100] "GET /fonts/fa-solid-900.woff2 HTTP/1.1" 200 79072
0:0:0:0:0:0:0:1 - - [15/Jan/2022:19:52:34 +0100] "GET /fonts/materialdesignicons-webfont.woff2?v=2.5.94 HTTP/1.1" 200 109248
0:0:0:0:0:0:0:1 - - [15/Jan/2022:19:52:41 +0100] "POST /perform_login HTTP/1.1" 302 -
0:0:0:0:0:0:0:1 - - [15/Jan/2022:19:52:44 +0100] "GET /dashboard HTTP/1.1" 500 8792
0:0:0:0:0:0:0:1 - - [15/Jan/2022:20:04:42 +0100] "GET / HTTP/1.1" 200 6394
0:0:0:0:0:0:0:1 - - [15/Jan/2022:20:04:42 +0100] "GET /css/icons.css HTTP/1.1" 200 252644
0:0:0:0:0:0:0:1 - - [15/Jan/2022:20:04:42 +0100] "GET /css/style.css HTTP/1.1" 200 86136
0:0:0:0:0:0:0:1 - - [15/Jan/2022:20:04:42 +0100] "GET /css/bootstrap.min.css HTTP/1.1" 200 155759
0:0:0:0:0:0:0:1 - - [15/Jan/2022:20:04:42 +0100] "GET /js/bootstrap.bundle.min.js HTTP/1.1" 200 78635
0:0:0:0:0:0:0:1 - - [15/Jan/2022:20:04:42 +0100] "GET /js/jquery.min.js HTTP/1.1" 200 86927
0:0:0:0:0:0:0:1 - - [15/Jan/2022:20:04:42 +0100] "GET /js/jquery.slimscroll.min.js HTTP/1.1" 200 4724
0:0:0:0:0:0:0:1 - - [15/Jan/2022:20:04:42 +0100] "GET /js/waves.min.js HTTP/1.1" 200 6329
0:0:0:0:0:0:0:1 - - [15/Jan/2022:20:04:42 +0100] "GET /js/app.js HTTP/1.1" 200 3855
0:0:0:0:0:0:0:1 - - [15/Jan/2022:20:04:42 +0100] "GET /images/logo-sm.png HTTP/1.1" 200 4992
0:0:0:0:0:0:0:1 - - [15/Jan/2022:20:04:42 +0100] "GET /images/bg-1.jpg HTTP/1.1" 200 66234
0:0:0:0:0:0:0:1 - - [15/Jan/2022:20:04:42 +0100] "GET /fonts/fa-regular-400.woff2 HTTP/1.1" 200 14868
0:0:0:0:0:0:0:1 - - [15/Jan/2022:20:04:42 +0100] "GET /fonts/materialdesignicons-webfont.woff2?v=2.5.94 HTTP/1.1" 200 109248
0:0:0:0:0:0:0:1 - - [15/Jan/2022:20:04:42 +0100] "GET /fonts/fa-solid-900.woff2 HTTP/1.1" 200 79072
0:0:0:0:0:0:0:1 - - [15/Jan/2022:20:04:48 +0100] "POST /perform_login HTTP/1.1" 302 -
0:0:0:0:0:0:0:1 - - [15/Jan/2022:20:04:50 +0100] "GET /dashboard HTTP/1.1" 200 6394
0:0:0:0:0:0:0:1 - - [15/Jan/2022:20:04:50 +0100] "GET /css/style.css HTTP/1.1" 200 86136
0:0:0:0:0:0:0:1 - - [15/Jan/2022:20:04:50 +0100] "GET /css/bootstrap.min.css HTTP/1.1" 200 155759
0:0:0:0:0:0:0:1 - - [15/Jan/2022:20:04:50 +0100] "GET /css/icons.css HTTP/1.1" 200 252644
0:0:0:0:0:0:0:1 - - [15/Jan/2022:20:04:50 +0100] "GET /js/jquery.min.js HTTP/1.1" 200 86927
0:0:0:0:0:0:0:1 - - [15/Jan/2022:20:04:50 +0100] "GET /js/jquery.slimscroll.min.js HTTP/1.1" 200 4724
0:0:0:0:0:0:0:1 - - [15/Jan/2022:20:04:50 +0100] "GET /js/app.js HTTP/1.1" 200 3855
0:0:0:0:0:0:0:1 - - [15/Jan/2022:20:04:50 +0100] "GET /js/waves.min.js HTTP/1.1" 200 6329
0:0:0:0:0:0:0:1 - - [15/Jan/2022:20:04:50 +0100] "GET /images/logo-sm.png HTTP/1.1" 200 4992
0:0:0:0:0:0:0:1 - - [15/Jan/2022:20:04:50 +0100] "GET /js/bootstrap.bundle.min.js HTTP/1.1" 200 78635
0:0:0:0:0:0:0:1 - - [15/Jan/2022:20:04:50 +0100] "GET /images/bg-1.jpg HTTP/1.1" 200 66234
0:0:0:0:0:0:0:1 - - [15/Jan/2022:20:04:50 +0100] "GET /fonts/fa-solid-900.woff2 HTTP/1.1" 200 79072
0:0:0:0:0:0:0:1 - - [15/Jan/2022:20:04:50 +0100] "GET /fonts/fa-regular-400.woff2 HTTP/1.1" 200 14868
0:0:0:0:0:0:0:1 - - [15/Jan/2022:20:04:50 +0100] "GET /fonts/materialdesignicons-webfont.woff2?v=2.5.94 HTTP/1.1" 200 109248
0:0:0:0:0:0:0:1 - - [15/Jan/2022:20:45:17 +0100] "POST /perform_login HTTP/1.1" 302 -
0:0:0:0:0:0:0:1 - - [15/Jan/2022:20:45:19 +0100] "GET /dashboard HTTP/1.1" 200 6394
0:0:0:0:0:0:0:1 - - [15/Jan/2022:20:45:19 +0100] "GET /css/style.css HTTP/1.1" 200 86136
0:0:0:0:0:0:0:1 - - [15/Jan/2022:20:45:19 +0100] "GET /css/bootstrap.min.css HTTP/1.1" 200 155759
0:0:0:0:0:0:0:1 - - [15/Jan/2022:20:45:19 +0100] "GET /css/icons.css HTTP/1.1" 200 252644
0:0:0:0:0:0:0:1 - - [15/Jan/2022:20:45:19 +0100] "GET /js/jquery.min.js HTTP/1.1" 200 86927
0:0:0:0:0:0:0:1 - - [15/Jan/2022:20:45:19 +0100] "GET /js/app.js HTTP/1.1" 200 3855
0:0:0:0:0:0:0:1 - - [15/Jan/2022:20:45:19 +0100] "GET /js/jquery.slimscroll.min.js HTTP/1.1" 200 4724
0:0:0:0:0:0:0:1 - - [15/Jan/2022:20:45:19 +0100] "GET /js/waves.min.js HTTP/1.1" 200 6329
0:0:0:0:0:0:0:1 - - [15/Jan/2022:20:45:19 +0100] "GET /images/logo-sm.png HTTP/1.1" 200 4992
0:0:0:0:0:0:0:1 - - [15/Jan/2022:20:45:19 +0100] "GET /js/bootstrap.bundle.min.js HTTP/1.1" 200 78635
0:0:0:0:0:0:0:1 - - [15/Jan/2022:20:45:19 +0100] "GET /images/bg-1.jpg HTTP/1.1" 200 66234
0:0:0:0:0:0:0:1 - - [15/Jan/2022:20:45:19 +0100] "GET /fonts/fa-regular-400.woff2 HTTP/1.1" 200 14868
0:0:0:0:0:0:0:1 - - [15/Jan/2022:20:45:19 +0100] "GET /fonts/fa-solid-900.woff2 HTTP/1.1" 200 79072
0:0:0:0:0:0:0:1 - - [15/Jan/2022:20:45:19 +0100] "GET /fonts/materialdesignicons-webfont.woff2?v=2.5.94 HTTP/1.1" 200 109248
0:0:0:0:0:0:0:1 - - [15/Jan/2022:20:46:48 +0100] "POST /perform_login HTTP/1.1" 302 -
0:0:0:0:0:0:0:1 - - [15/Jan/2022:20:46:48 +0100] "GET /page-login HTTP/1.1" 200 6394
0:0:0:0:0:0:0:1 - - [15/Jan/2022:20:46:48 +0100] "GET /css/bootstrap.min.css HTTP/1.1" 200 155759
0:0:0:0:0:0:0:1 - - [15/Jan/2022:20:46:48 +0100] "GET /css/style.css HTTP/1.1" 200 86136
0:0:0:0:0:0:0:1 - - [15/Jan/2022:20:46:48 +0100] "GET /css/icons.css HTTP/1.1" 200 252644
0:0:0:0:0:0:0:1 - - [15/Jan/2022:20:46:48 +0100] "GET /js/waves.min.js HTTP/1.1" 200 6329
0:0:0:0:0:0:0:1 - - [15/Jan/2022:20:46:48 +0100] "GET /js/jquery.min.js HTTP/1.1" 200 86927
0:0:0:0:0:0:0:1 - - [15/Jan/2022:20:46:48 +0100] "GET /js/app.js HTTP/1.1" 200 3855
0:0:0:0:0:0:0:1 - - [15/Jan/2022:20:46:48 +0100] "GET /js/jquery.slimscroll.min.js HTTP/1.1" 200 4724
0:0:0:0:0:0:0:1 - - [15/Jan/2022:20:46:48 +0100] "GET /js/bootstrap.bundle.min.js HTTP/1.1" 200 78635
0:0:0:0:0:0:0:1 - - [15/Jan/2022:20:46:48 +0100] "GET /images/logo-sm.png HTTP/1.1" 200 4992
0:0:0:0:0:0:0:1 - - [15/Jan/2022:20:46:48 +0100] "GET /images/bg-1.jpg HTTP/1.1" 200 66234
0:0:0:0:0:0:0:1 - - [15/Jan/2022:20:46:48 +0100] "GET /fonts/fa-regular-400.woff2 HTTP/1.1" 200 14868
0:0:0:0:0:0:0:1 - - [15/Jan/2022:20:46:48 +0100] "GET /fonts/fa-solid-900.woff2 HTTP/1.1" 200 79072
0:0:0:0:0:0:0:1 - - [15/Jan/2022:20:46:48 +0100] "GET /fonts/materialdesignicons-webfont.woff2?v=2.5.94 HTTP/1.1" 200 109248
0:0:0:0:0:0:0:1 - - [15/Jan/2022:20:46:56 +0100] "POST /perform_login HTTP/1.1" 302 -
0:0:0:0:0:0:0:1 - - [15/Jan/2022:20:46:56 +0100] "GET /page-login HTTP/1.1" 200 6394
0:0:0:0:0:0:0:1 - - [15/Jan/2022:20:46:56 +0100] "GET /css/style.css HTTP/1.1" 200 86136
0:0:0:0:0:0:0:1 - - [15/Jan/2022:20:46:56 +0100] "GET /css/bootstrap.min.css HTTP/1.1" 200 155759
0:0:0:0:0:0:0:1 - - [15/Jan/2022:20:46:56 +0100] "GET /css/icons.css HTTP/1.1" 200 252644
0:0:0:0:0:0:0:1 - - [15/Jan/2022:20:46:56 +0100] "GET /js/jquery.min.js HTTP/1.1" 200 86927
0:0:0:0:0:0:0:1 - - [15/Jan/2022:20:46:56 +0100] "GET /js/waves.min.js HTTP/1.1" 200 6329
0:0:0:0:0:0:0:1 - - [15/Jan/2022:20:46:56 +0100] "GET /js/bootstrap.bundle.min.js HTTP/1.1" 200 78635
0:0:0:0:0:0:0:1 - - [15/Jan/2022:20:46:56 +0100] "GET /js/app.js HTTP/1.1" 200 3855
0:0:0:0:0:0:0:1 - - [15/Jan/2022:20:46:56 +0100] "GET /js/jquery.slimscroll.min.js HTTP/1.1" 200 4724
0:0:0:0:0:0:0:1 - - [15/Jan/2022:20:46:56 +0100] "GET /images/logo-sm.png HTTP/1.1" 200 4992
0:0:0:0:0:0:0:1 - - [15/Jan/2022:20:46:56 +0100] "GET /images/bg-1.jpg HTTP/1.1" 200 66234
0:0:0:0:0:0:0:1 - - [15/Jan/2022:20:46:56 +0100] "GET /fonts/fa-regular-400.woff2 HTTP/1.1" 200 14868
0:0:0:0:0:0:0:1 - - [15/Jan/2022:20:46:56 +0100] "GET /fonts/fa-solid-900.woff2 HTTP/1.1" 200 79072
0:0:0:0:0:0:0:1 - - [15/Jan/2022:20:46:56 +0100] "GET /fonts/materialdesignicons-webfont.woff2?v=2.5.94 HTTP/1.1" 200 109248
0:0:0:0:0:0:0:1 - - [15/Jan/2022:20:52:35 +0100] "POST /perform_login HTTP/1.1" 302 -
0:0:0:0:0:0:0:1 - - [15/Jan/2022:20:52:35 +0100] "GET /page-login HTTP/1.1" 200 6394
0:0:0:0:0:0:0:1 - - [15/Jan/2022:20:52:35 +0100] "GET /css/style.css HTTP/1.1" 200 86136
0:0:0:0:0:0:0:1 - - [15/Jan/2022:20:52:35 +0100] "GET /css/bootstrap.min.css HTTP/1.1" 200 155759
0:0:0:0:0:0:0:1 - - [15/Jan/2022:20:52:35 +0100] "GET /css/icons.css HTTP/1.1" 200 252644
0:0:0:0:0:0:0:1 - - [15/Jan/2022:20:52:35 +0100] "GET /js/bootstrap.bundle.min.js HTTP/1.1" 200 78635
0:0:0:0:0:0:0:1 - - [15/Jan/2022:20:52:35 +0100] "GET /js/jquery.slimscroll.min.js HTTP/1.1" 200 4724
0:0:0:0:0:0:0:1 - - [15/Jan/2022:20:52:35 +0100] "GET /js/jquery.min.js HTTP/1.1" 200 86927
0:0:0:0:0:0:0:1 - - [15/Jan/2022:20:52:35 +0100] "GET /js/waves.min.js HTTP/1.1" 200 6329
0:0:0:0:0:0:0:1 - - [15/Jan/2022:20:52:35 +0100] "GET /images/logo-sm.png HTTP/1.1" 200 4992
0:0:0:0:0:0:0:1 - - [15/Jan/2022:20:52:35 +0100] "GET /js/app.js HTTP/1.1" 200 3855
0:0:0:0:0:0:0:1 - - [15/Jan/2022:20:52:35 +0100] "GET /images/bg-1.jpg HTTP/1.1" 200 66234
0:0:0:0:0:0:0:1 - - [15/Jan/2022:20:52:35 +0100] "GET /fonts/fa-solid-900.woff2 HTTP/1.1" 200 79072
0:0:0:0:0:0:0:1 - - [15/Jan/2022:20:52:35 +0100] "GET /fonts/materialdesignicons-webfont.woff2?v=2.5.94 HTTP/1.1" 200 109248
0:0:0:0:0:0:0:1 - - [15/Jan/2022:20:52:35 +0100] "GET /fonts/fa-regular-400.woff2 HTTP/1.1" 200 14868
0:0:0:0:0:0:0:1 - - [15/Jan/2022:20:53:37 +0100] "POST /perform_login HTTP/1.1" 302 -
0:0:0:0:0:0:0:1 - - [15/Jan/2022:20:53:37 +0100] "GET /dashboard HTTP/1.1" 200 6394
0:0:0:0:0:0:0:1 - - [15/Jan/2022:20:53:37 +0100] "GET /css/style.css HTTP/1.1" 200 86136
0:0:0:0:0:0:0:1 - - [15/Jan/2022:20:53:37 +0100] "GET /css/icons.css HTTP/1.1" 200 252644
0:0:0:0:0:0:0:1 - - [15/Jan/2022:20:53:37 +0100] "GET /css/bootstrap.min.css HTTP/1.1" 200 155759
0:0:0:0:0:0:0:1 - - [15/Jan/2022:20:53:37 +0100] "GET /js/app.js HTTP/1.1" 200 3855
0:0:0:0:0:0:0:1 - - [15/Jan/2022:20:53:37 +0100] "GET /images/logo-sm.png HTTP/1.1" 200 4992
0:0:0:0:0:0:0:1 - - [15/Jan/2022:20:53:37 +0100] "GET /js/jquery.slimscroll.min.js HTTP/1.1" 200 4724
0:0:0:0:0:0:0:1 - - [15/Jan/2022:20:53:37 +0100] "GET /js/bootstrap.bundle.min.js HTTP/1.1" 200 78635
0:0:0:0:0:0:0:1 - - [15/Jan/2022:20:53:37 +0100] "GET /js/waves.min.js HTTP/1.1" 200 6329
0:0:0:0:0:0:0:1 - - [15/Jan/2022:20:53:37 +0100] "GET /js/jquery.min.js HTTP/1.1" 200 86927
0:0:0:0:0:0:0:1 - - [15/Jan/2022:20:53:37 +0100] "GET /images/bg-1.jpg HTTP/1.1" 200 66234
0:0:0:0:0:0:0:1 - - [15/Jan/2022:20:53:37 +0100] "GET /fonts/fa-regular-400.woff2 HTTP/1.1" 200 14868
0:0:0:0:0:0:0:1 - - [15/Jan/2022:20:53:37 +0100] "GET /fonts/fa-solid-900.woff2 HTTP/1.1" 200 79072
0:0:0:0:0:0:0:1 - - [15/Jan/2022:20:53:37 +0100] "GET /fonts/materialdesignicons-webfont.woff2?v=2.5.94 HTTP/1.1" 200 109248
0:0:0:0:0:0:0:1 - - [15/Jan/2022:20:54:24 +0100] "POST /perform_login HTTP/1.1" 302 -
0:0:0:0:0:0:0:1 - - [15/Jan/2022:20:54:25 +0100] "GET /dashboard HTTP/1.1" 200 48902
0:0:0:0:0:0:0:1 - - [15/Jan/2022:20:54:25 +0100] "GET /css/bootstrap.min.css HTTP/1.1" 200 155759
0:0:0:0:0:0:0:1 - - [15/Jan/2022:20:54:25 +0100] "GET /css/icons.css HTTP/1.1" 200 252644
0:0:0:0:0:0:0:1 - - [15/Jan/2022:20:54:25 +0100] "GET /css/plugins/jvectormap/jquery-jvectormap-2.0.2.css HTTP/1.1" 404 28104
0:0:0:0:0:0:0:1 - - [15/Jan/2022:20:54:25 +0100] "GET /css/plugins/morris/morris.css HTTP/1.1" 404 28104
0:0:0:0:0:0:0:1 - - [15/Jan/2022:20:54:25 +0100] "GET /css/plugins/datatables/dataTables.bootstrap4.min.css HTTP/1.1" 404 28104
0:0:0:0:0:0:0:1 - - [15/Jan/2022:20:54:25 +0100] "GET /css/style.css HTTP/1.1" 200 86136
0:0:0:0:0:0:0:1 - - [15/Jan/2022:20:54:25 +0100] "GET /css/plugins/chartist/css/chartist.min.css HTTP/1.1" 404 28104
0:0:0:0:0:0:0:1 - - [15/Jan/2022:20:54:25 +0100] "GET /images/logo-sm.png HTTP/1.1" 200 4992
0:0:0:0:0:0:0:1 - - [15/Jan/2022:20:54:25 +0100] "GET /images/logo.png HTTP/1.1" 200 4190
0:0:0:0:0:0:0:1 - - [15/Jan/2022:20:54:25 +0100] "GET /images/users/user-1.jpg HTTP/1.1" 200 2557
0:0:0:0:0:0:0:1 - - [15/Jan/2022:20:54:25 +0100] "GET /js/bootstrap.bundle.min.js HTTP/1.1" 200 78635
0:0:0:0:0:0:0:1 - - [15/Jan/2022:20:54:25 +0100] "GET /js/jquery.slimscroll.min.js HTTP/1.1" 200 4724
0:0:0:0:0:0:0:1 - - [15/Jan/2022:20:54:25 +0100] "GET /js/jquery.min.js HTTP/1.1" 200 86927
0:0:0:0:0:0:0:1 - - [15/Jan/2022:20:54:25 +0100] "GET /js/waves.min.js HTTP/1.1" 200 6329
0:0:0:0:0:0:0:1 - - [15/Jan/2022:20:54:25 +0100] "GET /plugins/chartist/js/chartist-plugin-tooltip.min.js HTTP/1.1" 200 2571
0:0:0:0:0:0:0:1 - - [15/Jan/2022:20:54:25 +0100] "GET /plugins/peity-chart/jquery.peity.min.js HTTP/1.1" 200 3715
0:0:0:0:0:0:0:1 - - [15/Jan/2022:20:54:25 +0100] "GET /plugins/chartist/js/chartist.min.js HTTP/1.1" 200 40214
0:0:0:0:0:0:0:1 - - [15/Jan/2022:20:54:25 +0100] "GET /plugins/jvectormap/jquery-jvectormap-world-mill-en.js HTTP/1.1" 200 104252
0:0:0:0:0:0:0:1 - - [15/Jan/2022:20:54:25 +0100] "GET /plugins/morris/morris.min.js HTTP/1.1" 200 39119
0:0:0:0:0:0:0:1 - - [15/Jan/2022:20:54:25 +0100] "GET /js/app.js HTTP/1.1" 200 3855
0:0:0:0:0:0:0:1 - - [15/Jan/2022:20:54:25 +0100] "GET /plugins/jvectormap/jquery-jvectormap-2.0.2.min.js HTTP/1.1" 200 104822
0:0:0:0:0:0:0:1 - - [15/Jan/2022:20:54:25 +0100] "GET /pages/jquery.dashboard2.init.js HTTP/1.1" 200 5185
0:0:0:0:0:0:0:1 - - [15/Jan/2022:20:54:25 +0100] "GET /plugins/datatables/dataTables.bootstrap4.min.js HTTP/1.1" 200 2085
0:0:0:0:0:0:0:1 - - [15/Jan/2022:20:54:25 +0100] "GET /plugins/raphael/raphael-min.js HTTP/1.1" 200 92651
0:0:0:0:0:0:0:1 - - [15/Jan/2022:20:54:25 +0100] "GET /plugins/datatables/jquery.dataTables.min.js HTTP/1.1" 200 82411
0:0:0:0:0:0:0:1 - - [15/Jan/2022:20:54:25 +0100] "GET /fonts/fa-solid-900.woff2 HTTP/1.1" 200 79072
0:0:0:0:0:0:0:1 - - [15/Jan/2022:20:54:25 +0100] "GET /fonts/materialdesignicons-webfont.woff2?v=2.5.94 HTTP/1.1" 200 109248
0:0:0:0:0:0:0:1 - - [15/Jan/2022:20:54:25 +0100] "GET /fonts/dripicons-v2.woff HTTP/1.1" 200 26004
0:0:0:0:0:0:0:1 - - [15/Jan/2022:21:16:15 +0100] "GET /projets/telechargement HTTP/1.1" 404 306
0:0:0:0:0:0:0:1 - - [15/Jan/2022:21:16:18 +0100] "GET /dashboard HTTP/1.1" 200 48902
0:0:0:0:0:0:0:1 - - [15/Jan/2022:21:16:18 +0100] "GET /css/icons.css HTTP/1.1" 200 252644
0:0:0:0:0:0:0:1 - - [15/Jan/2022:21:16:18 +0100] "GET /css/plugins/morris/morris.css HTTP/1.1" 404 28104
0:0:0:0:0:0:0:1 - - [15/Jan/2022:21:16:18 +0100] "GET /css/plugins/chartist/css/chartist.min.css HTTP/1.1" 404 28104
0:0:0:0:0:0:0:1 - - [15/Jan/2022:21:16:18 +0100] "GET /css/plugins/jvectormap/jquery-jvectormap-2.0.2.css HTTP/1.1" 404 28104
0:0:0:0:0:0:0:1 - - [15/Jan/2022:21:16:18 +0100] "GET /css/plugins/datatables/dataTables.bootstrap4.min.css HTTP/1.1" 404 28104
0:0:0:0:0:0:0:1 - - [15/Jan/2022:21:16:18 +0100] "GET /css/style.css HTTP/1.1" 200 86136
0:0:0:0:0:0:0:1 - - [15/Jan/2022:21:16:18 +0100] "GET /css/bootstrap.min.css HTTP/1.1" 200 155759
0:0:0:0:0:0:0:1 - - [15/Jan/2022:21:16:18 +0100] "GET /js/jquery.min.js HTTP/1.1" 200 86927
0:0:0:0:0:0:0:1 - - [15/Jan/2022:21:16:18 +0100] "GET /js/jquery.slimscroll.min.js HTTP/1.1" 200 4724
0:0:0:0:0:0:0:1 - - [15/Jan/2022:21:16:18 +0100] "GET /js/bootstrap.bundle.min.js HTTP/1.1" 200 78635
0:0:0:0:0:0:0:1 - - [15/Jan/2022:21:16:18 +0100] "GET /plugins/chartist/js/chartist.min.js HTTP/1.1" 200 40214
0:0:0:0:0:0:0:1 - - [15/Jan/2022:21:16:18 +0100] "GET /js/waves.min.js HTTP/1.1" 200 6329
0:0:0:0:0:0:0:1 - - [15/Jan/2022:21:16:18 +0100] "GET /plugins/chartist/js/chartist-plugin-tooltip.min.js HTTP/1.1" 200 2571
0:0:0:0:0:0:0:1 - - [15/Jan/2022:21:16:18 +0100] "GET /plugins/morris/morris.min.js HTTP/1.1" 200 39119
0:0:0:0:0:0:0:1 - - [15/Jan/2022:21:16:18 +0100] "GET /plugins/raphael/raphael-min.js HTTP/1.1" 200 92651
0:0:0:0:0:0:0:1 - - [15/Jan/2022:21:16:18 +0100] "GET /plugins/peity-chart/jquery.peity.min.js HTTP/1.1" 200 3715
0:0:0:0:0:0:0:1 - - [15/Jan/2022:21:16:18 +0100] "GET /plugins/jvectormap/jquery-jvectormap-world-mill-en.js HTTP/1.1" 200 104252
0:0:0:0:0:0:0:1 - - [15/Jan/2022:21:16:18 +0100] "GET /plugins/jvectormap/jquery-jvectormap-2.0.2.min.js HTTP/1.1" 200 104822
0:0:0:0:0:0:0:1 - - [15/Jan/2022:21:16:18 +0100] "GET /plugins/datatables/dataTables.bootstrap4.min.js HTTP/1.1" 200 2085
0:0:0:0:0:0:0:1 - - [15/Jan/2022:21:16:18 +0100] "GET /js/app.js HTTP/1.1" 200 3855
0:0:0:0:0:0:0:1 - - [15/Jan/2022:21:16:18 +0100] "GET /plugins/datatables/jquery.dataTables.min.js HTTP/1.1" 200 82411
0:0:0:0:0:0:0:1 - - [15/Jan/2022:21:16:18 +0100] "GET /pages/jquery.dashboard2.init.js HTTP/1.1" 200 5185
0:0:0:0:0:0:0:1 - - [15/Jan/2022:21:20:16 +0100] "GET /projets/telechargement HTTP/1.1" 404 306
0:0:0:0:0:0:0:1 - - [15/Jan/2022:21:20:21 +0100] "GET /dashboard HTTP/1.1" 200 48902
0:0:0:0:0:0:0:1 - - [15/Jan/2022:21:20:21 +0100] "GET /css/plugins/morris/morris.css HTTP/1.1" 404 28104
0:0:0:0:0:0:0:1 - - [15/Jan/2022:21:20:21 +0100] "GET /css/plugins/jvectormap/jquery-jvectormap-2.0.2.css HTTP/1.1" 404 28104
0:0:0:0:0:0:0:1 - - [15/Jan/2022:21:20:21 +0100] "GET /css/icons.css HTTP/1.1" 200 252644
0:0:0:0:0:0:0:1 - - [15/Jan/2022:21:20:21 +0100] "GET /css/bootstrap.min.css HTTP/1.1" 200 155759
0:0:0:0:0:0:0:1 - - [15/Jan/2022:21:20:21 +0100] "GET /css/plugins/chartist/css/chartist.min.css HTTP/1.1" 404 28104
0:0:0:0:0:0:0:1 - - [15/Jan/2022:21:20:21 +0100] "GET /css/plugins/datatables/dataTables.bootstrap4.min.css HTTP/1.1" 404 28104
0:0:0:0:0:0:0:1 - - [15/Jan/2022:21:20:21 +0100] "GET /css/style.css HTTP/1.1" 200 86136
0:0:0:0:0:0:0:1 - - [15/Jan/2022:21:20:21 +0100] "GET /js/jquery.slimscroll.min.js HTTP/1.1" 200 4724
0:0:0:0:0:0:0:1 - - [15/Jan/2022:21:20:21 +0100] "GET /js/jquery.min.js HTTP/1.1" 200 86927
0:0:0:0:0:0:0:1 - - [15/Jan/2022:21:20:21 +0100] "GET /plugins/chartist/js/chartist.min.js HTTP/1.1" 200 40214
0:0:0:0:0:0:0:1 - - [15/Jan/2022:21:20:21 +0100] "GET /plugins/chartist/js/chartist-plugin-tooltip.min.js HTTP/1.1" 200 2571
0:0:0:0:0:0:0:1 - - [15/Jan/2022:21:20:21 +0100] "GET /js/bootstrap.bundle.min.js HTTP/1.1" 200 78635
0:0:0:0:0:0:0:1 - - [15/Jan/2022:21:20:21 +0100] "GET /js/waves.min.js HTTP/1.1" 200 6329
0:0:0:0:0:0:0:1 - - [15/Jan/2022:21:20:21 +0100] "GET /plugins/morris/morris.min.js HTTP/1.1" 200 39119
0:0:0:0:0:0:0:1 - - [15/Jan/2022:21:20:21 +0100] "GET /plugins/raphael/raphael-min.js HTTP/1.1" 200 92651
0:0:0:0:0:0:0:1 - - [15/Jan/2022:21:20:21 +0100] "GET /plugins/jvectormap/jquery-jvectormap-2.0.2.min.js HTTP/1.1" 200 104822
0:0:0:0:0:0:0:1 - - [15/Jan/2022:21:20:21 +0100] "GET /plugins/peity-chart/jquery.peity.min.js HTTP/1.1" 200 3715
0:0:0:0:0:0:0:1 - - [15/Jan/2022:21:20:21 +0100] "GET /plugins/datatables/jquery.dataTables.min.js HTTP/1.1" 200 82411
0:0:0:0:0:0:0:1 - - [15/Jan/2022:21:20:21 +0100] "GET /plugins/jvectormap/jquery-jvectormap-world-mill-en.js HTTP/1.1" 200 104252
0:0:0:0:0:0:0:1 - - [15/Jan/2022:21:20:21 +0100] "GET /js/app.js HTTP/1.1" 200 3855
0:0:0:0:0:0:0:1 - - [15/Jan/2022:21:20:21 +0100] "GET /pages/jquery.dashboard2.init.js HTTP/1.1" 200 5185
0:0:0:0:0:0:0:1 - - [15/Jan/2022:21:20:21 +0100] "GET /plugins/datatables/dataTables.bootstrap4.min.js HTTP/1.1" 200 2085
0:0:0:0:0:0:0:1 - - [15/Jan/2022:23:24:34 +0100] "GET /dashboard HTTP/1.1" 302 -
0:0:0:0:0:0:0:1 - - [15/Jan/2022:23:24:34 +0100] "GET /page-login HTTP/1.1" 200 6394
0:0:0:0:0:0:0:1 - - [15/Jan/2022:23:24:34 +0100] "GET /css/style.css HTTP/1.1" 200 86136
0:0:0:0:0:0:0:1 - - [15/Jan/2022:23:24:34 +0100] "GET /css/icons.css HTTP/1.1" 200 252644
0:0:0:0:0:0:0:1 - - [15/Jan/2022:23:24:34 +0100] "GET /css/bootstrap.min.css HTTP/1.1" 200 155759
0:0:0:0:0:0:0:1 - - [15/Jan/2022:23:24:34 +0100] "GET /js/jquery.min.js HTTP/1.1" 200 86927
0:0:0:0:0:0:0:1 - - [15/Jan/2022:23:24:34 +0100] "GET /js/waves.min.js HTTP/1.1" 200 6329
0:0:0:0:0:0:0:1 - - [15/Jan/2022:23:24:34 +0100] "GET /js/bootstrap.bundle.min.js HTTP/1.1" 200 78635
0:0:0:0:0:0:0:1 - - [15/Jan/2022:23:24:34 +0100] "GET /js/app.js HTTP/1.1" 200 3855
0:0:0:0:0:0:0:1 - - [15/Jan/2022:23:24:34 +0100] "GET /js/jquery.slimscroll.min.js HTTP/1.1" 200 4724
0:0:0:0:0:0:0:1 - - [15/Jan/2022:23:24:34 +0100] "GET /images/logo-sm.png HTTP/1.1" 200 4992
0:0:0:0:0:0:0:1 - - [15/Jan/2022:23:24:34 +0100] "GET /images/bg-1.jpg HTTP/1.1" 200 66234
0:0:0:0:0:0:0:1 - - [15/Jan/2022:23:24:34 +0100] "GET /fonts/fa-solid-900.woff2 HTTP/1.1" 200 79072
0:0:0:0:0:0:0:1 - - [15/Jan/2022:23:24:34 +0100] "GET /fonts/fa-regular-400.woff2 HTTP/1.1" 200 14868
0:0:0:0:0:0:0:1 - - [15/Jan/2022:23:24:34 +0100] "GET /fonts/materialdesignicons-webfont.woff2?v=2.5.94 HTTP/1.1" 200 109248
0:0:0:0:0:0:0:1 - - [15/Jan/2022:23:24:41 +0100] "POST /perform_login HTTP/1.1" 302 -
0:0:0:0:0:0:0:1 - - [15/Jan/2022:23:24:41 +0100] "GET /dashboard HTTP/1.1" 200 48902
0:0:0:0:0:0:0:1 - - [15/Jan/2022:23:24:41 +0100] "GET /css/plugins/morris/morris.css HTTP/1.1" 404 28104
0:0:0:0:0:0:0:1 - - [15/Jan/2022:23:24:41 +0100] "GET /css/plugins/chartist/css/chartist.min.css HTTP/1.1" 404 28104
0:0:0:0:0:0:0:1 - - [15/Jan/2022:23:24:41 +0100] "GET /css/plugins/jvectormap/jquery-jvectormap-2.0.2.css HTTP/1.1" 404 28104
0:0:0:0:0:0:0:1 - - [15/Jan/2022:23:24:41 +0100] "GET /css/plugins/datatables/dataTables.bootstrap4.min.css HTTP/1.1" 404 28104
0:0:0:0:0:0:0:1 - - [15/Jan/2022:23:24:41 +0100] "GET /css/icons.css HTTP/1.1" 200 252644
0:0:0:0:0:0:0:1 - - [15/Jan/2022:23:24:41 +0100] "GET /css/bootstrap.min.css HTTP/1.1" 200 155759
0:0:0:0:0:0:0:1 - - [15/Jan/2022:23:24:41 +0100] "GET /css/style.css HTTP/1.1" 200 86136
0:0:0:0:0:0:0:1 - - [15/Jan/2022:23:24:41 +0100] "GET /js/jquery.min.js HTTP/1.1" 200 86927
0:0:0:0:0:0:0:1 - - [15/Jan/2022:23:24:41 +0100] "GET /js/bootstrap.bundle.min.js HTTP/1.1" 200 78635
0:0:0:0:0:0:0:1 - - [15/Jan/2022:23:24:41 +0100] "GET /js/jquery.slimscroll.min.js HTTP/1.1" 200 4724
0:0:0:0:0:0:0:1 - - [15/Jan/2022:23:24:41 +0100] "GET /js/waves.min.js HTTP/1.1" 200 6329
0:0:0:0:0:0:0:1 - - [15/Jan/2022:23:24:41 +0100] "GET /plugins/chartist/js/chartist.min.js HTTP/1.1" 200 40214
0:0:0:0:0:0:0:1 - - [15/Jan/2022:23:24:41 +0100] "GET /plugins/chartist/js/chartist-plugin-tooltip.min.js HTTP/1.1" 200 2571
0:0:0:0:0:0:0:1 - - [15/Jan/2022:23:24:41 +0100] "GET /plugins/morris/morris.min.js HTTP/1.1" 200 39119
0:0:0:0:0:0:0:1 - - [15/Jan/2022:23:24:41 +0100] "GET /plugins/raphael/raphael-min.js HTTP/1.1" 200 92651
0:0:0:0:0:0:0:1 - - [15/Jan/2022:23:24:41 +0100] "GET /plugins/jvectormap/jquery-jvectormap-2.0.2.min.js HTTP/1.1" 200 104822
0:0:0:0:0:0:0:1 - - [15/Jan/2022:23:24:41 +0100] "GET /plugins/peity-chart/jquery.peity.min.js HTTP/1.1" 200 3715
0:0:0:0:0:0:0:1 - - [15/Jan/2022:23:24:41 +0100] "GET /plugins/jvectormap/jquery-jvectormap-world-mill-en.js HTTP/1.1" 200 104252
0:0:0:0:0:0:0:1 - - [15/Jan/2022:23:24:41 +0100] "GET /plugins/datatables/jquery.dataTables.min.js HTTP/1.1" 200 82411
0:0:0:0:0:0:0:1 - - [15/Jan/2022:23:24:41 +0100] "GET /js/app.js HTTP/1.1" 200 3855
0:0:0:0:0:0:0:1 - - [15/Jan/2022:23:24:41 +0100] "GET /images/logo-sm.png HTTP/1.1" 200 4992
0:0:0:0:0:0:0:1 - - [15/Jan/2022:23:24:41 +0100] "GET /plugins/datatables/dataTables.bootstrap4.min.js HTTP/1.1" 200 2085
0:0:0:0:0:0:0:1 - - [15/Jan/2022:23:24:41 +0100] "GET /pages/jquery.dashboard2.init.js HTTP/1.1" 200 5185
0:0:0:0:0:0:0:1 - - [15/Jan/2022:23:24:41 +0100] "GET /images/logo.png HTTP/1.1" 200 4190
0:0:0:0:0:0:0:1 - - [15/Jan/2022:23:24:41 +0100] "GET /images/users/user-1.jpg HTTP/1.1" 200 2557
0:0:0:0:0:0:0:1 - - [15/Jan/2022:23:24:41 +0100] "GET /fonts/fa-solid-900.woff2 HTTP/1.1" 200 79072
0:0:0:0:0:0:0:1 - - [15/Jan/2022:23:24:41 +0100] "GET /fonts/dripicons-v2.woff HTTP/1.1" 200 26004
0:0:0:0:0:0:0:1 - - [15/Jan/2022:23:24:41 +0100] "GET /fonts/materialdesignicons-webfont.woff2?v=2.5.94 HTTP/1.1" 200 109248
