0:0:0:0:0:0:0:1 - - [17/Feb/2022:14:14:24 +0100] "GET / HTTP/1.1" 302 -
0:0:0:0:0:0:0:1 - - [17/Feb/2022:14:14:24 +0100] "GET /page-login HTTP/1.1" 200 6394
0:0:0:0:0:0:0:1 - - [17/Feb/2022:14:14:24 +0100] "GET /css/bootstrap.min.css HTTP/1.1" 200 155759
0:0:0:0:0:0:0:1 - - [17/Feb/2022:14:14:24 +0100] "GET /css/icons.css HTTP/1.1" 200 252644
0:0:0:0:0:0:0:1 - - [17/Feb/2022:14:14:24 +0100] "GET /css/style.css HTTP/1.1" 200 86136
0:0:0:0:0:0:0:1 - - [17/Feb/2022:14:14:24 +0100] "GET /images/logo-sm.png HTTP/1.1" 200 4992
0:0:0:0:0:0:0:1 - - [17/Feb/2022:14:14:24 +0100] "GET /js/waves.min.js HTTP/1.1" 200 6329
0:0:0:0:0:0:0:1 - - [17/Feb/2022:14:14:24 +0100] "GET /js/app.js HTTP/1.1" 200 3855
0:0:0:0:0:0:0:1 - - [17/Feb/2022:14:14:24 +0100] "GET /js/jquery.slimscroll.min.js HTTP/1.1" 200 4724
0:0:0:0:0:0:0:1 - - [17/Feb/2022:14:14:24 +0100] "GET /js/bootstrap.bundle.min.js HTTP/1.1" 200 78635
0:0:0:0:0:0:0:1 - - [17/Feb/2022:14:14:24 +0100] "GET /js/jquery.min.js HTTP/1.1" 200 86927
0:0:0:0:0:0:0:1 - - [17/Feb/2022:14:14:24 +0100] "GET /images/bg-1.jpg HTTP/1.1" 200 66234
0:0:0:0:0:0:0:1 - - [17/Feb/2022:14:14:24 +0100] "GET /fonts/fa-regular-400.woff2 HTTP/1.1" 200 14868
0:0:0:0:0:0:0:1 - - [17/Feb/2022:14:14:24 +0100] "GET /fonts/fa-solid-900.woff2 HTTP/1.1" 200 79072
0:0:0:0:0:0:0:1 - - [17/Feb/2022:14:14:24 +0100] "GET /fonts/materialdesignicons-webfont.woff2?v=2.5.94 HTTP/1.1" 200 109248
0:0:0:0:0:0:0:1 - - [17/Feb/2022:14:14:24 +0100] "GET /images/favicon.ico HTTP/1.1" 200 122593
0:0:0:0:0:0:0:1 - - [17/Feb/2022:14:14:27 +0100] "POST /perform_login HTTP/1.1" 302 -
0:0:0:0:0:0:0:1 - - [17/Feb/2022:14:14:27 +0100] "GET /dashboard HTTP/1.1" 200 45672
0:0:0:0:0:0:0:1 - - [17/Feb/2022:14:14:27 +0100] "GET /css/bootstrap.min.css HTTP/1.1" 200 155759
0:0:0:0:0:0:0:1 - - [17/Feb/2022:14:14:27 +0100] "GET /css/icons.css HTTP/1.1" 200 252644
0:0:0:0:0:0:0:1 - - [17/Feb/2022:14:14:27 +0100] "GET /css/style.css HTTP/1.1" 200 86136
0:0:0:0:0:0:0:1 - - [17/Feb/2022:14:14:27 +0100] "GET /js/jquery.min.js HTTP/1.1" 200 86927
0:0:0:0:0:0:0:1 - - [17/Feb/2022:14:14:27 +0100] "GET /js/bootstrap.bundle.min.js HTTP/1.1" 200 78635
0:0:0:0:0:0:0:1 - - [17/Feb/2022:14:14:27 +0100] "GET /js/waves.min.js HTTP/1.1" 200 6329
0:0:0:0:0:0:0:1 - - [17/Feb/2022:14:14:27 +0100] "GET /css/plugins/morris/morris.css HTTP/1.1" 404 28104
0:0:0:0:0:0:0:1 - - [17/Feb/2022:14:14:27 +0100] "GET /css/plugins/datatables/dataTables.bootstrap4.min.css HTTP/1.1" 404 28104
0:0:0:0:0:0:0:1 - - [17/Feb/2022:14:14:27 +0100] "GET /css/plugins/chartist/css/chartist.min.css HTTP/1.1" 404 28104
0:0:0:0:0:0:0:1 - - [17/Feb/2022:14:14:27 +0100] "GET /css/plugins/jvectormap/jquery-jvectormap-2.0.2.css HTTP/1.1" 404 28104
0:0:0:0:0:0:0:1 - - [17/Feb/2022:14:14:27 +0100] "GET /js/jquery.slimscroll.min.js HTTP/1.1" 200 4724
0:0:0:0:0:0:0:1 - - [17/Feb/2022:14:14:27 +0100] "GET /plugins/chartist/js/chartist-plugin-tooltip.min.js HTTP/1.1" 200 2571
0:0:0:0:0:0:0:1 - - [17/Feb/2022:14:14:27 +0100] "GET /plugins/peity-chart/jquery.peity.min.js HTTP/1.1" 200 3715
0:0:0:0:0:0:0:1 - - [17/Feb/2022:14:14:27 +0100] "GET /plugins/chartist/js/chartist.min.js HTTP/1.1" 200 40214
0:0:0:0:0:0:0:1 - - [17/Feb/2022:14:14:27 +0100] "GET /plugins/morris/morris.min.js HTTP/1.1" 200 39119
0:0:0:0:0:0:0:1 - - [17/Feb/2022:14:14:27 +0100] "GET /plugins/jvectormap/jquery-jvectormap-2.0.2.min.js HTTP/1.1" 200 104822
0:0:0:0:0:0:0:1 - - [17/Feb/2022:14:14:27 +0100] "GET /js/app.js HTTP/1.1" 200 3855
0:0:0:0:0:0:0:1 - - [17/Feb/2022:14:14:27 +0100] "GET /plugins/jvectormap/jquery-jvectormap-world-mill-en.js HTTP/1.1" 200 104252
0:0:0:0:0:0:0:1 - - [17/Feb/2022:14:14:27 +0100] "GET /plugins/datatables/dataTables.bootstrap4.min.js HTTP/1.1" 200 2085
0:0:0:0:0:0:0:1 - - [17/Feb/2022:14:14:27 +0100] "GET /pages/jquery.dashboard2.init.js HTTP/1.1" 200 5185
0:0:0:0:0:0:0:1 - - [17/Feb/2022:14:14:27 +0100] "GET /images/logo-sm.png HTTP/1.1" 200 4992
0:0:0:0:0:0:0:1 - - [17/Feb/2022:14:14:27 +0100] "GET /images/logo.png HTTP/1.1" 200 4190
0:0:0:0:0:0:0:1 - - [17/Feb/2022:14:14:27 +0100] "GET /images/users/user-1.jpg HTTP/1.1" 200 2557
0:0:0:0:0:0:0:1 - - [17/Feb/2022:14:14:27 +0100] "GET /plugins/raphael/raphael-min.js HTTP/1.1" 200 92651
0:0:0:0:0:0:0:1 - - [17/Feb/2022:14:14:27 +0100] "GET /plugins/datatables/jquery.dataTables.min.js HTTP/1.1" 200 82411
0:0:0:0:0:0:0:1 - - [17/Feb/2022:14:14:27 +0100] "GET /fonts/materialdesignicons-webfont.woff2?v=2.5.94 HTTP/1.1" 200 109248
0:0:0:0:0:0:0:1 - - [17/Feb/2022:14:14:28 +0100] "GET /fonts/dripicons-v2.woff HTTP/1.1" 200 26004
0:0:0:0:0:0:0:1 - - [17/Feb/2022:14:14:33 +0100] "GET /cne/telechargement HTTP/1.1" 500 10489
0:0:0:0:0:0:0:1 - - [17/Feb/2022:14:16:15 +0100] "GET /dashboard HTTP/1.1" 200 45672
0:0:0:0:0:0:0:1 - - [17/Feb/2022:14:16:15 +0100] "GET /css/bootstrap.min.css HTTP/1.1" 200 155759
0:0:0:0:0:0:0:1 - - [17/Feb/2022:14:16:15 +0100] "GET /css/plugins/datatables/dataTables.bootstrap4.min.css HTTP/1.1" 404 28104
0:0:0:0:0:0:0:1 - - [17/Feb/2022:14:16:15 +0100] "GET /css/plugins/jvectormap/jquery-jvectormap-2.0.2.css HTTP/1.1" 404 28104
0:0:0:0:0:0:0:1 - - [17/Feb/2022:14:16:15 +0100] "GET /css/plugins/morris/morris.css HTTP/1.1" 404 28104
0:0:0:0:0:0:0:1 - - [17/Feb/2022:14:16:15 +0100] "GET /css/style.css HTTP/1.1" 200 86136
0:0:0:0:0:0:0:1 - - [17/Feb/2022:14:16:15 +0100] "GET /css/icons.css HTTP/1.1" 200 252644
0:0:0:0:0:0:0:1 - - [17/Feb/2022:14:16:15 +0100] "GET /css/plugins/chartist/css/chartist.min.css HTTP/1.1" 404 28104
0:0:0:0:0:0:0:1 - - [17/Feb/2022:14:16:15 +0100] "GET /js/jquery.min.js HTTP/1.1" 200 86927
0:0:0:0:0:0:0:1 - - [17/Feb/2022:14:16:15 +0100] "GET /js/jquery.slimscroll.min.js HTTP/1.1" 200 4724
0:0:0:0:0:0:0:1 - - [17/Feb/2022:14:16:15 +0100] "GET /js/waves.min.js HTTP/1.1" 200 6329
0:0:0:0:0:0:0:1 - - [17/Feb/2022:14:16:15 +0100] "GET /js/bootstrap.bundle.min.js HTTP/1.1" 200 78635
0:0:0:0:0:0:0:1 - - [17/Feb/2022:14:16:15 +0100] "GET /plugins/chartist/js/chartist.min.js HTTP/1.1" 200 40214
0:0:0:0:0:0:0:1 - - [17/Feb/2022:14:16:15 +0100] "GET /plugins/chartist/js/chartist-plugin-tooltip.min.js HTTP/1.1" 200 2571
0:0:0:0:0:0:0:1 - - [17/Feb/2022:14:16:15 +0100] "GET /plugins/morris/morris.min.js HTTP/1.1" 200 39119
0:0:0:0:0:0:0:1 - - [17/Feb/2022:14:16:15 +0100] "GET /plugins/raphael/raphael-min.js HTTP/1.1" 200 92651
0:0:0:0:0:0:0:1 - - [17/Feb/2022:14:16:15 +0100] "GET /plugins/jvectormap/jquery-jvectormap-2.0.2.min.js HTTP/1.1" 200 104822
0:0:0:0:0:0:0:1 - - [17/Feb/2022:14:16:15 +0100] "GET /plugins/jvectormap/jquery-jvectormap-world-mill-en.js HTTP/1.1" 200 104252
0:0:0:0:0:0:0:1 - - [17/Feb/2022:14:16:15 +0100] "GET /plugins/datatables/jquery.dataTables.min.js HTTP/1.1" 200 82411
0:0:0:0:0:0:0:1 - - [17/Feb/2022:14:16:15 +0100] "GET /plugins/peity-chart/jquery.peity.min.js HTTP/1.1" 200 3715
0:0:0:0:0:0:0:1 - - [17/Feb/2022:14:16:15 +0100] "GET /plugins/datatables/dataTables.bootstrap4.min.js HTTP/1.1" 200 2085
0:0:0:0:0:0:0:1 - - [17/Feb/2022:14:16:15 +0100] "GET /js/app.js HTTP/1.1" 200 3855
0:0:0:0:0:0:0:1 - - [17/Feb/2022:14:16:15 +0100] "GET /pages/jquery.dashboard2.init.js HTTP/1.1" 200 5185
0:0:0:0:0:0:0:1 - - [17/Feb/2022:14:16:15 +0100] "GET /images/logo.png HTTP/1.1" 200 4190
0:0:0:0:0:0:0:1 - - [17/Feb/2022:14:16:15 +0100] "GET /images/logo-sm.png HTTP/1.1" 200 4992
0:0:0:0:0:0:0:1 - - [17/Feb/2022:14:16:15 +0100] "GET /images/users/user-1.jpg HTTP/1.1" 200 2557
0:0:0:0:0:0:0:1 - - [17/Feb/2022:14:16:15 +0100] "GET /fonts/materialdesignicons-webfont.woff2?v=2.5.94 HTTP/1.1" 200 109248
0:0:0:0:0:0:0:1 - - [17/Feb/2022:14:16:15 +0100] "GET /fonts/dripicons-v2.woff HTTP/1.1" 200 26004
0:0:0:0:0:0:0:1 - - [17/Feb/2022:14:16:21 +0100] "GET /projet/liste HTTP/1.1" 200 25029
0:0:0:0:0:0:0:1 - - [17/Feb/2022:14:16:21 +0100] "GET /css/icons.css HTTP/1.1" 200 252644
0:0:0:0:0:0:0:1 - - [17/Feb/2022:14:16:21 +0100] "GET /css/bootstrap.min.css HTTP/1.1" 200 155759
0:0:0:0:0:0:0:1 - - [17/Feb/2022:14:16:21 +0100] "GET /css/style.css HTTP/1.1" 200 86136
0:0:0:0:0:0:0:1 - - [17/Feb/2022:14:16:21 +0100] "GET /css/plugins/jvectormap/jquery-jvectormap-2.0.2.css HTTP/1.1" 404 28104
0:0:0:0:0:0:0:1 - - [17/Feb/2022:14:16:21 +0100] "GET /css/plugins/datatables/dataTables.bootstrap4.min.css HTTP/1.1" 404 28104
0:0:0:0:0:0:0:1 - - [17/Feb/2022:14:16:21 +0100] "GET /css/plugins/morris/morris.css HTTP/1.1" 404 28104
0:0:0:0:0:0:0:1 - - [17/Feb/2022:14:16:21 +0100] "GET /css/plugins/chartist/css/chartist.min.css HTTP/1.1" 404 28104
0:0:0:0:0:0:0:1 - - [17/Feb/2022:14:16:21 +0100] "GET /js/jquery.min.js HTTP/1.1" 200 86927
0:0:0:0:0:0:0:1 - - [17/Feb/2022:14:16:21 +0100] "GET /js/bootstrap.bundle.min.js HTTP/1.1" 200 78635
0:0:0:0:0:0:0:1 - - [17/Feb/2022:14:16:21 +0100] "GET /js/waves.min.js HTTP/1.1" 200 6329
0:0:0:0:0:0:0:1 - - [17/Feb/2022:14:16:21 +0100] "GET /js/jquery.slimscroll.min.js HTTP/1.1" 200 4724
0:0:0:0:0:0:0:1 - - [17/Feb/2022:14:16:21 +0100] "GET /plugins/datatables/dataTables.bootstrap4.min.js HTTP/1.1" 200 2085
0:0:0:0:0:0:0:1 - - [17/Feb/2022:14:16:21 +0100] "GET /plugins/datatables/jquery.dataTables.min.js HTTP/1.1" 200 82411
0:0:0:0:0:0:0:1 - - [17/Feb/2022:14:16:21 +0100] "GET /plugins/datatables/vfs_fonts.js HTTP/1.1" 200 870289
0:0:0:0:0:0:0:1 - - [17/Feb/2022:14:16:21 +0100] "GET /plugins/datatables/buttons.html5.min.js HTTP/1.1" 200 24009
0:0:0:0:0:0:0:1 - - [17/Feb/2022:14:16:21 +0100] "GET /plugins/datatables/dataTables.buttons.min.js HTTP/1.1" 200 18259
0:0:0:0:0:0:0:1 - - [17/Feb/2022:14:16:21 +0100] "GET /plugins/datatables/buttons.bootstrap4.min.js HTTP/1.1" 200 896
0:0:0:0:0:0:0:1 - - [17/Feb/2022:14:16:21 +0100] "GET /plugins/datatables/buttons.print.min.js HTTP/1.1" 200 2087
0:0:0:0:0:0:0:1 - - [17/Feb/2022:14:16:21 +0100] "GET /pages/jquery.table-datatable.js HTTP/1.1" 200 513
0:0:0:0:0:0:0:1 - - [17/Feb/2022:14:16:21 +0100] "GET /plugins/datatables/responsive.bootstrap4.min.js HTTP/1.1" 200 1183
0:0:0:0:0:0:0:1 - - [17/Feb/2022:14:16:21 +0100] "GET /plugins/datatables/jszip.min.js HTTP/1.1" 200 102328
0:0:0:0:0:0:0:1 - - [17/Feb/2022:14:16:21 +0100] "GET /images/logo-sm.png HTTP/1.1" 200 4992
0:0:0:0:0:0:0:1 - - [17/Feb/2022:14:16:21 +0100] "GET /images/logo.png HTTP/1.1" 200 4190
0:0:0:0:0:0:0:1 - - [17/Feb/2022:14:16:21 +0100] "GET /js/app.js HTTP/1.1" 200 3855
0:0:0:0:0:0:0:1 - - [17/Feb/2022:14:16:21 +0100] "GET /images/users/user-1.jpg HTTP/1.1" 200 2557
0:0:0:0:0:0:0:1 - - [17/Feb/2022:14:16:21 +0100] "GET /plugins/datatables/dataTables.responsive.min.js HTTP/1.1" 200 11056
0:0:0:0:0:0:0:1 - - [17/Feb/2022:14:16:21 +0100] "GET /plugins/datatables/buttons.colVis.min.js HTTP/1.1" 200 2763
0:0:0:0:0:0:0:1 - - [17/Feb/2022:14:16:21 +0100] "GET /fonts/materialdesignicons-webfont.woff2?v=2.5.94 HTTP/1.1" 200 109248
0:0:0:0:0:0:0:1 - - [17/Feb/2022:14:16:21 +0100] "GET /fonts/dripicons-v2.woff HTTP/1.1" 200 26004
0:0:0:0:0:0:0:1 - - [17/Feb/2022:14:16:22 +0100] "GET /fonts/fa-solid-900.woff2 HTTP/1.1" 200 79072
0:0:0:0:0:0:0:1 - - [17/Feb/2022:14:16:22 +0100] "GET /fonts/themify.woff?-fvbane HTTP/1.1" 200 56108
0:0:0:0:0:0:0:1 - - [17/Feb/2022:14:16:22 +0100] "GET /plugins/datatables/pdfmake.min.js HTTP/1.1" 200 974460
0:0:0:0:0:0:0:1 - - [17/Feb/2022:14:16:27 +0100] "GET /cne/telechargement HTTP/1.1" 500 10489
0:0:0:0:0:0:0:1 - - [17/Feb/2022:14:33:55 +0100] "GET /projet/liste HTTP/1.1" 200 25029
0:0:0:0:0:0:0:1 - - [17/Feb/2022:14:33:55 +0100] "GET /css/plugins/morris/morris.css HTTP/1.1" 404 28104
0:0:0:0:0:0:0:1 - - [17/Feb/2022:14:33:55 +0100] "GET /css/plugins/chartist/css/chartist.min.css HTTP/1.1" 404 28104
0:0:0:0:0:0:0:1 - - [17/Feb/2022:14:33:55 +0100] "GET /css/plugins/datatables/dataTables.bootstrap4.min.css HTTP/1.1" 404 28104
0:0:0:0:0:0:0:1 - - [17/Feb/2022:14:33:55 +0100] "GET /css/style.css HTTP/1.1" 200 86136
0:0:0:0:0:0:0:1 - - [17/Feb/2022:14:33:55 +0100] "GET /css/plugins/jvectormap/jquery-jvectormap-2.0.2.css HTTP/1.1" 404 28104
0:0:0:0:0:0:0:1 - - [17/Feb/2022:14:33:55 +0100] "GET /css/bootstrap.min.css HTTP/1.1" 200 155759
0:0:0:0:0:0:0:1 - - [17/Feb/2022:14:33:55 +0100] "GET /css/icons.css HTTP/1.1" 200 252644
0:0:0:0:0:0:0:1 - - [17/Feb/2022:14:33:55 +0100] "GET /js/jquery.min.js HTTP/1.1" 200 86927
0:0:0:0:0:0:0:1 - - [17/Feb/2022:14:33:55 +0100] "GET /js/bootstrap.bundle.min.js HTTP/1.1" 200 78635
0:0:0:0:0:0:0:1 - - [17/Feb/2022:14:33:55 +0100] "GET /js/waves.min.js HTTP/1.1" 200 6329
0:0:0:0:0:0:0:1 - - [17/Feb/2022:14:33:55 +0100] "GET /js/jquery.slimscroll.min.js HTTP/1.1" 200 4724
0:0:0:0:0:0:0:1 - - [17/Feb/2022:14:33:55 +0100] "GET /plugins/datatables/jquery.dataTables.min.js HTTP/1.1" 200 82411
0:0:0:0:0:0:0:1 - - [17/Feb/2022:14:33:55 +0100] "GET /plugins/datatables/dataTables.bootstrap4.min.js HTTP/1.1" 200 2085
0:0:0:0:0:0:0:1 - - [17/Feb/2022:14:33:55 +0100] "GET /plugins/datatables/dataTables.buttons.min.js HTTP/1.1" 200 18259
0:0:0:0:0:0:0:1 - - [17/Feb/2022:14:33:55 +0100] "GET /plugins/datatables/buttons.bootstrap4.min.js HTTP/1.1" 200 896
0:0:0:0:0:0:0:1 - - [17/Feb/2022:14:33:55 +0100] "GET /plugins/datatables/jszip.min.js HTTP/1.1" 200 102328
0:0:0:0:0:0:0:1 - - [17/Feb/2022:14:33:55 +0100] "GET /plugins/datatables/buttons.html5.min.js HTTP/1.1" 200 24009
0:0:0:0:0:0:0:1 - - [17/Feb/2022:14:33:55 +0100] "GET /plugins/datatables/pdfmake.min.js HTTP/1.1" 200 974460
0:0:0:0:0:0:0:1 - - [17/Feb/2022:14:33:55 +0100] "GET /plugins/datatables/vfs_fonts.js HTTP/1.1" 200 870289
0:0:0:0:0:0:0:1 - - [17/Feb/2022:14:33:55 +0100] "GET /plugins/datatables/buttons.print.min.js HTTP/1.1" 200 2087
0:0:0:0:0:0:0:1 - - [17/Feb/2022:14:33:55 +0100] "GET /plugins/datatables/buttons.colVis.min.js HTTP/1.1" 200 2763
0:0:0:0:0:0:0:1 - - [17/Feb/2022:14:33:55 +0100] "GET /plugins/datatables/dataTables.responsive.min.js HTTP/1.1" 200 11056
0:0:0:0:0:0:0:1 - - [17/Feb/2022:14:33:55 +0100] "GET /plugins/datatables/responsive.bootstrap4.min.js HTTP/1.1" 200 1183
0:0:0:0:0:0:0:1 - - [17/Feb/2022:14:33:55 +0100] "GET /pages/jquery.table-datatable.js HTTP/1.1" 200 513
0:0:0:0:0:0:0:1 - - [17/Feb/2022:14:33:55 +0100] "GET /js/app.js HTTP/1.1" 200 3855
0:0:0:0:0:0:0:1 - - [17/Feb/2022:14:33:55 +0100] "GET /images/logo-sm.png HTTP/1.1" 200 4992
0:0:0:0:0:0:0:1 - - [17/Feb/2022:14:33:55 +0100] "GET /images/users/user-1.jpg HTTP/1.1" 200 2557
0:0:0:0:0:0:0:1 - - [17/Feb/2022:14:33:55 +0100] "GET /images/logo.png HTTP/1.1" 200 4190
0:0:0:0:0:0:0:1 - - [17/Feb/2022:14:33:56 +0100] "GET /fonts/dripicons-v2.woff HTTP/1.1" 200 26004
0:0:0:0:0:0:0:1 - - [17/Feb/2022:14:33:56 +0100] "GET /fonts/materialdesignicons-webfont.woff2?v=2.5.94 HTTP/1.1" 200 109248
0:0:0:0:0:0:0:1 - - [17/Feb/2022:14:33:56 +0100] "GET /fonts/fa-solid-900.woff2 HTTP/1.1" 200 79072
0:0:0:0:0:0:0:1 - - [17/Feb/2022:14:33:56 +0100] "GET /fonts/themify.woff?-fvbane HTTP/1.1" 200 56108
0:0:0:0:0:0:0:1 - - [17/Feb/2022:14:34:31 +0100] "GET /projet/telechargement HTTP/1.1" 500 10495
0:0:0:0:0:0:0:1 - - [17/Feb/2022:14:34:34 +0100] "GET /cne/telechargement HTTP/1.1" 500 10489
0:0:0:0:0:0:0:1 - - [17/Feb/2022:14:35:38 +0100] "GET /cne/telechargement HTTP/1.1" 500 10489
0:0:0:0:0:0:0:1 - - [17/Feb/2022:14:37:36 +0100] "GET /cne/telechargement HTTP/1.1" 200 22199
0:0:0:0:0:0:0:1 - - [17/Feb/2022:14:37:36 +0100] "GET /css/bootstrap.min.css HTTP/1.1" 200 155759
0:0:0:0:0:0:0:1 - - [17/Feb/2022:14:37:36 +0100] "GET /css/icons.css HTTP/1.1" 200 252644
0:0:0:0:0:0:0:1 - - [17/Feb/2022:14:37:36 +0100] "GET /css/plugins/morris/morris.css HTTP/1.1" 404 28104
0:0:0:0:0:0:0:1 - - [17/Feb/2022:14:37:36 +0100] "GET /css/plugins/datatables/dataTables.bootstrap4.min.css HTTP/1.1" 404 28104
0:0:0:0:0:0:0:1 - - [17/Feb/2022:14:37:36 +0100] "GET /css/plugins/chartist/css/chartist.min.css HTTP/1.1" 404 28104
0:0:0:0:0:0:0:1 - - [17/Feb/2022:14:37:36 +0100] "GET /css/plugins/jvectormap/jquery-jvectormap-2.0.2.css HTTP/1.1" 404 28104
0:0:0:0:0:0:0:1 - - [17/Feb/2022:14:37:36 +0100] "GET /css/style.css HTTP/1.1" 200 86136
0:0:0:0:0:0:0:1 - - [17/Feb/2022:14:37:36 +0100] "GET /js/jquery.min.js HTTP/1.1" 200 86927
0:0:0:0:0:0:0:1 - - [17/Feb/2022:14:37:36 +0100] "GET /js/bootstrap.bundle.min.js HTTP/1.1" 200 78635
0:0:0:0:0:0:0:1 - - [17/Feb/2022:14:37:36 +0100] "GET /js/waves.min.js HTTP/1.1" 200 6329
0:0:0:0:0:0:0:1 - - [17/Feb/2022:14:37:36 +0100] "GET /plugins/datatables/jquery.dataTables.min.js HTTP/1.1" 200 82411
0:0:0:0:0:0:0:1 - - [17/Feb/2022:14:37:36 +0100] "GET /plugins/datatables/dataTables.bootstrap4.min.js HTTP/1.1" 200 2085
0:0:0:0:0:0:0:1 - - [17/Feb/2022:14:37:36 +0100] "GET /js/jquery.slimscroll.min.js HTTP/1.1" 200 4724
0:0:0:0:0:0:0:1 - - [17/Feb/2022:14:37:36 +0100] "GET /plugins/datatables/dataTables.buttons.min.js HTTP/1.1" 200 18259
0:0:0:0:0:0:0:1 - - [17/Feb/2022:14:37:36 +0100] "GET /plugins/datatables/buttons.bootstrap4.min.js HTTP/1.1" 200 896
0:0:0:0:0:0:0:1 - - [17/Feb/2022:14:37:36 +0100] "GET /plugins/datatables/jszip.min.js HTTP/1.1" 200 102328
0:0:0:0:0:0:0:1 - - [17/Feb/2022:14:37:36 +0100] "GET /plugins/datatables/buttons.print.min.js HTTP/1.1" 200 2087
0:0:0:0:0:0:0:1 - - [17/Feb/2022:14:37:36 +0100] "GET /plugins/datatables/buttons.html5.min.js HTTP/1.1" 200 24009
0:0:0:0:0:0:0:1 - - [17/Feb/2022:14:37:36 +0100] "GET /plugins/datatables/vfs_fonts.js HTTP/1.1" 200 870289
0:0:0:0:0:0:0:1 - - [17/Feb/2022:14:37:36 +0100] "GET /plugins/datatables/pdfmake.min.js HTTP/1.1" 200 974460
0:0:0:0:0:0:0:1 - - [17/Feb/2022:14:37:36 +0100] "GET /plugins/datatables/buttons.colVis.min.js HTTP/1.1" 200 2763
0:0:0:0:0:0:0:1 - - [17/Feb/2022:14:37:36 +0100] "GET /plugins/datatables/responsive.bootstrap4.min.js HTTP/1.1" 200 1183
0:0:0:0:0:0:0:1 - - [17/Feb/2022:14:37:36 +0100] "GET /plugins/datatables/dataTables.responsive.min.js HTTP/1.1" 200 11056
0:0:0:0:0:0:0:1 - - [17/Feb/2022:14:37:36 +0100] "GET /pages/jquery.table-datatable.js HTTP/1.1" 200 513
0:0:0:0:0:0:0:1 - - [17/Feb/2022:14:37:36 +0100] "GET /js/app.js HTTP/1.1" 200 3855
0:0:0:0:0:0:0:1 - - [17/Feb/2022:14:37:36 +0100] "GET /images/logo-sm.png HTTP/1.1" 200 4992
0:0:0:0:0:0:0:1 - - [17/Feb/2022:14:37:36 +0100] "GET /images/logo.png HTTP/1.1" 200 4190
0:0:0:0:0:0:0:1 - - [17/Feb/2022:14:37:36 +0100] "GET /images/users/user-1.jpg HTTP/1.1" 200 2557
0:0:0:0:0:0:0:1 - - [17/Feb/2022:14:37:36 +0100] "GET /fonts/dripicons-v2.woff HTTP/1.1" 200 26004
0:0:0:0:0:0:0:1 - - [17/Feb/2022:14:37:36 +0100] "GET /fonts/fa-solid-900.woff2 HTTP/1.1" 200 79072
0:0:0:0:0:0:0:1 - - [17/Feb/2022:14:37:36 +0100] "GET /fonts/materialdesignicons-webfont.woff2?v=2.5.94 HTTP/1.1" 200 109248
0:0:0:0:0:0:0:1 - - [17/Feb/2022:14:46:47 +0100] "POST /cne/telechargement HTTP/1.1" 500 10480
0:0:0:0:0:0:0:1 - - [17/Feb/2022:17:08:44 +0100] "GET /cne/telechargement HTTP/1.1" 302 -
0:0:0:0:0:0:0:1 - - [17/Feb/2022:17:08:44 +0100] "GET /page-login HTTP/1.1" 200 6394
0:0:0:0:0:0:0:1 - - [17/Feb/2022:17:08:44 +0100] "GET /js/bootstrap.bundle.min.js HTTP/1.1" 200 78635
0:0:0:0:0:0:0:1 - - [17/Feb/2022:17:08:44 +0100] "GET /js/jquery.min.js HTTP/1.1" 200 86927
0:0:0:0:0:0:0:1 - - [17/Feb/2022:17:08:44 +0100] "GET /js/waves.min.js HTTP/1.1" 200 6329
0:0:0:0:0:0:0:1 - - [17/Feb/2022:17:08:44 +0100] "GET /css/style.css HTTP/1.1" 200 86136
0:0:0:0:0:0:0:1 - - [17/Feb/2022:17:08:44 +0100] "GET /js/jquery.slimscroll.min.js HTTP/1.1" 200 4724
0:0:0:0:0:0:0:1 - - [17/Feb/2022:17:08:44 +0100] "GET /images/logo-sm.png HTTP/1.1" 200 4992
0:0:0:0:0:0:0:1 - - [17/Feb/2022:17:08:44 +0100] "GET /css/bootstrap.min.css HTTP/1.1" 200 155759
0:0:0:0:0:0:0:1 - - [17/Feb/2022:17:08:44 +0100] "GET /js/app.js HTTP/1.1" 200 3855
0:0:0:0:0:0:0:1 - - [17/Feb/2022:17:08:44 +0100] "GET /css/icons.css HTTP/1.1" 200 252644
0:0:0:0:0:0:0:1 - - [17/Feb/2022:17:08:44 +0100] "GET /images/bg-1.jpg HTTP/1.1" 200 66234
0:0:0:0:0:0:0:1 - - [17/Feb/2022:17:08:44 +0100] "GET /fonts/fa-regular-400.woff2 HTTP/1.1" 200 14868
0:0:0:0:0:0:0:1 - - [17/Feb/2022:17:08:44 +0100] "GET /fonts/fa-solid-900.woff2 HTTP/1.1" 200 79072
0:0:0:0:0:0:0:1 - - [17/Feb/2022:17:08:44 +0100] "GET /fonts/materialdesignicons-webfont.woff2?v=2.5.94 HTTP/1.1" 200 109248
0:0:0:0:0:0:0:1 - - [17/Feb/2022:17:08:46 +0100] "POST /perform_login HTTP/1.1" 302 -
0:0:0:0:0:0:0:1 - - [17/Feb/2022:17:08:46 +0100] "GET /dashboard HTTP/1.1" 200 45672
0:0:0:0:0:0:0:1 - - [17/Feb/2022:17:08:46 +0100] "GET /css/bootstrap.min.css HTTP/1.1" 200 155759
0:0:0:0:0:0:0:1 - - [17/Feb/2022:17:08:46 +0100] "GET /css/icons.css HTTP/1.1" 200 252644
0:0:0:0:0:0:0:1 - - [17/Feb/2022:17:08:46 +0100] "GET /css/style.css HTTP/1.1" 200 86136
0:0:0:0:0:0:0:1 - - [17/Feb/2022:17:08:46 +0100] "GET /css/plugins/chartist/css/chartist.min.css HTTP/1.1" 404 28104
0:0:0:0:0:0:0:1 - - [17/Feb/2022:17:08:46 +0100] "GET /css/plugins/morris/morris.css HTTP/1.1" 404 28104
0:0:0:0:0:0:0:1 - - [17/Feb/2022:17:08:46 +0100] "GET /js/jquery.min.js HTTP/1.1" 200 86927
0:0:0:0:0:0:0:1 - - [17/Feb/2022:17:08:46 +0100] "GET /css/plugins/datatables/dataTables.bootstrap4.min.css HTTP/1.1" 404 28104
0:0:0:0:0:0:0:1 - - [17/Feb/2022:17:08:46 +0100] "GET /css/plugins/jvectormap/jquery-jvectormap-2.0.2.css HTTP/1.1" 404 28104
0:0:0:0:0:0:0:1 - - [17/Feb/2022:17:08:46 +0100] "GET /js/jquery.slimscroll.min.js HTTP/1.1" 200 4724
0:0:0:0:0:0:0:1 - - [17/Feb/2022:17:08:46 +0100] "GET /js/waves.min.js HTTP/1.1" 200 6329
0:0:0:0:0:0:0:1 - - [17/Feb/2022:17:08:46 +0100] "GET /plugins/chartist/js/chartist-plugin-tooltip.min.js HTTP/1.1" 200 2571
0:0:0:0:0:0:0:1 - - [17/Feb/2022:17:08:46 +0100] "GET /plugins/morris/morris.min.js HTTP/1.1" 200 39119
0:0:0:0:0:0:0:1 - - [17/Feb/2022:17:08:46 +0100] "GET /js/bootstrap.bundle.min.js HTTP/1.1" 200 78635
0:0:0:0:0:0:0:1 - - [17/Feb/2022:17:08:46 +0100] "GET /plugins/chartist/js/chartist.min.js HTTP/1.1" 200 40214
0:0:0:0:0:0:0:1 - - [17/Feb/2022:17:08:46 +0100] "GET /plugins/peity-chart/jquery.peity.min.js HTTP/1.1" 200 3715
0:0:0:0:0:0:0:1 - - [17/Feb/2022:17:08:46 +0100] "GET /pages/jquery.dashboard2.init.js HTTP/1.1" 200 5185
0:0:0:0:0:0:0:1 - - [17/Feb/2022:17:08:46 +0100] "GET /plugins/datatables/jquery.dataTables.min.js HTTP/1.1" 200 82411
0:0:0:0:0:0:0:1 - - [17/Feb/2022:17:08:46 +0100] "GET /plugins/jvectormap/jquery-jvectormap-2.0.2.min.js HTTP/1.1" 200 104822
0:0:0:0:0:0:0:1 - - [17/Feb/2022:17:08:46 +0100] "GET /plugins/raphael/raphael-min.js HTTP/1.1" 200 92651
0:0:0:0:0:0:0:1 - - [17/Feb/2022:17:08:46 +0100] "GET /plugins/jvectormap/jquery-jvectormap-world-mill-en.js HTTP/1.1" 200 104252
0:0:0:0:0:0:0:1 - - [17/Feb/2022:17:08:46 +0100] "GET /plugins/datatables/dataTables.bootstrap4.min.js HTTP/1.1" 200 2085
0:0:0:0:0:0:0:1 - - [17/Feb/2022:17:08:46 +0100] "GET /js/app.js HTTP/1.1" 200 3855
0:0:0:0:0:0:0:1 - - [17/Feb/2022:17:08:46 +0100] "GET /images/logo-sm.png HTTP/1.1" 200 4992
0:0:0:0:0:0:0:1 - - [17/Feb/2022:17:08:46 +0100] "GET /images/users/user-1.jpg HTTP/1.1" 200 2557
0:0:0:0:0:0:0:1 - - [17/Feb/2022:17:08:46 +0100] "GET /images/logo.png HTTP/1.1" 200 4190
0:0:0:0:0:0:0:1 - - [17/Feb/2022:17:08:46 +0100] "GET /fonts/materialdesignicons-webfont.woff2?v=2.5.94 HTTP/1.1" 200 109248
0:0:0:0:0:0:0:1 - - [17/Feb/2022:17:08:46 +0100] "GET /fonts/dripicons-v2.woff HTTP/1.1" 200 26004
0:0:0:0:0:0:0:1 - - [17/Feb/2022:17:08:50 +0100] "GET /cne/telechargement HTTP/1.1" 200 22199
0:0:0:0:0:0:0:1 - - [17/Feb/2022:17:08:50 +0100] "GET /css/icons.css HTTP/1.1" 200 252644
0:0:0:0:0:0:0:1 - - [17/Feb/2022:17:08:50 +0100] "GET /css/bootstrap.min.css HTTP/1.1" 200 155759
0:0:0:0:0:0:0:1 - - [17/Feb/2022:17:08:50 +0100] "GET /css/plugins/jvectormap/jquery-jvectormap-2.0.2.css HTTP/1.1" 404 28104
0:0:0:0:0:0:0:1 - - [17/Feb/2022:17:08:50 +0100] "GET /css/plugins/chartist/css/chartist.min.css HTTP/1.1" 404 28104
0:0:0:0:0:0:0:1 - - [17/Feb/2022:17:08:50 +0100] "GET /css/plugins/datatables/dataTables.bootstrap4.min.css HTTP/1.1" 404 28104
0:0:0:0:0:0:0:1 - - [17/Feb/2022:17:08:50 +0100] "GET /css/style.css HTTP/1.1" 200 86136
0:0:0:0:0:0:0:1 - - [17/Feb/2022:17:08:50 +0100] "GET /css/plugins/morris/morris.css HTTP/1.1" 404 28104
0:0:0:0:0:0:0:1 - - [17/Feb/2022:17:08:50 +0100] "GET /js/bootstrap.bundle.min.js HTTP/1.1" 200 78635
0:0:0:0:0:0:0:1 - - [17/Feb/2022:17:08:50 +0100] "GET /js/jquery.min.js HTTP/1.1" 200 86927
0:0:0:0:0:0:0:1 - - [17/Feb/2022:17:08:50 +0100] "GET /js/waves.min.js HTTP/1.1" 200 6329
0:0:0:0:0:0:0:1 - - [17/Feb/2022:17:08:50 +0100] "GET /js/jquery.slimscroll.min.js HTTP/1.1" 200 4724
0:0:0:0:0:0:0:1 - - [17/Feb/2022:17:08:50 +0100] "GET /plugins/datatables/dataTables.bootstrap4.min.js HTTP/1.1" 200 2085
0:0:0:0:0:0:0:1 - - [17/Feb/2022:17:08:50 +0100] "GET /plugins/datatables/jquery.dataTables.min.js HTTP/1.1" 200 82411
0:0:0:0:0:0:0:1 - - [17/Feb/2022:17:08:50 +0100] "GET /plugins/datatables/dataTables.buttons.min.js HTTP/1.1" 200 18259
0:0:0:0:0:0:0:1 - - [17/Feb/2022:17:08:50 +0100] "GET /plugins/datatables/buttons.bootstrap4.min.js HTTP/1.1" 200 896
0:0:0:0:0:0:0:1 - - [17/Feb/2022:17:08:50 +0100] "GET /plugins/datatables/jszip.min.js HTTP/1.1" 200 102328
0:0:0:0:0:0:0:1 - - [17/Feb/2022:17:08:50 +0100] "GET /plugins/datatables/buttons.print.min.js HTTP/1.1" 200 2087
0:0:0:0:0:0:0:1 - - [17/Feb/2022:17:08:50 +0100] "GET /plugins/datatables/vfs_fonts.js HTTP/1.1" 200 870289
0:0:0:0:0:0:0:1 - - [17/Feb/2022:17:08:50 +0100] "GET /plugins/datatables/buttons.html5.min.js HTTP/1.1" 200 24009
0:0:0:0:0:0:0:1 - - [17/Feb/2022:17:08:50 +0100] "GET /plugins/datatables/buttons.colVis.min.js HTTP/1.1" 200 2763
0:0:0:0:0:0:0:1 - - [17/Feb/2022:17:08:50 +0100] "GET /plugins/datatables/pdfmake.min.js HTTP/1.1" 200 974460
0:0:0:0:0:0:0:1 - - [17/Feb/2022:17:08:50 +0100] "GET /plugins/datatables/dataTables.responsive.min.js HTTP/1.1" 200 11056
0:0:0:0:0:0:0:1 - - [17/Feb/2022:17:08:50 +0100] "GET /plugins/datatables/responsive.bootstrap4.min.js HTTP/1.1" 200 1183
0:0:0:0:0:0:0:1 - - [17/Feb/2022:17:08:50 +0100] "GET /pages/jquery.table-datatable.js HTTP/1.1" 200 513
0:0:0:0:0:0:0:1 - - [17/Feb/2022:17:08:50 +0100] "GET /js/app.js HTTP/1.1" 200 3855
0:0:0:0:0:0:0:1 - - [17/Feb/2022:17:08:50 +0100] "GET /images/users/user-1.jpg HTTP/1.1" 200 2557
0:0:0:0:0:0:0:1 - - [17/Feb/2022:17:08:50 +0100] "GET /images/logo-sm.png HTTP/1.1" 200 4992
0:0:0:0:0:0:0:1 - - [17/Feb/2022:17:08:50 +0100] "GET /images/logo.png HTTP/1.1" 200 4190
0:0:0:0:0:0:0:1 - - [17/Feb/2022:17:08:50 +0100] "GET /fonts/dripicons-v2.woff HTTP/1.1" 200 26004
0:0:0:0:0:0:0:1 - - [17/Feb/2022:17:08:50 +0100] "GET /fonts/materialdesignicons-webfont.woff2?v=2.5.94 HTTP/1.1" 200 109248
0:0:0:0:0:0:0:1 - - [17/Feb/2022:17:08:50 +0100] "GET /fonts/fa-solid-900.woff2 HTTP/1.1" 200 79072
0:0:0:0:0:0:0:1 - - [17/Feb/2022:17:26:34 +0100] "POST /cne/telechargement HTTP/1.1" 302 -
0:0:0:0:0:0:0:1 - - [17/Feb/2022:17:26:34 +0100] "GET /page-login HTTP/1.1" 200 6394
0:0:0:0:0:0:0:1 - - [17/Feb/2022:17:26:34 +0100] "GET /css/style.css HTTP/1.1" 200 86136
0:0:0:0:0:0:0:1 - - [17/Feb/2022:17:26:34 +0100] "GET /css/bootstrap.min.css HTTP/1.1" 200 155759
0:0:0:0:0:0:0:1 - - [17/Feb/2022:17:26:34 +0100] "GET /css/icons.css HTTP/1.1" 200 252644
0:0:0:0:0:0:0:1 - - [17/Feb/2022:17:26:35 +0100] "GET /js/bootstrap.bundle.min.js HTTP/1.1" 200 78635
0:0:0:0:0:0:0:1 - - [17/Feb/2022:17:26:35 +0100] "GET /js/waves.min.js HTTP/1.1" 200 6329
0:0:0:0:0:0:0:1 - - [17/Feb/2022:17:26:35 +0100] "GET /js/app.js HTTP/1.1" 200 3855
0:0:0:0:0:0:0:1 - - [17/Feb/2022:17:26:35 +0100] "GET /js/jquery.slimscroll.min.js HTTP/1.1" 200 4724
0:0:0:0:0:0:0:1 - - [17/Feb/2022:17:26:35 +0100] "GET /js/jquery.min.js HTTP/1.1" 200 86927
0:0:0:0:0:0:0:1 - - [17/Feb/2022:17:26:35 +0100] "GET /images/logo-sm.png HTTP/1.1" 200 4992
0:0:0:0:0:0:0:1 - - [17/Feb/2022:17:26:35 +0100] "GET /images/bg-1.jpg HTTP/1.1" 200 66234
0:0:0:0:0:0:0:1 - - [17/Feb/2022:17:26:35 +0100] "GET /fonts/fa-regular-400.woff2 HTTP/1.1" 200 14868
0:0:0:0:0:0:0:1 - - [17/Feb/2022:17:26:35 +0100] "GET /fonts/fa-solid-900.woff2 HTTP/1.1" 200 79072
0:0:0:0:0:0:0:1 - - [17/Feb/2022:17:26:35 +0100] "GET /fonts/materialdesignicons-webfont.woff2?v=2.5.94 HTTP/1.1" 200 109248
0:0:0:0:0:0:0:1 - - [17/Feb/2022:17:26:37 +0100] "POST /perform_login HTTP/1.1" 302 -
0:0:0:0:0:0:0:1 - - [17/Feb/2022:17:26:37 +0100] "GET /dashboard HTTP/1.1" 200 45672
0:0:0:0:0:0:0:1 - - [17/Feb/2022:17:26:37 +0100] "GET /css/bootstrap.min.css HTTP/1.1" 200 155759
0:0:0:0:0:0:0:1 - - [17/Feb/2022:17:26:37 +0100] "GET /css/icons.css HTTP/1.1" 200 252644
0:0:0:0:0:0:0:1 - - [17/Feb/2022:17:26:37 +0100] "GET /css/style.css HTTP/1.1" 200 86136
0:0:0:0:0:0:0:1 - - [17/Feb/2022:17:26:37 +0100] "GET /css/plugins/jvectormap/jquery-jvectormap-2.0.2.css HTTP/1.1" 404 28104
0:0:0:0:0:0:0:1 - - [17/Feb/2022:17:26:37 +0100] "GET /js/jquery.min.js HTTP/1.1" 200 86927
0:0:0:0:0:0:0:1 - - [17/Feb/2022:17:26:37 +0100] "GET /css/plugins/chartist/css/chartist.min.css HTTP/1.1" 404 28104
0:0:0:0:0:0:0:1 - - [17/Feb/2022:17:26:37 +0100] "GET /css/plugins/datatables/dataTables.bootstrap4.min.css HTTP/1.1" 404 28104
0:0:0:0:0:0:0:1 - - [17/Feb/2022:17:26:37 +0100] "GET /css/plugins/morris/morris.css HTTP/1.1" 404 28104
0:0:0:0:0:0:0:1 - - [17/Feb/2022:17:26:37 +0100] "GET /js/waves.min.js HTTP/1.1" 200 6329
0:0:0:0:0:0:0:1 - - [17/Feb/2022:17:26:37 +0100] "GET /js/bootstrap.bundle.min.js HTTP/1.1" 200 78635
0:0:0:0:0:0:0:1 - - [17/Feb/2022:17:26:37 +0100] "GET /js/jquery.slimscroll.min.js HTTP/1.1" 200 4724
0:0:0:0:0:0:0:1 - - [17/Feb/2022:17:26:37 +0100] "GET /plugins/chartist/js/chartist.min.js HTTP/1.1" 200 40214
0:0:0:0:0:0:0:1 - - [17/Feb/2022:17:26:37 +0100] "GET /plugins/chartist/js/chartist-plugin-tooltip.min.js HTTP/1.1" 200 2571
0:0:0:0:0:0:0:1 - - [17/Feb/2022:17:26:37 +0100] "GET /plugins/morris/morris.min.js HTTP/1.1" 200 39119
0:0:0:0:0:0:0:1 - - [17/Feb/2022:17:26:37 +0100] "GET /plugins/raphael/raphael-min.js HTTP/1.1" 200 92651
0:0:0:0:0:0:0:1 - - [17/Feb/2022:17:26:37 +0100] "GET /plugins/peity-chart/jquery.peity.min.js HTTP/1.1" 200 3715
0:0:0:0:0:0:0:1 - - [17/Feb/2022:17:26:37 +0100] "GET /plugins/datatables/jquery.dataTables.min.js HTTP/1.1" 200 82411
0:0:0:0:0:0:0:1 - - [17/Feb/2022:17:26:37 +0100] "GET /plugins/jvectormap/jquery-jvectormap-world-mill-en.js HTTP/1.1" 200 104252
0:0:0:0:0:0:0:1 - - [17/Feb/2022:17:26:37 +0100] "GET /plugins/jvectormap/jquery-jvectormap-2.0.2.min.js HTTP/1.1" 200 104822
0:0:0:0:0:0:0:1 - - [17/Feb/2022:17:26:37 +0100] "GET /plugins/datatables/dataTables.bootstrap4.min.js HTTP/1.1" 200 2085
0:0:0:0:0:0:0:1 - - [17/Feb/2022:17:26:37 +0100] "GET /pages/jquery.dashboard2.init.js HTTP/1.1" 200 5185
0:0:0:0:0:0:0:1 - - [17/Feb/2022:17:26:37 +0100] "GET /js/app.js HTTP/1.1" 200 3855
0:0:0:0:0:0:0:1 - - [17/Feb/2022:17:26:37 +0100] "GET /images/logo-sm.png HTTP/1.1" 200 4992
0:0:0:0:0:0:0:1 - - [17/Feb/2022:17:26:37 +0100] "GET /images/logo.png HTTP/1.1" 200 4190
0:0:0:0:0:0:0:1 - - [17/Feb/2022:17:26:37 +0100] "GET /images/users/user-1.jpg HTTP/1.1" 200 2557
0:0:0:0:0:0:0:1 - - [17/Feb/2022:17:26:37 +0100] "GET /fonts/dripicons-v2.woff HTTP/1.1" 200 26004
0:0:0:0:0:0:0:1 - - [17/Feb/2022:17:26:37 +0100] "GET /fonts/materialdesignicons-webfont.woff2?v=2.5.94 HTTP/1.1" 200 109248
0:0:0:0:0:0:0:1 - - [17/Feb/2022:17:26:40 +0100] "GET /projet/liste HTTP/1.1" 200 25029
0:0:0:0:0:0:0:1 - - [17/Feb/2022:17:26:40 +0100] "GET /css/bootstrap.min.css HTTP/1.1" 200 155759
0:0:0:0:0:0:0:1 - - [17/Feb/2022:17:26:40 +0100] "GET /css/icons.css HTTP/1.1" 200 252644
0:0:0:0:0:0:0:1 - - [17/Feb/2022:17:26:40 +0100] "GET /css/plugins/morris/morris.css HTTP/1.1" 404 28104
0:0:0:0:0:0:0:1 - - [17/Feb/2022:17:26:40 +0100] "GET /css/plugins/datatables/dataTables.bootstrap4.min.css HTTP/1.1" 404 28104
0:0:0:0:0:0:0:1 - - [17/Feb/2022:17:26:40 +0100] "GET /css/plugins/jvectormap/jquery-jvectormap-2.0.2.css HTTP/1.1" 404 28104
0:0:0:0:0:0:0:1 - - [17/Feb/2022:17:26:40 +0100] "GET /css/plugins/chartist/css/chartist.min.css HTTP/1.1" 404 28104
0:0:0:0:0:0:0:1 - - [17/Feb/2022:17:26:40 +0100] "GET /css/style.css HTTP/1.1" 200 86136
0:0:0:0:0:0:0:1 - - [17/Feb/2022:17:26:40 +0100] "GET /js/jquery.min.js HTTP/1.1" 200 86927
0:0:0:0:0:0:0:1 - - [17/Feb/2022:17:26:40 +0100] "GET /js/jquery.slimscroll.min.js HTTP/1.1" 200 4724
0:0:0:0:0:0:0:1 - - [17/Feb/2022:17:26:40 +0100] "GET /js/waves.min.js HTTP/1.1" 200 6329
0:0:0:0:0:0:0:1 - - [17/Feb/2022:17:26:41 +0100] "GET /plugins/datatables/jquery.dataTables.min.js HTTP/1.1" 200 82411
0:0:0:0:0:0:0:1 - - [17/Feb/2022:17:26:41 +0100] "GET /js/bootstrap.bundle.min.js HTTP/1.1" 200 78635
0:0:0:0:0:0:0:1 - - [17/Feb/2022:17:26:41 +0100] "GET /plugins/datatables/buttons.bootstrap4.min.js HTTP/1.1" 200 896
0:0:0:0:0:0:0:1 - - [17/Feb/2022:17:26:41 +0100] "GET /plugins/datatables/dataTables.buttons.min.js HTTP/1.1" 200 18259
0:0:0:0:0:0:0:1 - - [17/Feb/2022:17:26:41 +0100] "GET /plugins/datatables/jszip.min.js HTTP/1.1" 200 102328
0:0:0:0:0:0:0:1 - - [17/Feb/2022:17:26:41 +0100] "GET /plugins/datatables/dataTables.bootstrap4.min.js HTTP/1.1" 200 2085
0:0:0:0:0:0:0:1 - - [17/Feb/2022:17:26:41 +0100] "GET /plugins/datatables/pdfmake.min.js HTTP/1.1" 200 974460
0:0:0:0:0:0:0:1 - - [17/Feb/2022:17:26:41 +0100] "GET /plugins/datatables/buttons.html5.min.js HTTP/1.1" 200 24009
0:0:0:0:0:0:0:1 - - [17/Feb/2022:17:26:41 +0100] "GET /plugins/datatables/buttons.print.min.js HTTP/1.1" 200 2087
0:0:0:0:0:0:0:1 - - [17/Feb/2022:17:26:41 +0100] "GET /plugins/datatables/vfs_fonts.js HTTP/1.1" 200 870289
0:0:0:0:0:0:0:1 - - [17/Feb/2022:17:26:41 +0100] "GET /plugins/datatables/buttons.colVis.min.js HTTP/1.1" 200 2763
0:0:0:0:0:0:0:1 - - [17/Feb/2022:17:26:41 +0100] "GET /plugins/datatables/responsive.bootstrap4.min.js HTTP/1.1" 200 1183
0:0:0:0:0:0:0:1 - - [17/Feb/2022:17:26:41 +0100] "GET /plugins/datatables/dataTables.responsive.min.js HTTP/1.1" 200 11056
0:0:0:0:0:0:0:1 - - [17/Feb/2022:17:26:41 +0100] "GET /pages/jquery.table-datatable.js HTTP/1.1" 200 513
0:0:0:0:0:0:0:1 - - [17/Feb/2022:17:26:41 +0100] "GET /js/app.js HTTP/1.1" 200 3855
0:0:0:0:0:0:0:1 - - [17/Feb/2022:17:26:41 +0100] "GET /images/logo-sm.png HTTP/1.1" 200 4992
0:0:0:0:0:0:0:1 - - [17/Feb/2022:17:26:41 +0100] "GET /images/logo.png HTTP/1.1" 200 4190
0:0:0:0:0:0:0:1 - - [17/Feb/2022:17:26:41 +0100] "GET /images/users/user-1.jpg HTTP/1.1" 200 2557
0:0:0:0:0:0:0:1 - - [17/Feb/2022:17:26:41 +0100] "GET /fonts/materialdesignicons-webfont.woff2?v=2.5.94 HTTP/1.1" 200 109248
0:0:0:0:0:0:0:1 - - [17/Feb/2022:17:26:41 +0100] "GET /fonts/dripicons-v2.woff HTTP/1.1" 200 26004
0:0:0:0:0:0:0:1 - - [17/Feb/2022:17:26:41 +0100] "GET /fonts/fa-solid-900.woff2 HTTP/1.1" 200 79072
0:0:0:0:0:0:0:1 - - [17/Feb/2022:17:26:41 +0100] "GET /fonts/themify.woff?-fvbane HTTP/1.1" 200 56108
0:0:0:0:0:0:0:1 - - [17/Feb/2022:17:26:44 +0100] "GET /cne/liste HTTP/1.1" 200 22217
0:0:0:0:0:0:0:1 - - [17/Feb/2022:17:26:44 +0100] "GET /css/icons.css HTTP/1.1" 200 252644
0:0:0:0:0:0:0:1 - - [17/Feb/2022:17:26:44 +0100] "GET /css/bootstrap.min.css HTTP/1.1" 200 155759
0:0:0:0:0:0:0:1 - - [17/Feb/2022:17:26:44 +0100] "GET /css/plugins/chartist/css/chartist.min.css HTTP/1.1" 404 28104
0:0:0:0:0:0:0:1 - - [17/Feb/2022:17:26:44 +0100] "GET /css/style.css HTTP/1.1" 200 86136
0:0:0:0:0:0:0:1 - - [17/Feb/2022:17:26:44 +0100] "GET /css/plugins/jvectormap/jquery-jvectormap-2.0.2.css HTTP/1.1" 404 28104
0:0:0:0:0:0:0:1 - - [17/Feb/2022:17:26:44 +0100] "GET /css/plugins/morris/morris.css HTTP/1.1" 404 28104
0:0:0:0:0:0:0:1 - - [17/Feb/2022:17:26:44 +0100] "GET /js/jquery.min.js HTTP/1.1" 200 86927
0:0:0:0:0:0:0:1 - - [17/Feb/2022:17:26:44 +0100] "GET /css/plugins/datatables/dataTables.bootstrap4.min.css HTTP/1.1" 404 28104
0:0:0:0:0:0:0:1 - - [17/Feb/2022:17:26:44 +0100] "GET /js/jquery.slimscroll.min.js HTTP/1.1" 200 4724
0:0:0:0:0:0:0:1 - - [17/Feb/2022:17:26:44 +0100] "GET /js/waves.min.js HTTP/1.1" 200 6329
0:0:0:0:0:0:0:1 - - [17/Feb/2022:17:26:44 +0100] "GET /js/bootstrap.bundle.min.js HTTP/1.1" 200 78635
0:0:0:0:0:0:0:1 - - [17/Feb/2022:17:26:44 +0100] "GET /plugins/datatables/dataTables.buttons.min.js HTTP/1.1" 200 18259
0:0:0:0:0:0:0:1 - - [17/Feb/2022:17:26:44 +0100] "GET /plugins/datatables/jquery.dataTables.min.js HTTP/1.1" 200 82411
0:0:0:0:0:0:0:1 - - [17/Feb/2022:17:26:44 +0100] "GET /plugins/datatables/dataTables.bootstrap4.min.js HTTP/1.1" 200 2085
0:0:0:0:0:0:0:1 - - [17/Feb/2022:17:26:44 +0100] "GET /plugins/datatables/buttons.bootstrap4.min.js HTTP/1.1" 200 896
0:0:0:0:0:0:0:1 - - [17/Feb/2022:17:26:44 +0100] "GET /plugins/datatables/jszip.min.js HTTP/1.1" 200 102328
0:0:0:0:0:0:0:1 - - [17/Feb/2022:17:26:44 +0100] "GET /plugins/datatables/pdfmake.min.js HTTP/1.1" 200 974460
0:0:0:0:0:0:0:1 - - [17/Feb/2022:17:26:44 +0100] "GET /plugins/datatables/buttons.html5.min.js HTTP/1.1" 200 24009
0:0:0:0:0:0:0:1 - - [17/Feb/2022:17:26:44 +0100] "GET /plugins/datatables/buttons.print.min.js HTTP/1.1" 200 2087
0:0:0:0:0:0:0:1 - - [17/Feb/2022:17:26:44 +0100] "GET /plugins/datatables/buttons.colVis.min.js HTTP/1.1" 200 2763
0:0:0:0:0:0:0:1 - - [17/Feb/2022:17:26:44 +0100] "GET /plugins/datatables/vfs_fonts.js HTTP/1.1" 200 870289
0:0:0:0:0:0:0:1 - - [17/Feb/2022:17:26:44 +0100] "GET /plugins/datatables/dataTables.responsive.min.js HTTP/1.1" 200 11056
0:0:0:0:0:0:0:1 - - [17/Feb/2022:17:26:44 +0100] "GET /plugins/datatables/responsive.bootstrap4.min.js HTTP/1.1" 200 1183
0:0:0:0:0:0:0:1 - - [17/Feb/2022:17:26:44 +0100] "GET /pages/jquery.table-datatable.js HTTP/1.1" 200 513
0:0:0:0:0:0:0:1 - - [17/Feb/2022:17:26:44 +0100] "GET /js/app.js HTTP/1.1" 200 3855
0:0:0:0:0:0:0:1 - - [17/Feb/2022:17:26:44 +0100] "GET /images/logo-sm.png HTTP/1.1" 200 4992
0:0:0:0:0:0:0:1 - - [17/Feb/2022:17:26:44 +0100] "GET /images/users/user-1.jpg HTTP/1.1" 200 2557
0:0:0:0:0:0:0:1 - - [17/Feb/2022:17:26:44 +0100] "GET /images/logo.png HTTP/1.1" 200 4190
0:0:0:0:0:0:0:1 - - [17/Feb/2022:17:26:44 +0100] "GET /fonts/dripicons-v2.woff HTTP/1.1" 200 26004
0:0:0:0:0:0:0:1 - - [17/Feb/2022:17:26:44 +0100] "GET /fonts/materialdesignicons-webfont.woff2?v=2.5.94 HTTP/1.1" 200 109248
0:0:0:0:0:0:0:1 - - [17/Feb/2022:17:26:44 +0100] "GET /fonts/fa-solid-900.woff2 HTTP/1.1" 200 79072
0:0:0:0:0:0:0:1 - - [17/Feb/2022:18:57:47 +0100] "GET /projet/liste HTTP/1.1" 302 -
0:0:0:0:0:0:0:1 - - [17/Feb/2022:18:57:47 +0100] "GET /page-login HTTP/1.1" 200 6394
0:0:0:0:0:0:0:1 - - [17/Feb/2022:18:57:47 +0100] "GET /css/style.css HTTP/1.1" 200 86136
0:0:0:0:0:0:0:1 - - [17/Feb/2022:18:57:47 +0100] "GET /css/bootstrap.min.css HTTP/1.1" 200 155759
0:0:0:0:0:0:0:1 - - [17/Feb/2022:18:57:47 +0100] "GET /css/icons.css HTTP/1.1" 200 252644
0:0:0:0:0:0:0:1 - - [17/Feb/2022:18:57:47 +0100] "GET /js/waves.min.js HTTP/1.1" 200 6329
0:0:0:0:0:0:0:1 - - [17/Feb/2022:18:57:47 +0100] "GET /js/jquery.min.js HTTP/1.1" 200 86927
0:0:0:0:0:0:0:1 - - [17/Feb/2022:18:57:47 +0100] "GET /js/bootstrap.bundle.min.js HTTP/1.1" 200 78635
0:0:0:0:0:0:0:1 - - [17/Feb/2022:18:57:47 +0100] "GET /js/app.js HTTP/1.1" 200 3855
0:0:0:0:0:0:0:1 - - [17/Feb/2022:18:57:47 +0100] "GET /images/logo-sm.png HTTP/1.1" 200 4992
0:0:0:0:0:0:0:1 - - [17/Feb/2022:18:57:47 +0100] "GET /js/jquery.slimscroll.min.js HTTP/1.1" 200 4724
0:0:0:0:0:0:0:1 - - [17/Feb/2022:18:57:47 +0100] "GET /images/bg-1.jpg HTTP/1.1" 200 66234
0:0:0:0:0:0:0:1 - - [17/Feb/2022:18:57:47 +0100] "GET /fonts/fa-regular-400.woff2 HTTP/1.1" 200 14868
0:0:0:0:0:0:0:1 - - [17/Feb/2022:18:57:47 +0100] "GET /fonts/fa-solid-900.woff2 HTTP/1.1" 200 79072
0:0:0:0:0:0:0:1 - - [17/Feb/2022:18:57:47 +0100] "GET /fonts/materialdesignicons-webfont.woff2?v=2.5.94 HTTP/1.1" 200 109248
0:0:0:0:0:0:0:1 - - [17/Feb/2022:18:57:49 +0100] "POST /perform_login HTTP/1.1" 302 -
0:0:0:0:0:0:0:1 - - [17/Feb/2022:18:57:49 +0100] "GET /dashboard HTTP/1.1" 200 45672
0:0:0:0:0:0:0:1 - - [17/Feb/2022:18:57:49 +0100] "GET /css/plugins/morris/morris.css HTTP/1.1" 404 28104
0:0:0:0:0:0:0:1 - - [17/Feb/2022:18:57:49 +0100] "GET /css/plugins/chartist/css/chartist.min.css HTTP/1.1" 404 28104
0:0:0:0:0:0:0:1 - - [17/Feb/2022:18:57:49 +0100] "GET /css/plugins/datatables/dataTables.bootstrap4.min.css HTTP/1.1" 404 28104
0:0:0:0:0:0:0:1 - - [17/Feb/2022:18:57:49 +0100] "GET /css/icons.css HTTP/1.1" 200 252644
0:0:0:0:0:0:0:1 - - [17/Feb/2022:18:57:49 +0100] "GET /css/bootstrap.min.css HTTP/1.1" 200 155759
0:0:0:0:0:0:0:1 - - [17/Feb/2022:18:57:49 +0100] "GET /css/plugins/jvectormap/jquery-jvectormap-2.0.2.css HTTP/1.1" 404 28104
0:0:0:0:0:0:0:1 - - [17/Feb/2022:18:57:49 +0100] "GET /css/style.css HTTP/1.1" 200 86136
0:0:0:0:0:0:0:1 - - [17/Feb/2022:18:57:49 +0100] "GET /plugins/chartist/js/chartist.min.js HTTP/1.1" 200 40214
0:0:0:0:0:0:0:1 - - [17/Feb/2022:18:57:49 +0100] "GET /js/waves.min.js HTTP/1.1" 200 6329
0:0:0:0:0:0:0:1 - - [17/Feb/2022:18:57:49 +0100] "GET /js/bootstrap.bundle.min.js HTTP/1.1" 200 78635
0:0:0:0:0:0:0:1 - - [17/Feb/2022:18:57:49 +0100] "GET /js/jquery.min.js HTTP/1.1" 200 86927
0:0:0:0:0:0:0:1 - - [17/Feb/2022:18:57:49 +0100] "GET /js/jquery.slimscroll.min.js HTTP/1.1" 200 4724
0:0:0:0:0:0:0:1 - - [17/Feb/2022:18:57:49 +0100] "GET /plugins/chartist/js/chartist-plugin-tooltip.min.js HTTP/1.1" 200 2571
0:0:0:0:0:0:0:1 - - [17/Feb/2022:18:57:49 +0100] "GET /plugins/morris/morris.min.js HTTP/1.1" 200 39119
0:0:0:0:0:0:0:1 - - [17/Feb/2022:18:57:49 +0100] "GET /plugins/peity-chart/jquery.peity.min.js HTTP/1.1" 200 3715
0:0:0:0:0:0:0:1 - - [17/Feb/2022:18:57:49 +0100] "GET /plugins/jvectormap/jquery-jvectormap-2.0.2.min.js HTTP/1.1" 200 104822
0:0:0:0:0:0:0:1 - - [17/Feb/2022:18:57:49 +0100] "GET /plugins/datatables/jquery.dataTables.min.js HTTP/1.1" 200 82411
0:0:0:0:0:0:0:1 - - [17/Feb/2022:18:57:49 +0100] "GET /plugins/raphael/raphael-min.js HTTP/1.1" 200 92651
0:0:0:0:0:0:0:1 - - [17/Feb/2022:18:57:49 +0100] "GET /plugins/jvectormap/jquery-jvectormap-world-mill-en.js HTTP/1.1" 200 104252
0:0:0:0:0:0:0:1 - - [17/Feb/2022:18:57:49 +0100] "GET /plugins/datatables/dataTables.bootstrap4.min.js HTTP/1.1" 200 2085
0:0:0:0:0:0:0:1 - - [17/Feb/2022:18:57:49 +0100] "GET /pages/jquery.dashboard2.init.js HTTP/1.1" 200 5185
0:0:0:0:0:0:0:1 - - [17/Feb/2022:18:57:49 +0100] "GET /images/users/user-1.jpg HTTP/1.1" 200 2557
0:0:0:0:0:0:0:1 - - [17/Feb/2022:18:57:49 +0100] "GET /images/logo.png HTTP/1.1" 200 4190
0:0:0:0:0:0:0:1 - - [17/Feb/2022:18:57:49 +0100] "GET /js/app.js HTTP/1.1" 200 3855
0:0:0:0:0:0:0:1 - - [17/Feb/2022:18:57:49 +0100] "GET /images/logo-sm.png HTTP/1.1" 200 4992
0:0:0:0:0:0:0:1 - - [17/Feb/2022:18:57:50 +0100] "GET /fonts/dripicons-v2.woff HTTP/1.1" 200 26004
0:0:0:0:0:0:0:1 - - [17/Feb/2022:18:57:50 +0100] "GET /fonts/materialdesignicons-webfont.woff2?v=2.5.94 HTTP/1.1" 200 109248
