0:0:0:0:0:0:0:1 - - [14/Dec/2021:08:08:32 +0100] "GET /ws/maitreouvrage/all HTTP/1.1" 200 12
0:0:0:0:0:0:0:1 - - [14/Dec/2021:08:08:33 +0100] "GET /favicon.ico HTTP/1.1" 404 144
0:0:0:0:0:0:0:1 - - [14/Dec/2021:10:09:14 +0100] "GET /ws/pays/all HTTP/1.1" 200 7856
0:0:0:0:0:0:0:1 - - [14/Dec/2021:10:09:14 +0100] "GET /favicon.ico HTTP/1.1" 404 144
0:0:0:0:0:0:0:1 - - [14/Dec/2021:10:10:39 +0100] "GET /ws/projet/year/2019 HTTP/1.1" 500 11686
0:0:0:0:0:0:0:1 - - [14/Dec/2021:10:10:49 +0100] "GET /ws/projet/year/2019 HTTP/1.1" 500 11686
0:0:0:0:0:0:0:1 - - [14/Dec/2021:10:30:40 +0100] "GET /ws/projet/year/2019 HTTP/1.1" 500 11689
127.0.0.1 - - [14/Dec/2021:10:31:20 +0100] "GET /ws/projet/year/2019 HTTP/1.1" 500 11687
0:0:0:0:0:0:0:1 - - [14/Dec/2021:10:33:01 +0100] "GET /ws/projet/year/2019 HTTP/1.1" 500 11686
0:0:0:0:0:0:0:1 - - [14/Dec/2021:10:33:50 +0100] "GET /ws/projet/year/2019 HTTP/1.1" 500 11686
127.0.0.1 - - [14/Dec/2021:10:35:04 +0100] "GET /ws/projet/year/2019 HTTP/1.1" 500 11685
0:0:0:0:0:0:0:1 - - [14/Dec/2021:10:37:39 +0100] "GET /ws/projet/year/2019 HTTP/1.1" 500 11692
0:0:0:0:0:0:0:1 - - [14/Dec/2021:10:41:40 +0100] "GET /ws/projet/year/2019 HTTP/1.1" 500 11692
0:0:0:0:0:0:0:1 - - [14/Dec/2021:10:53:04 +0100] "GET /ws/projet/year/2019 HTTP/1.1" 500 13264
0:0:0:0:0:0:0:1 - - [14/Dec/2021:10:56:58 +0100] "GET /ws/projet/year/2019 HTTP/1.1" 500 13167
127.0.0.1 - - [14/Dec/2021:10:57:36 +0100] "GET /ws/projet/year/2019 HTTP/1.1" 500 13174
0:0:0:0:0:0:0:1 - - [14/Dec/2021:10:58:31 +0100] "GET /ws/projet/year/2019 HTTP/1.1" 500 13174
127.0.0.1 - - [14/Dec/2021:10:59:40 +0100] "GET /ws/projet/year/2019 HTTP/1.1" 500 13194
0:0:0:0:0:0:0:1 - - [14/Dec/2021:11:00:46 +0100] "GET /ws/projet/year/2019 HTTP/1.1" 500 13181
0:0:0:0:0:0:0:1 - - [14/Dec/2021:11:01:58 +0100] "GET /ws/projet/year/2019 HTTP/1.1" 500 13171
0:0:0:0:0:0:0:1 - - [14/Dec/2021:11:03:10 +0100] "GET /ws/projet/year/2019 HTTP/1.1" 500 13188
0:0:0:0:0:0:0:1 - - [14/Dec/2021:11:04:45 +0100] "GET /ws/projet/year/2019 HTTP/1.1" 500 13178
0:0:0:0:0:0:0:1 - - [14/Dec/2021:11:07:19 +0100] "GET /ws/projet/year/2019 HTTP/1.1" 500 13178
0:0:0:0:0:0:0:1 - - [14/Dec/2021:11:13:44 +0100] "GET /ws/projet/year/2019 HTTP/1.1" 500 13174
0:0:0:0:0:0:0:1 - - [14/Dec/2021:11:16:22 +0100] "GET /ws/projet/year/2019 HTTP/1.1" 500 13178
0:0:0:0:0:0:0:1 - - [14/Dec/2021:11:26:43 +0100] "GET /ws/pays/all HTTP/1.1" 200 7856
0:0:0:0:0:0:0:1 - - [14/Dec/2021:11:59:48 +0100] "GET /ws/cne/01-01-2020/01-03-2020 HTTP/1.1" 500 7278
0:0:0:0:0:0:0:1 - - [14/Dec/2021:11:59:53 +0100] "GET /ws/cne/01-01-2020/01-03-2020 HTTP/1.1" 500 7278
0:0:0:0:0:0:0:1 - - [14/Dec/2021:12:27:19 +0100] "GET /ws/cne/01-01-2020/01-03-2020 HTTP/1.1" 200 8206
0:0:0:0:0:0:0:1 - - [14/Dec/2021:12:28:19 +0100] "GET /ws/cne/01-01-2020/01-03-2020 HTTP/1.1" 200 5775725
0:0:0:0:0:0:0:1 - - [14/Dec/2021:12:46:06 +0100] "GET /ws/cne/01-01-2020/01-03-2020 HTTP/1.1" 200 5775725
0:0:0:0:0:0:0:1 - - [14/Dec/2021:12:46:15 +0100] "GET /favicon.ico HTTP/1.1" 404 144
0:0:0:0:0:0:0:1 - - [14/Dec/2021:12:46:21 +0100] "GET /ws/cne/01-01-2020/01-03-2020 HTTP/1.1" 200 5775725
0:0:0:0:0:0:0:1 - - [14/Dec/2021:12:58:23 +0100] "GET /ws/cne/01-01-2020/31-12-2020 HTTP/1.1" 200 74797320
0:0:0:0:0:0:0:1 - - [14/Dec/2021:12:59:04 +0100] "GET /ws/cne/01-01-2020/31-12-2020 HTTP/1.1" 200 74797320
0:0:0:0:0:0:0:1 - - [14/Dec/2021:13:19:45 +0100] "GET /ws/cne/01-01-2020/31-12-2020 HTTP/1.1" 200 74797320
0:0:0:0:0:0:0:1 - - [14/Dec/2021:13:35:45 +0100] "GET /ws/cne/01-01-2020/31-12-2020 HTTP/1.1" 200 74797320
0:0:0:0:0:0:0:1 - - [14/Dec/2021:13:37:54 +0100] "GET /ws/cne/01-01-2020/31-12-2020 HTTP/1.1" 200 74797320
0:0:0:0:0:0:0:1 - - [14/Dec/2021:13:38:16 +0100] "GET /ws/cne/01-01-2020/31-12-2020 HTTP/1.1" 200 74797320
0:0:0:0:0:0:0:1 - - [14/Dec/2021:13:39:22 +0100] "GET /ws/cne/01-01-2020/31-12-2020 HTTP/1.1" 200 20491806
0:0:0:0:0:0:0:1 - - [14/Dec/2021:16:16:32 +0100] "GET /ws/cne/01-01-2020/31-12-2020 HTTP/1.1" 500 13215
0:0:0:0:0:0:0:1 - - [14/Dec/2021:16:28:07 +0100] "GET /ws/cne/01-01-2020/31-12-2020 HTTP/1.1" 500 10227
0:0:0:0:0:0:0:1 - - [14/Dec/2021:16:39:39 +0100] "GET /ws/cne/01-01-2020/31-12-2020 HTTP/1.1" 500 7278
0:0:0:0:0:0:0:1 - - [14/Dec/2021:16:51:39 +0100] "GET /ws/cne/01-01-2020/31-01-2020 HTTP/1.1" 500 14014
0:0:0:0:0:0:0:1 - - [14/Dec/2021:16:58:41 +0100] "GET /ws/cne/01-01-2020/31-01-2020 HTTP/1.1" 500 14014
