0:0:0:0:0:0:0:1 - - [15/Dec/2021:12:47:01 +0100] "GET /ws/pays/all HTTP/1.1" 200 7856
0:0:0:0:0:0:0:1 - - [15/Dec/2021:12:47:01 +0100] "GET /favicon.ico HTTP/1.1" 404 144
0:0:0:0:0:0:0:1 - - [15/Dec/2021:12:47:16 +0100] "GET /ws/projet/all HTTP/1.1" 404 306
0:0:0:0:0:0:0:1 - - [15/Dec/2021:12:47:21 +0100] "GET /ws/lprojet/all HTTP/1.1" 404 306
0:0:0:0:0:0:0:1 - - [15/Dec/2021:12:47:31 +0100] "GET /ws/beneficiaire/all HTTP/1.1" 200 12
0:0:0:0:0:0:0:1 - - [15/Dec/2021:12:47:43 +0100] "GET /ws/maitreouvrage/all HTTP/1.1" 200 1319345
0:0:0:0:0:0:0:1 - - [15/Dec/2021:12:47:47 +0100] "GET /ws/pays/all HTTP/1.1" 200 7856
0:0:0:0:0:0:0:1 - - [15/Dec/2021:12:48:28 +0100] "GET /ws/projet/year/2019 HTTP/1.1" 500 13239
127.0.0.1 - - [15/Dec/2021:12:53:50 +0100] "GET /ws/projet/year/2019 HTTP/1.1" 500 13239
0:0:0:0:0:0:0:1 - - [15/Dec/2021:12:54:34 +0100] "GET /ws/projet/year/2020 HTTP/1.1" 500 13239
0:0:0:0:0:0:0:1 - - [15/Dec/2021:13:00:05 +0100] "GET /ws/cne/year/2020 HTTP/1.1" 500 14015
0:0:0:0:0:0:0:1 - - [15/Dec/2021:13:12:31 +0100] "GET /ws/cne/year/2020 HTTP/1.1" 500 13992
0:0:0:0:0:0:0:1 - - [15/Dec/2021:13:13:19 +0100] "GET /ws/cne/year/2020 HTTP/1.1" 500 13992
0:0:0:0:0:0:0:1 - - [15/Dec/2021:13:20:42 +0100] "GET /ws/cne/year/2020 HTTP/1.1" 500 13135
127.0.0.1 - - [15/Dec/2021:13:21:33 +0100] "GET /ws/cne/year/2020 HTTP/1.1" 500 13135
0:0:0:0:0:0:0:1 - - [15/Dec/2021:13:24:19 +0100] "GET /ws/cne/year/2020 HTTP/1.1" 500 14004
0:0:0:0:0:0:0:1 - - [15/Dec/2021:13:27:23 +0100] "GET /ws/cne/year/2020 HTTP/1.1" 500 14004
0:0:0:0:0:0:0:1 - - [15/Dec/2021:13:48:33 +0100] "GET /ws/cne/year/2020 HTTP/1.1" 200 74797320
0:0:0:0:0:0:0:1 - - [15/Dec/2021:13:50:25 +0100] "GET /ws/cne/projet/2020 HTTP/1.1" 500 5671
0:0:0:0:0:0:0:1 - - [15/Dec/2021:13:51:09 +0100] "GET /ws/projet/year/2020 HTTP/1.1" 500 13167
0:0:0:0:0:0:0:1 - - [15/Dec/2021:13:57:46 +0100] "GET /ws/projet/year/2020 HTTP/1.1" 500 13239
0:0:0:0:0:0:0:1 - - [15/Dec/2021:14:01:55 +0100] "GET /ws/cne/year/2020 HTTP/1.1" 200 74797320
0:0:0:0:0:0:0:1 - - [15/Dec/2021:14:03:30 +0100] "GET /ws/projet/year/2020 HTTP/1.1" 500 13239
0:0:0:0:0:0:0:1 - - [15/Dec/2021:14:03:31 +0100] "GET /ws/cne/year/2020 HTTP/1.1" 200 11578406
0:0:0:0:0:0:0:1 - - [15/Dec/2021:14:13:04 +0100] "GET /ws/projet/year/2020 HTTP/1.1" 200 5390449
0:0:0:0:0:0:0:1 - - [15/Dec/2021:14:54:20 +0100] "GET /ws/projet/year/2020 HTTP/1.1" 200 5390449
0:0:0:0:0:0:0:1 - - [15/Dec/2021:15:09:22 +0100] "GET /ws/cne/year/2020 HTTP/1.1" 200 74797320
